2026-04-10 13:51:09,558 INFO [header] ══════════════════════════════════════════════════
2026-04-10 13:51:09,558 INFO [header]   ☁ R2 업로드 시작 (변경된 파일만)
2026-04-10 13:51:09,558 INFO [header] ══════════════════════════════════════════════════
2026-04-10 13:51:09,767 INFO [info]   📂 finance_data: 469개 파일 확인 중...
2026-04-10 13:51:10,347 INFO [ok]   ✅ 업로드: finance_data/finance_BTC_2018.csv  (1,598 bytes)
2026-04-10 13:51:10,348 INFO uploaded finance_data/finance_BTC_2018.csv (1598 bytes)
2026-04-10 13:51:10,705 INFO [ok]   ✅ 업로드: finance_data/finance_BTC_2019.csv  (1,644 bytes)
2026-04-10 13:51:10,706 INFO uploaded finance_data/finance_BTC_2019.csv (1644 bytes)
2026-04-10 13:51:10,984 INFO [ok]   ✅ 업로드: finance_data/finance_BTC_2020.csv  (1,675 bytes)
2026-04-10 13:51:10,985 INFO uploaded finance_data/finance_BTC_2020.csv (1675 bytes)
2026-04-10 13:51:11,276 INFO [ok]   ✅ 업로드: finance_data/finance_BTC_2021.csv  (1,720 bytes)
2026-04-10 13:51:11,276 INFO uploaded finance_data/finance_BTC_2021.csv (1720 bytes)
2026-04-10 13:51:11,575 INFO [ok]   ✅ 업로드: finance_data/finance_BTC_2022.csv  (1,685 bytes)
2026-04-10 13:51:11,576 INFO uploaded finance_data/finance_BTC_2022.csv (1685 bytes)
2026-04-10 13:51:11,901 INFO [ok]   ✅ 업로드: finance_data/finance_BTC_2023.csv  (1,750 bytes)
2026-04-10 13:51:11,901 INFO uploaded finance_data/finance_BTC_2023.csv (1750 bytes)
2026-04-10 13:51:12,204 INFO [ok]   ✅ 업로드: finance_data/finance_BTC_2024.csv  (1,728 bytes)
2026-04-10 13:51:12,204 INFO uploaded finance_data/finance_BTC_2024.csv (1728 bytes)
2026-04-10 13:51:12,547 INFO [ok]   ✅ 업로드: finance_data/finance_BTC_2025.csv  (1,809 bytes)
2026-04-10 13:51:12,547 INFO uploaded finance_data/finance_BTC_2025.csv (1809 bytes)
2026-04-10 13:51:12,839 INFO [ok]   ✅ 업로드: finance_data/finance_BTC_2026.csv  (586 bytes)
2026-04-10 13:51:12,840 INFO uploaded finance_data/finance_BTC_2026.csv (586 bytes)
2026-04-10 13:51:13,145 INFO [ok]   ✅ 업로드: finance_data/finance_DOW_1992.csv  (1,656 bytes)
2026-04-10 13:51:13,145 INFO uploaded finance_data/finance_DOW_1992.csv (1656 bytes)
2026-04-10 13:51:13,451 INFO [ok]   ✅ 업로드: finance_data/finance_DOW_1993.csv  (1,642 bytes)
2026-04-10 13:51:13,451 INFO uploaded finance_data/finance_DOW_1993.csv (1642 bytes)
2026-04-10 13:51:13,827 INFO [ok]   ✅ 업로드: finance_data/finance_DOW_1994.csv  (1,631 bytes)
2026-04-10 13:51:13,827 INFO uploaded finance_data/finance_DOW_1994.csv (1631 bytes)
2026-04-10 13:51:14,168 INFO [ok]   ✅ 업로드: finance_data/finance_DOW_1995.csv  (1,666 bytes)
2026-04-10 13:51:14,168 INFO uploaded finance_data/finance_DOW_1995.csv (1666 bytes)
2026-04-10 13:51:14,471 INFO [ok]   ✅ 업로드: finance_data/finance_DOW_1996.csv  (1,674 bytes)
2026-04-10 13:51:14,472 INFO uploaded finance_data/finance_DOW_1996.csv (1674 bytes)
2026-04-10 13:51:14,831 INFO [ok]   ✅ 업로드: finance_data/finance_DOW_1997.csv  (1,658 bytes)
2026-04-10 13:51:14,833 INFO uploaded finance_data/finance_DOW_1997.csv (1658 bytes)
2026-04-10 13:51:15,143 INFO [ok]   ✅ 업로드: finance_data/finance_DOW_1998.csv  (1,741 bytes)
2026-04-10 13:51:15,144 INFO uploaded finance_data/finance_DOW_1998.csv (1741 bytes)
2026-04-10 13:51:15,449 INFO [ok]   ✅ 업로드: finance_data/finance_DOW_1999.csv  (1,773 bytes)
2026-04-10 13:51:15,450 INFO uploaded finance_data/finance_DOW_1999.csv (1773 bytes)
2026-04-10 13:51:15,757 INFO [ok]   ✅ 업로드: finance_data/finance_DOW_2000.csv  (1,776 bytes)
2026-04-10 13:51:15,758 INFO uploaded finance_data/finance_DOW_2000.csv (1776 bytes)
2026-04-10 13:51:16,099 INFO [ok]   ✅ 업로드: finance_data/finance_DOW_2001.csv  (1,762 bytes)
2026-04-10 13:51:16,100 INFO uploaded finance_data/finance_DOW_2001.csv (1762 bytes)
2026-04-10 13:51:16,393 INFO [ok]   ✅ 업로드: finance_data/finance_DOW_2002.csv  (1,726 bytes)
2026-04-10 13:51:16,393 INFO uploaded finance_data/finance_DOW_2002.csv (1726 bytes)
2026-04-10 13:51:16,745 INFO [ok]   ✅ 업로드: finance_data/finance_DOW_2003.csv  (1,720 bytes)
2026-04-10 13:51:16,751 INFO uploaded finance_data/finance_DOW_2003.csv (1720 bytes)
2026-04-10 13:51:17,072 INFO [ok]   ✅ 업로드: finance_data/finance_DOW_2004.csv  (1,815 bytes)
2026-04-10 13:51:17,074 INFO uploaded finance_data/finance_DOW_2004.csv (1815 bytes)
2026-04-10 13:51:17,407 INFO [ok]   ✅ 업로드: finance_data/finance_DOW_2005.csv  (1,783 bytes)
2026-04-10 13:51:17,408 INFO uploaded finance_data/finance_DOW_2005.csv (1783 bytes)
2026-04-10 13:51:17,735 INFO [ok]   ✅ 업로드: finance_data/finance_DOW_2006.csv  (1,789 bytes)
2026-04-10 13:51:17,740 INFO uploaded finance_data/finance_DOW_2006.csv (1789 bytes)
2026-04-10 13:51:18,038 INFO [ok]   ✅ 업로드: finance_data/finance_DOW_2007.csv  (1,791 bytes)
2026-04-10 13:51:18,043 INFO uploaded finance_data/finance_DOW_2007.csv (1791 bytes)
2026-04-10 13:51:18,348 INFO [ok]   ✅ 업로드: finance_data/finance_DOW_2008.csv  (1,773 bytes)
2026-04-10 13:51:18,349 INFO uploaded finance_data/finance_DOW_2008.csv (1773 bytes)
2026-04-10 13:51:18,665 INFO [ok]   ✅ 업로드: finance_data/finance_DOW_2009.csv  (1,776 bytes)
2026-04-10 13:51:18,666 INFO uploaded finance_data/finance_DOW_2009.csv (1776 bytes)
2026-04-10 13:51:18,994 INFO [ok]   ✅ 업로드: finance_data/finance_DOW_2010.csv  (1,795 bytes)
2026-04-10 13:51:18,995 INFO uploaded finance_data/finance_DOW_2010.csv (1795 bytes)
2026-04-10 13:51:19,333 INFO [ok]   ✅ 업로드: finance_data/finance_DOW_2011.csv  (1,782 bytes)
2026-04-10 13:51:19,335 INFO uploaded finance_data/finance_DOW_2011.csv (1782 bytes)
2026-04-10 13:51:19,623 INFO [ok]   ✅ 업로드: finance_data/finance_DOW_2012.csv  (1,791 bytes)
2026-04-10 13:51:19,624 INFO uploaded finance_data/finance_DOW_2012.csv (1791 bytes)
2026-04-10 13:51:19,991 INFO [ok]   ✅ 업로드: finance_data/finance_DOW_2013.csv  (1,784 bytes)
2026-04-10 13:51:19,991 INFO uploaded finance_data/finance_DOW_2013.csv (1784 bytes)
2026-04-10 13:51:20,306 INFO [ok]   ✅ 업로드: finance_data/finance_DOW_2014.csv  (1,791 bytes)
2026-04-10 13:51:20,306 INFO uploaded finance_data/finance_DOW_2014.csv (1791 bytes)
2026-04-10 13:51:20,598 INFO [ok]   ✅ 업로드: finance_data/finance_DOW_2015.csv  (1,829 bytes)
2026-04-10 13:51:20,598 INFO uploaded finance_data/finance_DOW_2015.csv (1829 bytes)
2026-04-10 13:51:21,044 INFO [ok]   ✅ 업로드: finance_data/finance_DOW_2016.csv  (1,791 bytes)
2026-04-10 13:51:21,046 INFO uploaded finance_data/finance_DOW_2016.csv (1791 bytes)
2026-04-10 13:51:21,433 INFO [ok]   ✅ 업로드: finance_data/finance_DOW_2017.csv  (1,793 bytes)
2026-04-10 13:51:21,434 INFO uploaded finance_data/finance_DOW_2017.csv (1793 bytes)
2026-04-10 13:51:21,722 INFO [ok]   ✅ 업로드: finance_data/finance_DOW_2018.csv  (1,794 bytes)
2026-04-10 13:51:21,724 INFO uploaded finance_data/finance_DOW_2018.csv (1794 bytes)
2026-04-10 13:51:22,017 INFO [ok]   ✅ 업로드: finance_data/finance_DOW_2019.csv  (1,790 bytes)
2026-04-10 13:51:22,017 INFO uploaded finance_data/finance_DOW_2019.csv (1790 bytes)
2026-04-10 13:51:22,344 INFO [ok]   ✅ 업로드: finance_data/finance_DOW_2020.csv  (1,831 bytes)
2026-04-10 13:51:22,347 INFO uploaded finance_data/finance_DOW_2020.csv (1831 bytes)
2026-04-10 13:51:22,666 INFO [ok]   ✅ 업로드: finance_data/finance_DOW_2021.csv  (1,792 bytes)
2026-04-10 13:51:22,668 INFO uploaded finance_data/finance_DOW_2021.csv (1792 bytes)
2026-04-10 13:51:22,978 INFO [ok]   ✅ 업로드: finance_data/finance_DOW_2022.csv  (1,793 bytes)
2026-04-10 13:51:22,981 INFO uploaded finance_data/finance_DOW_2022.csv (1793 bytes)
2026-04-10 13:51:23,278 INFO [ok]   ✅ 업로드: finance_data/finance_DOW_2023.csv  (1,791 bytes)
2026-04-10 13:51:23,280 INFO uploaded finance_data/finance_DOW_2023.csv (1791 bytes)
2026-04-10 13:51:23,573 INFO [ok]   ✅ 업로드: finance_data/finance_DOW_2024.csv  (1,792 bytes)
2026-04-10 13:51:23,575 INFO uploaded finance_data/finance_DOW_2024.csv (1792 bytes)
2026-04-10 13:51:23,867 INFO [ok]   ✅ 업로드: finance_data/finance_DOW_2025.csv  (1,792 bytes)
2026-04-10 13:51:23,869 INFO uploaded finance_data/finance_DOW_2025.csv (1792 bytes)
2026-04-10 13:51:24,201 INFO [ok]   ✅ 업로드: finance_data/finance_DOW_2026.csv  (607 bytes)
2026-04-10 13:51:24,204 INFO uploaded finance_data/finance_DOW_2026.csv (607 bytes)
2026-04-10 13:51:24,494 INFO [ok]   ✅ 업로드: finance_data/finance_ETH_2018.csv  (1,485 bytes)
2026-04-10 13:51:24,496 INFO uploaded finance_data/finance_ETH_2018.csv (1485 bytes)
2026-04-10 13:51:24,799 INFO [ok]   ✅ 업로드: finance_data/finance_ETH_2019.csv  (1,507 bytes)
2026-04-10 13:51:24,800 INFO uploaded finance_data/finance_ETH_2019.csv (1507 bytes)
2026-04-10 13:51:25,174 INFO [ok]   ✅ 업로드: finance_data/finance_ETH_2020.csv  (1,510 bytes)
2026-04-10 13:51:25,176 INFO uploaded finance_data/finance_ETH_2020.csv (1510 bytes)
2026-04-10 13:51:25,488 INFO [ok]   ✅ 업로드: finance_data/finance_ETH_2021.csv  (1,613 bytes)
2026-04-10 13:51:25,490 INFO uploaded finance_data/finance_ETH_2021.csv (1613 bytes)
2026-04-10 13:51:25,773 INFO [ok]   ✅ 업로드: finance_data/finance_ETH_2022.csv  (1,584 bytes)
2026-04-10 13:51:25,775 INFO uploaded finance_data/finance_ETH_2022.csv (1584 bytes)
2026-04-10 13:51:26,166 INFO [ok]   ✅ 업로드: finance_data/finance_ETH_2023.csv  (1,643 bytes)
2026-04-10 13:51:26,169 INFO uploaded finance_data/finance_ETH_2023.csv (1643 bytes)
2026-04-10 13:51:26,483 INFO [ok]   ✅ 업로드: finance_data/finance_ETH_2024.csv  (1,615 bytes)
2026-04-10 13:51:26,486 INFO uploaded finance_data/finance_ETH_2024.csv (1615 bytes)
2026-04-10 13:51:26,935 INFO [ok]   ✅ 업로드: finance_data/finance_ETH_2025.csv  (1,617 bytes)
2026-04-10 13:51:26,941 INFO uploaded finance_data/finance_ETH_2025.csv (1617 bytes)
2026-04-10 13:51:27,335 INFO [ok]   ✅ 업로드: finance_data/finance_ETH_2026.csv  (537 bytes)
2026-04-10 13:51:27,338 INFO uploaded finance_data/finance_ETH_2026.csv (537 bytes)
2026-04-10 13:51:27,647 INFO [ok]   ✅ 업로드: finance_data/finance_GOLD_2000.csv  (515 bytes)
2026-04-10 13:51:27,650 INFO uploaded finance_data/finance_GOLD_2000.csv (515 bytes)
2026-04-10 13:51:27,955 INFO [ok]   ✅ 업로드: finance_data/finance_GOLD_2001.csv  (1,433 bytes)
2026-04-10 13:51:27,957 INFO uploaded finance_data/finance_GOLD_2001.csv (1433 bytes)
2026-04-10 13:51:28,318 INFO [ok]   ✅ 업로드: finance_data/finance_GOLD_2002.csv  (1,433 bytes)
2026-04-10 13:51:28,320 INFO uploaded finance_data/finance_GOLD_2002.csv (1433 bytes)
2026-04-10 13:51:28,619 INFO [ok]   ✅ 업로드: finance_data/finance_GOLD_2003.csv  (1,460 bytes)
2026-04-10 13:51:28,621 INFO uploaded finance_data/finance_GOLD_2003.csv (1460 bytes)
2026-04-10 13:51:28,920 INFO [ok]   ✅ 업로드: finance_data/finance_GOLD_2004.csv  (1,433 bytes)
2026-04-10 13:51:28,920 INFO uploaded finance_data/finance_GOLD_2004.csv (1433 bytes)
2026-04-10 13:51:29,331 INFO [ok]   ✅ 업로드: finance_data/finance_GOLD_2005.csv  (1,433 bytes)
2026-04-10 13:51:29,334 INFO uploaded finance_data/finance_GOLD_2005.csv (1433 bytes)
2026-04-10 13:51:29,714 INFO [ok]   ✅ 업로드: finance_data/finance_GOLD_2006.csv  (1,433 bytes)
2026-04-10 13:51:29,714 INFO uploaded finance_data/finance_GOLD_2006.csv (1433 bytes)
2026-04-10 13:51:30,002 INFO [ok]   ✅ 업로드: finance_data/finance_GOLD_2007.csv  (1,433 bytes)
2026-04-10 13:51:30,002 INFO uploaded finance_data/finance_GOLD_2007.csv (1433 bytes)
2026-04-10 13:51:30,302 INFO [ok]   ✅ 업로드: finance_data/finance_GOLD_2008.csv  (1,444 bytes)
2026-04-10 13:51:30,304 INFO uploaded finance_data/finance_GOLD_2008.csv (1444 bytes)
2026-04-10 13:51:30,997 INFO [ok]   ✅ 업로드: finance_data/finance_GOLD_2009.csv  (1,530 bytes)
2026-04-10 13:51:31,000 INFO uploaded finance_data/finance_GOLD_2009.csv (1530 bytes)
2026-04-10 13:51:31,296 INFO [ok]   ✅ 업로드: finance_data/finance_GOLD_2010.csv  (1,537 bytes)
2026-04-10 13:51:31,299 INFO uploaded finance_data/finance_GOLD_2010.csv (1537 bytes)
2026-04-10 13:51:31,589 INFO [ok]   ✅ 업로드: finance_data/finance_GOLD_2011.csv  (1,537 bytes)
2026-04-10 13:51:31,592 INFO uploaded finance_data/finance_GOLD_2011.csv (1537 bytes)
2026-04-10 13:51:31,963 INFO [ok]   ✅ 업로드: finance_data/finance_GOLD_2012.csv  (1,537 bytes)
2026-04-10 13:51:31,967 INFO uploaded finance_data/finance_GOLD_2012.csv (1537 bytes)
2026-04-10 13:51:32,270 INFO [ok]   ✅ 업로드: finance_data/finance_GOLD_2013.csv  (1,537 bytes)
2026-04-10 13:51:32,271 INFO uploaded finance_data/finance_GOLD_2013.csv (1537 bytes)
2026-04-10 13:51:32,607 INFO [ok]   ✅ 업로드: finance_data/finance_GOLD_2014.csv  (1,537 bytes)
2026-04-10 13:51:32,610 INFO uploaded finance_data/finance_GOLD_2014.csv (1537 bytes)
2026-04-10 13:51:32,941 INFO [ok]   ✅ 업로드: finance_data/finance_GOLD_2015.csv  (1,566 bytes)
2026-04-10 13:51:32,944 INFO uploaded finance_data/finance_GOLD_2015.csv (1566 bytes)
2026-04-10 13:51:33,234 INFO [ok]   ✅ 업로드: finance_data/finance_GOLD_2016.csv  (1,537 bytes)
2026-04-10 13:51:33,234 INFO uploaded finance_data/finance_GOLD_2016.csv (1537 bytes)
2026-04-10 13:51:33,628 INFO [ok]   ✅ 업로드: finance_data/finance_GOLD_2017.csv  (1,537 bytes)
2026-04-10 13:51:33,631 INFO uploaded finance_data/finance_GOLD_2017.csv (1537 bytes)
2026-04-10 13:51:33,992 INFO [ok]   ✅ 업로드: finance_data/finance_GOLD_2018.csv  (1,537 bytes)
2026-04-10 13:51:33,992 INFO uploaded finance_data/finance_GOLD_2018.csv (1537 bytes)
2026-04-10 13:51:34,334 INFO [ok]   ✅ 업로드: finance_data/finance_GOLD_2019.csv  (1,537 bytes)
2026-04-10 13:51:34,334 INFO uploaded finance_data/finance_GOLD_2019.csv (1537 bytes)
2026-04-10 13:51:34,627 INFO [ok]   ✅ 업로드: finance_data/finance_GOLD_2020.csv  (1,566 bytes)
2026-04-10 13:51:34,629 INFO uploaded finance_data/finance_GOLD_2020.csv (1566 bytes)
2026-04-10 13:51:34,973 INFO [ok]   ✅ 업로드: finance_data/finance_GOLD_2021.csv  (1,537 bytes)
2026-04-10 13:51:34,976 INFO uploaded finance_data/finance_GOLD_2021.csv (1537 bytes)
2026-04-10 13:51:35,345 INFO [ok]   ✅ 업로드: finance_data/finance_GOLD_2022.csv  (1,537 bytes)
2026-04-10 13:51:35,347 INFO uploaded finance_data/finance_GOLD_2022.csv (1537 bytes)
2026-04-10 13:51:35,681 INFO [ok]   ✅ 업로드: finance_data/finance_GOLD_2023.csv  (1,543 bytes)
2026-04-10 13:51:35,683 INFO uploaded finance_data/finance_GOLD_2023.csv (1543 bytes)
2026-04-10 13:51:36,052 INFO [ok]   ✅ 업로드: finance_data/finance_GOLD_2024.csv  (1,588 bytes)
2026-04-10 13:51:36,055 INFO uploaded finance_data/finance_GOLD_2024.csv (1588 bytes)
2026-04-10 13:51:36,400 INFO [ok]   ✅ 업로드: finance_data/finance_GOLD_2025.csv  (1,600 bytes)
2026-04-10 13:51:36,403 INFO uploaded finance_data/finance_GOLD_2025.csv (1600 bytes)
2026-04-10 13:51:36,750 INFO [ok]   ✅ 업로드: finance_data/finance_GOLD_2026.csv  (552 bytes)
2026-04-10 13:51:36,753 INFO uploaded finance_data/finance_GOLD_2026.csv (552 bytes)
2026-04-10 13:51:37,057 INFO [ok]   ✅ 업로드: finance_data/finance_KOSPI_1996.csv  (107 bytes)
2026-04-10 13:51:37,060 INFO uploaded finance_data/finance_KOSPI_1996.csv (107 bytes)
2026-04-10 13:51:37,355 INFO [ok]   ✅ 업로드: finance_data/finance_KOSPI_1997.csv  (1,373 bytes)
2026-04-10 13:51:37,355 INFO uploaded finance_data/finance_KOSPI_1997.csv (1373 bytes)
2026-04-10 13:51:37,670 INFO [ok]   ✅ 업로드: finance_data/finance_KOSPI_1998.csv  (1,369 bytes)
2026-04-10 13:51:37,670 INFO uploaded finance_data/finance_KOSPI_1998.csv (1369 bytes)
2026-04-10 13:51:37,970 INFO [ok]   ✅ 업로드: finance_data/finance_KOSPI_1999.csv  (1,383 bytes)
2026-04-10 13:51:37,970 INFO uploaded finance_data/finance_KOSPI_1999.csv (1383 bytes)
2026-04-10 13:51:38,265 INFO [ok]   ✅ 업로드: finance_data/finance_KOSPI_2000.csv  (1,365 bytes)
2026-04-10 13:51:38,269 INFO uploaded finance_data/finance_KOSPI_2000.csv (1365 bytes)
2026-04-10 13:51:38,558 INFO [ok]   ✅ 업로드: finance_data/finance_KOSPI_2001.csv  (1,369 bytes)
2026-04-10 13:51:38,561 INFO uploaded finance_data/finance_KOSPI_2001.csv (1369 bytes)
2026-04-10 13:51:38,913 INFO [ok]   ✅ 업로드: finance_data/finance_KOSPI_2002.csv  (1,373 bytes)
2026-04-10 13:51:38,913 INFO uploaded finance_data/finance_KOSPI_2002.csv (1373 bytes)
2026-04-10 13:51:39,254 INFO [ok]   ✅ 업로드: finance_data/finance_KOSPI_2003.csv  (1,373 bytes)
2026-04-10 13:51:39,254 INFO uploaded finance_data/finance_KOSPI_2003.csv (1373 bytes)
2026-04-10 13:51:39,539 INFO [ok]   ✅ 업로드: finance_data/finance_KOSPI_2004.csv  (1,399 bytes)
2026-04-10 13:51:39,543 INFO uploaded finance_data/finance_KOSPI_2004.csv (1399 bytes)
2026-04-10 13:51:39,842 INFO [ok]   ✅ 업로드: finance_data/finance_KOSPI_2005.csv  (1,429 bytes)
2026-04-10 13:51:39,846 INFO uploaded finance_data/finance_KOSPI_2005.csv (1429 bytes)
2026-04-10 13:51:40,233 INFO [ok]   ✅ 업로드: finance_data/finance_KOSPI_2006.csv  (1,469 bytes)
2026-04-10 13:51:40,236 INFO uploaded finance_data/finance_KOSPI_2006.csv (1469 bytes)
2026-04-10 13:51:40,537 INFO [ok]   ✅ 업로드: finance_data/finance_KOSPI_2007.csv  (1,473 bytes)
2026-04-10 13:51:40,537 INFO uploaded finance_data/finance_KOSPI_2007.csv (1473 bytes)
2026-04-10 13:51:41,158 INFO [ok]   ✅ 업로드: finance_data/finance_KOSPI_2008.csv  (1,475 bytes)
2026-04-10 13:51:41,158 INFO uploaded finance_data/finance_KOSPI_2008.csv (1475 bytes)
2026-04-10 13:51:41,491 INFO [ok]   ✅ 업로드: finance_data/finance_KOSPI_2009.csv  (1,489 bytes)
2026-04-10 13:51:41,500 INFO uploaded finance_data/finance_KOSPI_2009.csv (1489 bytes)
2026-04-10 13:51:41,792 INFO [ok]   ✅ 업로드: finance_data/finance_KOSPI_2010.csv  (1,469 bytes)
2026-04-10 13:51:41,796 INFO uploaded finance_data/finance_KOSPI_2010.csv (1469 bytes)
2026-04-10 13:51:42,086 INFO [ok]   ✅ 업로드: finance_data/finance_KOSPI_2011.csv  (1,471 bytes)
2026-04-10 13:51:42,089 INFO uploaded finance_data/finance_KOSPI_2011.csv (1471 bytes)
2026-04-10 13:51:42,403 INFO [ok]   ✅ 업로드: finance_data/finance_KOSPI_2012.csv  (1,477 bytes)
2026-04-10 13:51:42,407 INFO uploaded finance_data/finance_KOSPI_2012.csv (1477 bytes)
2026-04-10 13:51:42,692 INFO [ok]   ✅ 업로드: finance_data/finance_KOSPI_2013.csv  (1,475 bytes)
2026-04-10 13:51:42,695 INFO uploaded finance_data/finance_KOSPI_2013.csv (1475 bytes)
2026-04-10 13:51:43,010 INFO [ok]   ✅ 업로드: finance_data/finance_KOSPI_2014.csv  (1,473 bytes)
2026-04-10 13:51:43,013 INFO uploaded finance_data/finance_KOSPI_2014.csv (1473 bytes)
2026-04-10 13:51:43,394 INFO [ok]   ✅ 업로드: finance_data/finance_KOSPI_2015.csv  (1,489 bytes)
2026-04-10 13:51:43,397 INFO uploaded finance_data/finance_KOSPI_2015.csv (1489 bytes)
2026-04-10 13:51:43,703 INFO [ok]   ✅ 업로드: finance_data/finance_KOSPI_2016.csv  (1,473 bytes)
2026-04-10 13:51:43,708 INFO uploaded finance_data/finance_KOSPI_2016.csv (1473 bytes)
2026-04-10 13:51:44,048 INFO [ok]   ✅ 업로드: finance_data/finance_KOSPI_2017.csv  (1,449 bytes)
2026-04-10 13:51:44,052 INFO uploaded finance_data/finance_KOSPI_2017.csv (1449 bytes)
2026-04-10 13:51:44,411 INFO [ok]   ✅ 업로드: finance_data/finance_KOSPI_2018.csv  (1,475 bytes)
2026-04-10 13:51:44,416 INFO uploaded finance_data/finance_KOSPI_2018.csv (1475 bytes)
2026-04-10 13:51:44,856 INFO [ok]   ✅ 업로드: finance_data/finance_KOSPI_2019.csv  (1,475 bytes)
2026-04-10 13:51:44,860 INFO uploaded finance_data/finance_KOSPI_2019.csv (1475 bytes)
2026-04-10 13:51:45,156 INFO [ok]   ✅ 업로드: finance_data/finance_KOSPI_2020.csv  (1,499 bytes)
2026-04-10 13:51:45,160 INFO uploaded finance_data/finance_KOSPI_2020.csv (1499 bytes)
2026-04-10 13:51:45,500 INFO [ok]   ✅ 업로드: finance_data/finance_KOSPI_2021.csv  (1,473 bytes)
2026-04-10 13:51:45,505 INFO uploaded finance_data/finance_KOSPI_2021.csv (1473 bytes)
2026-04-10 13:51:45,805 INFO [ok]   ✅ 업로드: finance_data/finance_KOSPI_2022.csv  (1,473 bytes)
2026-04-10 13:51:45,811 INFO uploaded finance_data/finance_KOSPI_2022.csv (1473 bytes)
2026-04-10 13:51:46,148 INFO [ok]   ✅ 업로드: finance_data/finance_KOSPI_2023.csv  (1,471 bytes)
2026-04-10 13:51:46,152 INFO uploaded finance_data/finance_KOSPI_2023.csv (1471 bytes)
2026-04-10 13:51:46,497 INFO [ok]   ✅ 업로드: finance_data/finance_KOSPI_2024.csv  (1,477 bytes)
2026-04-10 13:51:46,497 INFO uploaded finance_data/finance_KOSPI_2024.csv (1477 bytes)
2026-04-10 13:51:46,966 INFO [ok]   ✅ 업로드: finance_data/finance_KOSPI_2025.csv  (1,477 bytes)
2026-04-10 13:51:46,966 INFO uploaded finance_data/finance_KOSPI_2025.csv (1477 bytes)
2026-04-10 13:51:47,410 INFO [ok]   ✅ 업로드: finance_data/finance_KOSPI_2026.csv  (501 bytes)
2026-04-10 13:51:47,410 INFO uploaded finance_data/finance_KOSPI_2026.csv (501 bytes)
2026-04-10 13:51:47,758 INFO [ok]   ✅ 업로드: finance_data/finance_KR_RATE_1999.csv  (799 bytes)
2026-04-10 13:51:47,763 INFO uploaded finance_data/finance_KR_RATE_1999.csv (799 bytes)
2026-04-10 13:51:48,134 INFO [ok]   ✅ 업로드: finance_data/finance_KR_RATE_2000.csv  (1,127 bytes)
2026-04-10 13:51:48,135 INFO uploaded finance_data/finance_KR_RATE_2000.csv (1127 bytes)
2026-04-10 13:51:48,450 INFO [ok]   ✅ 업로드: finance_data/finance_KR_RATE_2001.csv  (1,087 bytes)
2026-04-10 13:51:48,455 INFO uploaded finance_data/finance_KR_RATE_2001.csv (1087 bytes)
2026-04-10 13:51:48,820 INFO [ok]   ✅ 업로드: finance_data/finance_KR_RATE_2002.csv  (1,139 bytes)
2026-04-10 13:51:48,820 INFO uploaded finance_data/finance_KR_RATE_2002.csv (1139 bytes)
2026-04-10 13:51:49,161 INFO [ok]   ✅ 업로드: finance_data/finance_KR_RATE_2003.csv  (1,155 bytes)
2026-04-10 13:51:49,165 INFO uploaded finance_data/finance_KR_RATE_2003.csv (1155 bytes)
2026-04-10 13:51:49,466 INFO [ok]   ✅ 업로드: finance_data/finance_KR_RATE_2004.csv  (1,145 bytes)
2026-04-10 13:51:49,472 INFO uploaded finance_data/finance_KR_RATE_2004.csv (1145 bytes)
2026-04-10 13:51:49,795 INFO [ok]   ✅ 업로드: finance_data/finance_KR_RATE_2005.csv  (1,155 bytes)
2026-04-10 13:51:49,800 INFO uploaded finance_data/finance_KR_RATE_2005.csv (1155 bytes)
2026-04-10 13:51:50,157 INFO [ok]   ✅ 업로드: finance_data/finance_KR_RATE_2006.csv  (1,117 bytes)
2026-04-10 13:51:50,161 INFO uploaded finance_data/finance_KR_RATE_2006.csv (1117 bytes)
2026-04-10 13:51:50,502 INFO [ok]   ✅ 업로드: finance_data/finance_KR_RATE_2007.csv  (1,079 bytes)
2026-04-10 13:51:50,506 INFO uploaded finance_data/finance_KR_RATE_2007.csv (1079 bytes)
2026-04-10 13:51:50,857 INFO [ok]   ✅ 업로드: finance_data/finance_KR_RATE_2008.csv  (1,095 bytes)
2026-04-10 13:51:50,861 INFO uploaded finance_data/finance_KR_RATE_2008.csv (1095 bytes)
2026-04-10 13:51:51,229 INFO [ok]   ✅ 업로드: finance_data/finance_KR_RATE_2009.csv  (1,069 bytes)
2026-04-10 13:51:51,233 INFO uploaded finance_data/finance_KR_RATE_2009.csv (1069 bytes)
2026-04-10 13:51:51,540 INFO [ok]   ✅ 업로드: finance_data/finance_KR_RATE_2010.csv  (1,105 bytes)
2026-04-10 13:51:51,544 INFO uploaded finance_data/finance_KR_RATE_2010.csv (1105 bytes)
2026-04-10 13:51:51,882 INFO [ok]   ✅ 업로드: finance_data/finance_KR_RATE_2011.csv  (1,147 bytes)
2026-04-10 13:51:51,886 INFO uploaded finance_data/finance_KR_RATE_2011.csv (1147 bytes)
2026-04-10 13:51:52,256 INFO [ok]   ✅ 업로드: finance_data/finance_KR_RATE_2012.csv  (1,167 bytes)
2026-04-10 13:51:52,256 INFO uploaded finance_data/finance_KR_RATE_2012.csv (1167 bytes)
2026-04-10 13:51:52,555 INFO [ok]   ✅ 업로드: finance_data/finance_KR_RATE_2013.csv  (1,103 bytes)
2026-04-10 13:51:52,560 INFO uploaded finance_data/finance_KR_RATE_2013.csv (1103 bytes)
2026-04-10 13:51:52,855 INFO [ok]   ✅ 업로드: finance_data/finance_KR_RATE_2014.csv  (1,087 bytes)
2026-04-10 13:51:52,860 INFO uploaded finance_data/finance_KR_RATE_2014.csv (1087 bytes)
2026-04-10 13:51:53,163 INFO [ok]   ✅ 업로드: finance_data/finance_KR_RATE_2015.csv  (1,097 bytes)
2026-04-10 13:51:53,169 INFO uploaded finance_data/finance_KR_RATE_2015.csv (1097 bytes)
2026-04-10 13:51:53,460 INFO [ok]   ✅ 업로드: finance_data/finance_KR_RATE_2016.csv  (1,129 bytes)
2026-04-10 13:51:53,465 INFO uploaded finance_data/finance_KR_RATE_2016.csv (1129 bytes)
2026-04-10 13:51:53,768 INFO [ok]   ✅ 업로드: finance_data/finance_KR_RATE_2017.csv  (1,177 bytes)
2026-04-10 13:51:53,772 INFO uploaded finance_data/finance_KR_RATE_2017.csv (1177 bytes)
2026-04-10 13:51:54,068 INFO [ok]   ✅ 업로드: finance_data/finance_KR_RATE_2018.csv  (1,087 bytes)
2026-04-10 13:51:54,072 INFO uploaded finance_data/finance_KR_RATE_2018.csv (1087 bytes)
2026-04-10 13:51:54,357 INFO [ok]   ✅ 업로드: finance_data/finance_KR_RATE_2019.csv  (1,147 bytes)
2026-04-10 13:51:54,361 INFO uploaded finance_data/finance_KR_RATE_2019.csv (1147 bytes)
2026-04-10 13:51:54,742 INFO [ok]   ✅ 업로드: finance_data/finance_KR_RATE_2020.csv  (1,103 bytes)
2026-04-10 13:51:54,747 INFO uploaded finance_data/finance_KR_RATE_2020.csv (1103 bytes)
2026-04-10 13:51:55,109 INFO [ok]   ✅ 업로드: finance_data/finance_KR_RATE_2021.csv  (1,097 bytes)
2026-04-10 13:51:55,113 INFO uploaded finance_data/finance_KR_RATE_2021.csv (1097 bytes)
2026-04-10 13:51:55,467 INFO [ok]   ✅ 업로드: finance_data/finance_KR_RATE_2022.csv  (1,139 bytes)
2026-04-10 13:51:55,472 INFO uploaded finance_data/finance_KR_RATE_2022.csv (1139 bytes)
2026-04-10 13:51:55,785 INFO [ok]   ✅ 업로드: finance_data/finance_KR_RATE_2023.csv  (1,089 bytes)
2026-04-10 13:51:55,787 INFO uploaded finance_data/finance_KR_RATE_2023.csv (1089 bytes)
2026-04-10 13:51:56,103 INFO [ok]   ✅ 업로드: finance_data/finance_KR_RATE_2024.csv  (1,077 bytes)
2026-04-10 13:51:56,108 INFO uploaded finance_data/finance_KR_RATE_2024.csv (1077 bytes)
2026-04-10 13:51:56,424 INFO [ok]   ✅ 업로드: finance_data/finance_KR_RATE_2025.csv  (1,095 bytes)
2026-04-10 13:51:56,424 INFO uploaded finance_data/finance_KR_RATE_2025.csv (1095 bytes)
2026-04-10 13:51:56,800 INFO [ok]   ✅ 업로드: finance_data/finance_KR_RATE_2026.csv  (349 bytes)
2026-04-10 13:51:56,805 INFO uploaded finance_data/finance_KR_RATE_2026.csv (349 bytes)
2026-04-10 13:51:57,108 INFO [ok]   ✅ 업로드: finance_data/finance_KTB5Y_2000.csv  (1,171 bytes)
2026-04-10 13:51:57,112 INFO uploaded finance_data/finance_KTB5Y_2000.csv (1171 bytes)
2026-04-10 13:51:57,526 INFO [ok]   ✅ 업로드: finance_data/finance_KTB5Y_2001.csv  (1,159 bytes)
2026-04-10 13:51:57,526 INFO uploaded finance_data/finance_KTB5Y_2001.csv (1159 bytes)
2026-04-10 13:51:57,875 INFO [ok]   ✅ 업로드: finance_data/finance_KTB5Y_2002.csv  (1,161 bytes)
2026-04-10 13:51:57,875 INFO uploaded finance_data/finance_KTB5Y_2002.csv (1161 bytes)
2026-04-10 13:51:58,271 INFO [ok]   ✅ 업로드: finance_data/finance_KTB5Y_2003.csv  (1,149 bytes)
2026-04-10 13:51:58,276 INFO uploaded finance_data/finance_KTB5Y_2003.csv (1149 bytes)
2026-04-10 13:51:58,881 INFO [ok]   ✅ 업로드: finance_data/finance_KTB5Y_2004.csv  (1,179 bytes)
2026-04-10 13:51:58,886 INFO uploaded finance_data/finance_KTB5Y_2004.csv (1179 bytes)
2026-04-10 13:51:59,207 INFO [ok]   ✅ 업로드: finance_data/finance_KTB5Y_2005.csv  (1,159 bytes)
2026-04-10 13:51:59,212 INFO uploaded finance_data/finance_KTB5Y_2005.csv (1159 bytes)
2026-04-10 13:51:59,534 INFO [ok]   ✅ 업로드: finance_data/finance_KTB5Y_2006.csv  (1,163 bytes)
2026-04-10 13:51:59,538 INFO uploaded finance_data/finance_KTB5Y_2006.csv (1163 bytes)
2026-04-10 13:51:59,866 INFO [ok]   ✅ 업로드: finance_data/finance_KTB5Y_2007.csv  (1,157 bytes)
2026-04-10 13:51:59,866 INFO uploaded finance_data/finance_KTB5Y_2007.csv (1157 bytes)
2026-04-10 13:52:00,228 INFO [ok]   ✅ 업로드: finance_data/finance_KTB5Y_2008.csv  (1,157 bytes)
2026-04-10 13:52:00,234 INFO uploaded finance_data/finance_KTB5Y_2008.csv (1157 bytes)
2026-04-10 13:52:00,547 INFO [ok]   ✅ 업로드: finance_data/finance_KTB5Y_2009.csv  (1,181 bytes)
2026-04-10 13:52:00,552 INFO uploaded finance_data/finance_KTB5Y_2009.csv (1181 bytes)
2026-04-10 13:52:00,852 INFO [ok]   ✅ 업로드: finance_data/finance_KTB5Y_2010.csv  (1,165 bytes)
2026-04-10 13:52:00,858 INFO uploaded finance_data/finance_KTB5Y_2010.csv (1165 bytes)
2026-04-10 13:52:01,259 INFO [ok]   ✅ 업로드: finance_data/finance_KTB5Y_2011.csv  (1,165 bytes)
2026-04-10 13:52:01,265 INFO uploaded finance_data/finance_KTB5Y_2011.csv (1165 bytes)
2026-04-10 13:52:01,558 INFO [ok]   ✅ 업로드: finance_data/finance_KTB5Y_2012.csv  (1,155 bytes)
2026-04-10 13:52:01,563 INFO uploaded finance_data/finance_KTB5Y_2012.csv (1155 bytes)
2026-04-10 13:52:01,857 INFO [ok]   ✅ 업로드: finance_data/finance_KTB5Y_2013.csv  (1,179 bytes)
2026-04-10 13:52:01,862 INFO uploaded finance_data/finance_KTB5Y_2013.csv (1179 bytes)
2026-04-10 13:52:02,235 INFO [ok]   ✅ 업로드: finance_data/finance_KTB5Y_2014.csv  (1,259 bytes)
2026-04-10 13:52:02,235 INFO uploaded finance_data/finance_KTB5Y_2014.csv (1259 bytes)
2026-04-10 13:52:02,558 INFO [ok]   ✅ 업로드: finance_data/finance_KTB5Y_2015.csv  (1,287 bytes)
2026-04-10 13:52:02,562 INFO uploaded finance_data/finance_KTB5Y_2015.csv (1287 bytes)
2026-04-10 13:52:02,904 INFO [ok]   ✅ 업로드: finance_data/finance_KTB5Y_2016.csv  (1,251 bytes)
2026-04-10 13:52:02,905 INFO uploaded finance_data/finance_KTB5Y_2016.csv (1251 bytes)
2026-04-10 13:52:03,227 INFO [ok]   ✅ 업로드: finance_data/finance_KTB5Y_2017.csv  (1,235 bytes)
2026-04-10 13:52:03,227 INFO uploaded finance_data/finance_KTB5Y_2017.csv (1235 bytes)
2026-04-10 13:52:03,567 INFO [ok]   ✅ 업로드: finance_data/finance_KTB5Y_2018.csv  (1,269 bytes)
2026-04-10 13:52:03,574 INFO uploaded finance_data/finance_KTB5Y_2018.csv (1269 bytes)
2026-04-10 13:52:03,872 INFO [ok]   ✅ 업로드: finance_data/finance_KTB5Y_2019.csv  (1,263 bytes)
2026-04-10 13:52:03,878 INFO uploaded finance_data/finance_KTB5Y_2019.csv (1263 bytes)
2026-04-10 13:52:04,187 INFO [ok]   ✅ 업로드: finance_data/finance_KTB5Y_2020.csv  (1,297 bytes)
2026-04-10 13:52:04,195 INFO uploaded finance_data/finance_KTB5Y_2020.csv (1297 bytes)
2026-04-10 13:52:04,536 INFO [ok]   ✅ 업로드: finance_data/finance_KTB5Y_2021.csv  (1,261 bytes)
2026-04-10 13:52:04,536 INFO uploaded finance_data/finance_KTB5Y_2021.csv (1261 bytes)
2026-04-10 13:52:05,189 INFO [ok]   ✅ 업로드: finance_data/finance_KTB5Y_2022.csv  (1,265 bytes)
2026-04-10 13:52:05,195 INFO uploaded finance_data/finance_KTB5Y_2022.csv (1265 bytes)
2026-04-10 13:52:05,506 INFO [ok]   ✅ 업로드: finance_data/finance_KTB5Y_2023.csv  (1,269 bytes)
2026-04-10 13:52:05,512 INFO uploaded finance_data/finance_KTB5Y_2023.csv (1269 bytes)
2026-04-10 13:52:05,859 INFO [ok]   ✅ 업로드: finance_data/finance_KTB5Y_2024.csv  (1,269 bytes)
2026-04-10 13:52:05,864 INFO uploaded finance_data/finance_KTB5Y_2024.csv (1269 bytes)
2026-04-10 13:52:06,183 INFO [ok]   ✅ 업로드: finance_data/finance_KTB5Y_2025.csv  (1,259 bytes)
2026-04-10 13:52:06,189 INFO uploaded finance_data/finance_KTB5Y_2025.csv (1259 bytes)
2026-04-10 13:52:06,506 INFO [ok]   ✅ 업로드: finance_data/finance_KTB5Y_2026.csv  (407 bytes)
2026-04-10 13:52:06,506 INFO uploaded finance_data/finance_KTB5Y_2026.csv (407 bytes)
2026-04-10 13:52:06,815 INFO [ok]   ✅ 업로드: finance_data/finance_NASDAQ_1971.csv  (1,314 bytes)
2026-04-10 13:52:06,815 INFO uploaded finance_data/finance_NASDAQ_1971.csv (1314 bytes)
2026-04-10 13:52:07,242 INFO [ok]   ✅ 업로드: finance_data/finance_NASDAQ_1972.csv  (1,428 bytes)
2026-04-10 13:52:07,242 INFO uploaded finance_data/finance_NASDAQ_1972.csv (1428 bytes)
2026-04-10 13:52:07,539 INFO [ok]   ✅ 업로드: finance_data/finance_NASDAQ_1973.csv  (1,419 bytes)
2026-04-10 13:52:07,539 INFO uploaded finance_data/finance_NASDAQ_1973.csv (1419 bytes)
2026-04-10 13:52:07,875 INFO [ok]   ✅ 업로드: finance_data/finance_NASDAQ_1974.csv  (1,371 bytes)
2026-04-10 13:52:07,880 INFO uploaded finance_data/finance_NASDAQ_1974.csv (1371 bytes)
2026-04-10 13:52:08,204 INFO [ok]   ✅ 업로드: finance_data/finance_NASDAQ_1975.csv  (1,371 bytes)
2026-04-10 13:52:08,204 INFO uploaded finance_data/finance_NASDAQ_1975.csv (1371 bytes)
2026-04-10 13:52:08,507 INFO [ok]   ✅ 업로드: finance_data/finance_NASDAQ_1976.csv  (1,402 bytes)
2026-04-10 13:52:08,513 INFO uploaded finance_data/finance_NASDAQ_1976.csv (1402 bytes)
2026-04-10 13:52:08,795 INFO [ok]   ✅ 업로드: finance_data/finance_NASDAQ_1977.csv  (1,394 bytes)
2026-04-10 13:52:08,803 INFO uploaded finance_data/finance_NASDAQ_1977.csv (1394 bytes)
2026-04-10 13:52:09,098 INFO [ok]   ✅ 업로드: finance_data/finance_NASDAQ_1978.csv  (1,424 bytes)
2026-04-10 13:52:09,104 INFO uploaded finance_data/finance_NASDAQ_1978.csv (1424 bytes)
2026-04-10 13:52:09,394 INFO [ok]   ✅ 업로드: finance_data/finance_NASDAQ_1979.csv  (1,432 bytes)
2026-04-10 13:52:09,401 INFO uploaded finance_data/finance_NASDAQ_1979.csv (1432 bytes)
2026-04-10 13:52:09,860 INFO [ok]   ✅ 업로드: finance_data/finance_NASDAQ_1980.csv  (1,453 bytes)
2026-04-10 13:52:09,860 INFO uploaded finance_data/finance_NASDAQ_1980.csv (1453 bytes)
2026-04-10 13:52:10,153 INFO [ok]   ✅ 업로드: finance_data/finance_NASDAQ_1981.csv  (1,508 bytes)
2026-04-10 13:52:10,159 INFO uploaded finance_data/finance_NASDAQ_1981.csv (1508 bytes)
2026-04-10 13:52:10,505 INFO [ok]   ✅ 업로드: finance_data/finance_NASDAQ_1982.csv  (1,479 bytes)
2026-04-10 13:52:10,505 INFO uploaded finance_data/finance_NASDAQ_1982.csv (1479 bytes)
2026-04-10 13:52:10,834 INFO [ok]   ✅ 업로드: finance_data/finance_NASDAQ_1983.csv  (1,478 bytes)
2026-04-10 13:52:10,842 INFO uploaded finance_data/finance_NASDAQ_1983.csv (1478 bytes)
2026-04-10 13:52:11,145 INFO [ok]   ✅ 업로드: finance_data/finance_NASDAQ_1984.csv  (1,468 bytes)
2026-04-10 13:52:11,145 INFO uploaded finance_data/finance_NASDAQ_1984.csv (1468 bytes)
2026-04-10 13:52:11,434 INFO [ok]   ✅ 업로드: finance_data/finance_NASDAQ_1985.csv  (1,433 bytes)
2026-04-10 13:52:11,435 INFO uploaded finance_data/finance_NASDAQ_1985.csv (1433 bytes)
2026-04-10 13:52:11,743 INFO [ok]   ✅ 업로드: finance_data/finance_NASDAQ_1986.csv  (1,434 bytes)
2026-04-10 13:52:11,748 INFO uploaded finance_data/finance_NASDAQ_1986.csv (1434 bytes)
2026-04-10 13:52:12,041 INFO [ok]   ✅ 업로드: finance_data/finance_NASDAQ_1987.csv  (1,460 bytes)
2026-04-10 13:52:12,048 INFO uploaded finance_data/finance_NASDAQ_1987.csv (1460 bytes)
2026-04-10 13:52:12,428 INFO [ok]   ✅ 업로드: finance_data/finance_NASDAQ_1988.csv  (1,433 bytes)
2026-04-10 13:52:12,428 INFO uploaded finance_data/finance_NASDAQ_1988.csv (1433 bytes)
2026-04-10 13:52:12,737 INFO [ok]   ✅ 업로드: finance_data/finance_NASDAQ_1989.csv  (1,433 bytes)
2026-04-10 13:52:12,743 INFO uploaded finance_data/finance_NASDAQ_1989.csv (1433 bytes)
2026-04-10 13:52:13,054 INFO [ok]   ✅ 업로드: finance_data/finance_NASDAQ_1990.csv  (1,433 bytes)
2026-04-10 13:52:13,061 INFO uploaded finance_data/finance_NASDAQ_1990.csv (1433 bytes)
2026-04-10 13:52:13,371 INFO [ok]   ✅ 업로드: finance_data/finance_NASDAQ_1991.csv  (1,469 bytes)
2026-04-10 13:52:13,371 INFO uploaded finance_data/finance_NASDAQ_1991.csv (1469 bytes)
2026-04-10 13:52:13,671 INFO [ok]   ✅ 업로드: finance_data/finance_NASDAQ_1992.csv  (1,504 bytes)
2026-04-10 13:52:13,677 INFO uploaded finance_data/finance_NASDAQ_1992.csv (1504 bytes)
2026-04-10 13:52:13,970 INFO [ok]   ✅ 업로드: finance_data/finance_NASDAQ_1993.csv  (1,482 bytes)
2026-04-10 13:52:13,970 INFO uploaded finance_data/finance_NASDAQ_1993.csv (1482 bytes)
2026-04-10 13:52:14,315 INFO [ok]   ✅ 업로드: finance_data/finance_NASDAQ_1994.csv  (1,483 bytes)
2026-04-10 13:52:14,321 INFO uploaded finance_data/finance_NASDAQ_1994.csv (1483 bytes)
2026-04-10 13:52:14,686 INFO [ok]   ✅ 업로드: finance_data/finance_NASDAQ_1995.csv  (1,508 bytes)
2026-04-10 13:52:14,692 INFO uploaded finance_data/finance_NASDAQ_1995.csv (1508 bytes)
2026-04-10 13:52:15,003 INFO [ok]   ✅ 업로드: finance_data/finance_NASDAQ_1996.csv  (1,564 bytes)
2026-04-10 13:52:15,009 INFO uploaded finance_data/finance_NASDAQ_1996.csv (1564 bytes)
2026-04-10 13:52:15,302 INFO [ok]   ✅ 업로드: finance_data/finance_NASDAQ_1997.csv  (1,599 bytes)
2026-04-10 13:52:15,314 INFO uploaded finance_data/finance_NASDAQ_1997.csv (1599 bytes)
2026-04-10 13:52:15,630 INFO [ok]   ✅ 업로드: finance_data/finance_NASDAQ_1998.csv  (1,633 bytes)
2026-04-10 13:52:15,636 INFO uploaded finance_data/finance_NASDAQ_1998.csv (1633 bytes)
2026-04-10 13:52:15,972 INFO [ok]   ✅ 업로드: finance_data/finance_NASDAQ_1999.csv  (1,662 bytes)
2026-04-10 13:52:15,979 INFO uploaded finance_data/finance_NASDAQ_1999.csv (1662 bytes)
2026-04-10 13:52:16,264 INFO [ok]   ✅ 업로드: finance_data/finance_NASDAQ_2000.csv  (1,656 bytes)
2026-04-10 13:52:16,272 INFO uploaded finance_data/finance_NASDAQ_2000.csv (1656 bytes)
2026-04-10 13:52:16,624 INFO [ok]   ✅ 업로드: finance_data/finance_NASDAQ_2001.csv  (1,616 bytes)
2026-04-10 13:52:16,631 INFO uploaded finance_data/finance_NASDAQ_2001.csv (1616 bytes)
2026-04-10 13:52:16,920 INFO [ok]   ✅ 업로드: finance_data/finance_NASDAQ_2002.csv  (1,589 bytes)
2026-04-10 13:52:16,920 INFO uploaded finance_data/finance_NASDAQ_2002.csv (1589 bytes)
2026-04-10 13:52:17,217 INFO [ok]   ✅ 업로드: finance_data/finance_NASDAQ_2003.csv  (1,597 bytes)
2026-04-10 13:52:17,225 INFO uploaded finance_data/finance_NASDAQ_2003.csv (1597 bytes)
2026-04-10 13:52:17,559 INFO [ok]   ✅ 업로드: finance_data/finance_NASDAQ_2004.csv  (1,648 bytes)
2026-04-10 13:52:17,568 INFO uploaded finance_data/finance_NASDAQ_2004.csv (1648 bytes)
2026-04-10 13:52:17,874 INFO [ok]   ✅ 업로드: finance_data/finance_NASDAQ_2005.csv  (1,647 bytes)
2026-04-10 13:52:17,880 INFO uploaded finance_data/finance_NASDAQ_2005.csv (1647 bytes)
2026-04-10 13:52:18,179 INFO [ok]   ✅ 업로드: finance_data/finance_NASDAQ_2006.csv  (1,636 bytes)
2026-04-10 13:52:18,186 INFO uploaded finance_data/finance_NASDAQ_2006.csv (1636 bytes)
2026-04-10 13:52:18,515 INFO [ok]   ✅ 업로드: finance_data/finance_NASDAQ_2007.csv  (1,641 bytes)
2026-04-10 13:52:18,515 INFO uploaded finance_data/finance_NASDAQ_2007.csv (1641 bytes)
2026-04-10 13:52:18,907 INFO [ok]   ✅ 업로드: finance_data/finance_NASDAQ_2008.csv  (1,631 bytes)
2026-04-10 13:52:18,916 INFO uploaded finance_data/finance_NASDAQ_2008.csv (1631 bytes)
2026-04-10 13:52:19,232 INFO [ok]   ✅ 업로드: finance_data/finance_NASDAQ_2009.csv  (1,637 bytes)
2026-04-10 13:52:19,239 INFO uploaded finance_data/finance_NASDAQ_2009.csv (1637 bytes)
2026-04-10 13:52:19,575 INFO [ok]   ✅ 업로드: finance_data/finance_NASDAQ_2010.csv  (1,635 bytes)
2026-04-10 13:52:19,585 INFO uploaded finance_data/finance_NASDAQ_2010.csv (1635 bytes)
2026-04-10 13:52:19,878 INFO [ok]   ✅ 업로드: finance_data/finance_NASDAQ_2011.csv  (1,651 bytes)
2026-04-10 13:52:19,886 INFO uploaded finance_data/finance_NASDAQ_2011.csv (1651 bytes)
2026-04-10 13:52:20,199 INFO [ok]   ✅ 업로드: finance_data/finance_NASDAQ_2012.csv  (1,638 bytes)
2026-04-10 13:52:20,206 INFO uploaded finance_data/finance_NASDAQ_2012.csv (1638 bytes)
2026-04-10 13:52:20,509 INFO [ok]   ✅ 업로드: finance_data/finance_NASDAQ_2013.csv  (1,646 bytes)
2026-04-10 13:52:20,517 INFO uploaded finance_data/finance_NASDAQ_2013.csv (1646 bytes)
2026-04-10 13:52:20,837 INFO [ok]   ✅ 업로드: finance_data/finance_NASDAQ_2014.csv  (1,675 bytes)
2026-04-10 13:52:20,845 INFO uploaded finance_data/finance_NASDAQ_2014.csv (1675 bytes)
2026-04-10 13:52:21,169 INFO [ok]   ✅ 업로드: finance_data/finance_NASDAQ_2015.csv  (1,699 bytes)
2026-04-10 13:52:21,176 INFO uploaded finance_data/finance_NASDAQ_2015.csv (1699 bytes)
2026-04-10 13:52:21,483 INFO [ok]   ✅ 업로드: finance_data/finance_NASDAQ_2016.csv  (1,669 bytes)
2026-04-10 13:52:21,484 INFO uploaded finance_data/finance_NASDAQ_2016.csv (1669 bytes)
2026-04-10 13:52:21,811 INFO [ok]   ✅ 업로드: finance_data/finance_NASDAQ_2017.csv  (1,670 bytes)
2026-04-10 13:52:21,818 INFO uploaded finance_data/finance_NASDAQ_2017.csv (1670 bytes)
2026-04-10 13:52:22,134 INFO [ok]   ✅ 업로드: finance_data/finance_NASDAQ_2018.csv  (1,669 bytes)
2026-04-10 13:52:22,141 INFO uploaded finance_data/finance_NASDAQ_2018.csv (1669 bytes)
2026-04-10 13:52:22,755 INFO [ok]   ✅ 업로드: finance_data/finance_NASDAQ_2019.csv  (1,674 bytes)
2026-04-10 13:52:22,763 INFO uploaded finance_data/finance_NASDAQ_2019.csv (1674 bytes)
2026-04-10 13:52:23,197 INFO [ok]   ✅ 업로드: finance_data/finance_NASDAQ_2020.csv  (1,797 bytes)
2026-04-10 13:52:23,203 INFO uploaded finance_data/finance_NASDAQ_2020.csv (1797 bytes)
2026-04-10 13:52:23,527 INFO [ok]   ✅ 업로드: finance_data/finance_NASDAQ_2021.csv  (1,785 bytes)
2026-04-10 13:52:23,534 INFO uploaded finance_data/finance_NASDAQ_2021.csv (1785 bytes)
2026-04-10 13:52:23,863 INFO [ok]   ✅ 업로드: finance_data/finance_NASDAQ_2022.csv  (1,777 bytes)
2026-04-10 13:52:23,872 INFO uploaded finance_data/finance_NASDAQ_2022.csv (1777 bytes)
2026-04-10 13:52:24,243 INFO [ok]   ✅ 업로드: finance_data/finance_NASDAQ_2023.csv  (1,787 bytes)
2026-04-10 13:52:24,250 INFO uploaded finance_data/finance_NASDAQ_2023.csv (1787 bytes)
2026-04-10 13:52:24,723 INFO [ok]   ✅ 업로드: finance_data/finance_NASDAQ_2024.csv  (1,795 bytes)
2026-04-10 13:52:24,723 INFO uploaded finance_data/finance_NASDAQ_2024.csv (1795 bytes)
2026-04-10 13:52:25,032 INFO [ok]   ✅ 업로드: finance_data/finance_NASDAQ_2025.csv  (1,795 bytes)
2026-04-10 13:52:25,039 INFO uploaded finance_data/finance_NASDAQ_2025.csv (1795 bytes)
2026-04-10 13:52:25,437 INFO [ok]   ✅ 업로드: finance_data/finance_NASDAQ_2026.csv  (606 bytes)
2026-04-10 13:52:25,445 INFO uploaded finance_data/finance_NASDAQ_2026.csv (606 bytes)
2026-04-10 13:52:25,740 INFO [ok]   ✅ 업로드: finance_data/finance_SP500_1927.csv  (55 bytes)
2026-04-10 13:52:25,741 INFO uploaded finance_data/finance_SP500_1927.csv (55 bytes)
2026-04-10 13:52:26,043 INFO [ok]   ✅ 업로드: finance_data/finance_SP500_1928.csv  (1,377 bytes)
2026-04-10 13:52:26,043 INFO uploaded finance_data/finance_SP500_1928.csv (1377 bytes)
2026-04-10 13:52:26,372 INFO [ok]   ✅ 업로드: finance_data/finance_SP500_1929.csv  (1,379 bytes)
2026-04-10 13:52:26,380 INFO uploaded finance_data/finance_SP500_1929.csv (1379 bytes)
2026-04-10 13:52:26,673 INFO [ok]   ✅ 업로드: finance_data/finance_SP500_1930.csv  (1,377 bytes)
2026-04-10 13:52:26,683 INFO uploaded finance_data/finance_SP500_1930.csv (1377 bytes)
2026-04-10 13:52:27,010 INFO [ok]   ✅ 업로드: finance_data/finance_SP500_1931.csv  (1,397 bytes)
2026-04-10 13:52:27,019 INFO uploaded finance_data/finance_SP500_1931.csv (1397 bytes)
2026-04-10 13:52:27,658 INFO [ok]   ✅ 업로드: finance_data/finance_SP500_1932.csv  (1,286 bytes)
2026-04-10 13:52:27,666 INFO uploaded finance_data/finance_SP500_1932.csv (1286 bytes)
2026-04-10 13:52:27,960 INFO [ok]   ✅ 업로드: finance_data/finance_SP500_1933.csv  (1,306 bytes)
2026-04-10 13:52:27,967 INFO uploaded finance_data/finance_SP500_1933.csv (1306 bytes)
2026-04-10 13:52:28,265 INFO [ok]   ✅ 업로드: finance_data/finance_SP500_1934.csv  (1,341 bytes)
2026-04-10 13:52:28,265 INFO uploaded finance_data/finance_SP500_1934.csv (1341 bytes)
2026-04-10 13:52:28,596 INFO [ok]   ✅ 업로드: finance_data/finance_SP500_1935.csv  (1,357 bytes)
2026-04-10 13:52:28,603 INFO uploaded finance_data/finance_SP500_1935.csv (1357 bytes)
2026-04-10 13:52:28,897 INFO [ok]   ✅ 업로드: finance_data/finance_SP500_1936.csv  (1,401 bytes)
2026-04-10 13:52:28,906 INFO uploaded finance_data/finance_SP500_1936.csv (1401 bytes)
2026-04-10 13:52:29,253 INFO [ok]   ✅ 업로드: finance_data/finance_SP500_1937.csv  (1,377 bytes)
2026-04-10 13:52:29,261 INFO uploaded finance_data/finance_SP500_1937.csv (1377 bytes)
2026-04-10 13:52:29,579 INFO [ok]   ✅ 업로드: finance_data/finance_SP500_1938.csv  (1,365 bytes)
2026-04-10 13:52:29,589 INFO uploaded finance_data/finance_SP500_1938.csv (1365 bytes)
2026-04-10 13:52:29,897 INFO [ok]   ✅ 업로드: finance_data/finance_SP500_1939.csv  (1,372 bytes)
2026-04-10 13:52:29,908 INFO uploaded finance_data/finance_SP500_1939.csv (1372 bytes)
2026-04-10 13:52:30,205 INFO [ok]   ✅ 업로드: finance_data/finance_SP500_1940.csv  (1,367 bytes)
2026-04-10 13:52:30,205 INFO uploaded finance_data/finance_SP500_1940.csv (1367 bytes)
2026-04-10 13:52:30,545 INFO [ok]   ✅ 업로드: finance_data/finance_SP500_1941.csv  (1,344 bytes)
2026-04-10 13:52:30,557 INFO uploaded finance_data/finance_SP500_1941.csv (1344 bytes)
2026-04-10 13:52:30,867 INFO [ok]   ✅ 업로드: finance_data/finance_SP500_1942.csv  (1,349 bytes)
2026-04-10 13:52:30,875 INFO uploaded finance_data/finance_SP500_1942.csv (1349 bytes)
2026-04-10 13:52:31,240 INFO [ok]   ✅ 업로드: finance_data/finance_SP500_1943.csv  (1,374 bytes)
2026-04-10 13:52:31,251 INFO uploaded finance_data/finance_SP500_1943.csv (1374 bytes)
2026-04-10 13:52:31,564 INFO [ok]   ✅ 업로드: finance_data/finance_SP500_1944.csv  (1,369 bytes)
2026-04-10 13:52:31,572 INFO uploaded finance_data/finance_SP500_1944.csv (1369 bytes)
2026-04-10 13:52:31,894 INFO [ok]   ✅ 업로드: finance_data/finance_SP500_1945.csv  (1,375 bytes)
2026-04-10 13:52:31,903 INFO uploaded finance_data/finance_SP500_1945.csv (1375 bytes)
2026-04-10 13:52:32,241 INFO [ok]   ✅ 업로드: finance_data/finance_SP500_1946.csv  (1,373 bytes)
2026-04-10 13:52:32,241 INFO uploaded finance_data/finance_SP500_1946.csv (1373 bytes)
2026-04-10 13:52:32,675 INFO [ok]   ✅ 업로드: finance_data/finance_SP500_1947.csv  (1,373 bytes)
2026-04-10 13:52:32,676 INFO uploaded finance_data/finance_SP500_1947.csv (1373 bytes)
2026-04-10 13:52:33,070 INFO [ok]   ✅ 업로드: finance_data/finance_SP500_1948.csv  (1,400 bytes)
2026-04-10 13:52:33,078 INFO uploaded finance_data/finance_SP500_1948.csv (1400 bytes)
2026-04-10 13:52:33,406 INFO [ok]   ✅ 업로드: finance_data/finance_SP500_1949.csv  (1,377 bytes)
2026-04-10 13:52:33,414 INFO uploaded finance_data/finance_SP500_1949.csv (1377 bytes)
2026-04-10 13:52:33,734 INFO [ok]   ✅ 업로드: finance_data/finance_SP500_1950.csv  (1,379 bytes)
2026-04-10 13:52:33,742 INFO uploaded finance_data/finance_SP500_1950.csv (1379 bytes)
2026-04-10 13:52:34,048 INFO [ok]   ✅ 업로드: finance_data/finance_SP500_1951.csv  (1,378 bytes)
2026-04-10 13:52:34,048 INFO uploaded finance_data/finance_SP500_1951.csv (1378 bytes)
2026-04-10 13:52:34,427 INFO [ok]   ✅ 업로드: finance_data/finance_SP500_1952.csv  (1,376 bytes)
2026-04-10 13:52:34,427 INFO uploaded finance_data/finance_SP500_1952.csv (1376 bytes)
2026-04-10 13:52:34,753 INFO [ok]   ✅ 업로드: finance_data/finance_SP500_1953.csv  (1,402 bytes)
2026-04-10 13:52:34,763 INFO uploaded finance_data/finance_SP500_1953.csv (1402 bytes)
2026-04-10 13:52:35,066 INFO [ok]   ✅ 업로드: finance_data/finance_SP500_1954.csv  (1,375 bytes)
2026-04-10 13:52:35,074 INFO uploaded finance_data/finance_SP500_1954.csv (1375 bytes)
2026-04-10 13:52:35,360 INFO [ok]   ✅ 업로드: finance_data/finance_SP500_1955.csv  (1,376 bytes)
2026-04-10 13:52:35,372 INFO uploaded finance_data/finance_SP500_1955.csv (1376 bytes)
2026-04-10 13:52:35,697 INFO [ok]   ✅ 업로드: finance_data/finance_SP500_1956.csv  (1,379 bytes)
2026-04-10 13:52:35,705 INFO uploaded finance_data/finance_SP500_1956.csv (1379 bytes)
2026-04-10 13:52:36,016 INFO [ok]   ✅ 업로드: finance_data/finance_SP500_1957.csv  (1,379 bytes)
2026-04-10 13:52:36,023 INFO uploaded finance_data/finance_SP500_1957.csv (1379 bytes)
2026-04-10 13:52:36,376 INFO [ok]   ✅ 업로드: finance_data/finance_SP500_1958.csv  (1,374 bytes)
2026-04-10 13:52:36,385 INFO uploaded finance_data/finance_SP500_1958.csv (1374 bytes)
2026-04-10 13:52:36,769 INFO [ok]   ✅ 업로드: finance_data/finance_SP500_1959.csv  (1,400 bytes)
2026-04-10 13:52:36,777 INFO uploaded finance_data/finance_SP500_1959.csv (1400 bytes)
2026-04-10 13:52:37,097 INFO [ok]   ✅ 업로드: finance_data/finance_SP500_1960.csv  (1,374 bytes)
2026-04-10 13:52:37,097 INFO uploaded finance_data/finance_SP500_1960.csv (1374 bytes)
2026-04-10 13:52:37,396 INFO [ok]   ✅ 업로드: finance_data/finance_SP500_1961.csv  (1,374 bytes)
2026-04-10 13:52:37,408 INFO uploaded finance_data/finance_SP500_1961.csv (1374 bytes)
2026-04-10 13:52:37,848 INFO [ok]   ✅ 업로드: finance_data/finance_SP500_1962.csv  (1,378 bytes)
2026-04-10 13:52:37,848 INFO uploaded finance_data/finance_SP500_1962.csv (1378 bytes)
2026-04-10 13:52:38,225 INFO [ok]   ✅ 업로드: finance_data/finance_SP500_1963.csv  (1,374 bytes)
2026-04-10 13:52:38,225 INFO uploaded finance_data/finance_SP500_1963.csv (1374 bytes)
2026-04-10 13:52:38,536 INFO [ok]   ✅ 업로드: finance_data/finance_SP500_1964.csv  (1,417 bytes)
2026-04-10 13:52:38,544 INFO uploaded finance_data/finance_SP500_1964.csv (1417 bytes)
2026-04-10 13:52:38,844 INFO [ok]   ✅ 업로드: finance_data/finance_SP500_1965.csv  (1,375 bytes)
2026-04-10 13:52:38,862 INFO uploaded finance_data/finance_SP500_1965.csv (1375 bytes)
2026-04-10 13:52:39,196 INFO [ok]   ✅ 업로드: finance_data/finance_SP500_1966.csv  (1,376 bytes)
2026-04-10 13:52:39,206 INFO uploaded finance_data/finance_SP500_1966.csv (1376 bytes)
2026-04-10 13:52:39,540 INFO [ok]   ✅ 업로드: finance_data/finance_SP500_1967.csv  (1,372 bytes)
2026-04-10 13:52:39,549 INFO uploaded finance_data/finance_SP500_1967.csv (1372 bytes)
2026-04-10 13:52:39,902 INFO [ok]   ✅ 업로드: finance_data/finance_SP500_1968.csv  (1,397 bytes)
2026-04-10 13:52:39,922 INFO uploaded finance_data/finance_SP500_1968.csv (1397 bytes)
2026-04-10 13:52:40,317 INFO [ok]   ✅ 업로드: finance_data/finance_SP500_1969.csv  (1,396 bytes)
2026-04-10 13:52:40,326 INFO uploaded finance_data/finance_SP500_1969.csv (1396 bytes)
2026-04-10 13:52:40,686 INFO [ok]   ✅ 업로드: finance_data/finance_SP500_1970.csv  (1,403 bytes)
2026-04-10 13:52:40,697 INFO uploaded finance_data/finance_SP500_1970.csv (1403 bytes)
2026-04-10 13:52:40,992 INFO [ok]   ✅ 업로드: finance_data/finance_SP500_1971.csv  (1,397 bytes)
2026-04-10 13:52:41,001 INFO uploaded finance_data/finance_SP500_1971.csv (1397 bytes)
2026-04-10 13:52:41,341 INFO [ok]   ✅ 업로드: finance_data/finance_SP500_1972.csv  (1,431 bytes)
2026-04-10 13:52:41,350 INFO uploaded finance_data/finance_SP500_1972.csv (1431 bytes)
2026-04-10 13:52:41,673 INFO [ok]   ✅ 업로드: finance_data/finance_SP500_1973.csv  (1,421 bytes)
2026-04-10 13:52:41,682 INFO uploaded finance_data/finance_SP500_1973.csv (1421 bytes)
2026-04-10 13:52:41,985 INFO [ok]   ✅ 업로드: finance_data/finance_SP500_1974.csv  (1,375 bytes)
2026-04-10 13:52:41,994 INFO uploaded finance_data/finance_SP500_1974.csv (1375 bytes)
2026-04-10 13:52:42,309 INFO [ok]   ✅ 업로드: finance_data/finance_SP500_1975.csv  (1,375 bytes)
2026-04-10 13:52:42,318 INFO uploaded finance_data/finance_SP500_1975.csv (1375 bytes)
2026-04-10 13:52:42,633 INFO [ok]   ✅ 업로드: finance_data/finance_SP500_1976.csv  (1,442 bytes)
2026-04-10 13:52:42,642 INFO uploaded finance_data/finance_SP500_1976.csv (1442 bytes)
2026-04-10 13:52:42,982 INFO [ok]   ✅ 업로드: finance_data/finance_SP500_1977.csv  (1,392 bytes)
2026-04-10 13:52:42,991 INFO uploaded finance_data/finance_SP500_1977.csv (1392 bytes)
2026-04-10 13:52:43,292 INFO [ok]   ✅ 업로드: finance_data/finance_SP500_1978.csv  (1,390 bytes)
2026-04-10 13:52:43,292 INFO uploaded finance_data/finance_SP500_1978.csv (1390 bytes)
2026-04-10 13:52:43,620 INFO [ok]   ✅ 업로드: finance_data/finance_SP500_1979.csv  (1,412 bytes)
2026-04-10 13:52:43,620 INFO uploaded finance_data/finance_SP500_1979.csv (1412 bytes)
2026-04-10 13:52:43,983 INFO [ok]   ✅ 업로드: finance_data/finance_SP500_1980.csv  (1,429 bytes)
2026-04-10 13:52:43,992 INFO uploaded finance_data/finance_SP500_1980.csv (1429 bytes)
2026-04-10 13:52:44,371 INFO [ok]   ✅ 업로드: finance_data/finance_SP500_1981.csv  (1,456 bytes)
2026-04-10 13:52:44,381 INFO uploaded finance_data/finance_SP500_1981.csv (1456 bytes)
2026-04-10 13:52:44,687 INFO [ok]   ✅ 업로드: finance_data/finance_SP500_1982.csv  (1,442 bytes)
2026-04-10 13:52:44,699 INFO uploaded finance_data/finance_SP500_1982.csv (1442 bytes)
2026-04-10 13:52:45,013 INFO [ok]   ✅ 업로드: finance_data/finance_SP500_1983.csv  (1,480 bytes)
2026-04-10 13:52:45,022 INFO uploaded finance_data/finance_SP500_1983.csv (1480 bytes)
2026-04-10 13:52:45,340 INFO [ok]   ✅ 업로드: finance_data/finance_SP500_1984.csv  (1,481 bytes)
2026-04-10 13:52:45,348 INFO uploaded finance_data/finance_SP500_1984.csv (1481 bytes)
2026-04-10 13:52:45,631 INFO [ok]   ✅ 업로드: finance_data/finance_SP500_1985.csv  (1,480 bytes)
2026-04-10 13:52:45,640 INFO uploaded finance_data/finance_SP500_1985.csv (1480 bytes)
2026-04-10 13:52:45,938 INFO [ok]   ✅ 업로드: finance_data/finance_SP500_1986.csv  (1,483 bytes)
2026-04-10 13:52:45,947 INFO uploaded finance_data/finance_SP500_1986.csv (1483 bytes)
2026-04-10 13:52:46,240 INFO [ok]   ✅ 업로드: finance_data/finance_SP500_1987.csv  (1,504 bytes)
2026-04-10 13:52:46,252 INFO uploaded finance_data/finance_SP500_1987.csv (1504 bytes)
2026-04-10 13:52:46,559 INFO [ok]   ✅ 업로드: finance_data/finance_SP500_1988.csv  (1,480 bytes)
2026-04-10 13:52:46,568 INFO uploaded finance_data/finance_SP500_1988.csv (1480 bytes)
2026-04-10 13:52:46,862 INFO [ok]   ✅ 업로드: finance_data/finance_SP500_1989.csv  (1,481 bytes)
2026-04-10 13:52:46,874 INFO uploaded finance_data/finance_SP500_1989.csv (1481 bytes)
2026-04-10 13:52:47,180 INFO [ok]   ✅ 업로드: finance_data/finance_SP500_1990.csv  (1,479 bytes)
2026-04-10 13:52:47,189 INFO uploaded finance_data/finance_SP500_1990.csv (1479 bytes)
2026-04-10 13:52:47,505 INFO [ok]   ✅ 업로드: finance_data/finance_SP500_1991.csv  (1,476 bytes)
2026-04-10 13:52:47,505 INFO uploaded finance_data/finance_SP500_1991.csv (1476 bytes)
2026-04-10 13:52:47,839 INFO [ok]   ✅ 업로드: finance_data/finance_SP500_1992.csv  (1,507 bytes)
2026-04-10 13:52:47,839 INFO uploaded finance_data/finance_SP500_1992.csv (1507 bytes)
2026-04-10 13:52:48,156 INFO [ok]   ✅ 업로드: finance_data/finance_SP500_1993.csv  (1,481 bytes)
2026-04-10 13:52:48,165 INFO uploaded finance_data/finance_SP500_1993.csv (1481 bytes)
2026-04-10 13:52:48,498 INFO [ok]   ✅ 업로드: finance_data/finance_SP500_1994.csv  (1,475 bytes)
2026-04-10 13:52:48,507 INFO uploaded finance_data/finance_SP500_1994.csv (1475 bytes)
2026-04-10 13:52:48,804 INFO [ok]   ✅ 업로드: finance_data/finance_SP500_1995.csv  (1,482 bytes)
2026-04-10 13:52:48,814 INFO uploaded finance_data/finance_SP500_1995.csv (1482 bytes)
2026-04-10 13:52:49,096 INFO [ok]   ✅ 업로드: finance_data/finance_SP500_1996.csv  (1,480 bytes)
2026-04-10 13:52:49,105 INFO uploaded finance_data/finance_SP500_1996.csv (1480 bytes)
2026-04-10 13:52:49,451 INFO [ok]   ✅ 업로드: finance_data/finance_SP500_1997.csv  (1,483 bytes)
2026-04-10 13:52:49,460 INFO uploaded finance_data/finance_SP500_1997.csv (1483 bytes)
2026-04-10 13:52:49,774 INFO [ok]   ✅ 업로드: finance_data/finance_SP500_1998.csv  (1,612 bytes)
2026-04-10 13:52:49,784 INFO uploaded finance_data/finance_SP500_1998.csv (1612 bytes)
2026-04-10 13:52:50,152 INFO [ok]   ✅ 업로드: finance_data/finance_SP500_1999.csv  (1,598 bytes)
2026-04-10 13:52:50,161 INFO uploaded finance_data/finance_SP500_1999.csv (1598 bytes)
2026-04-10 13:52:50,453 INFO [ok]   ✅ 업로드: finance_data/finance_SP500_2000.csv  (1,602 bytes)
2026-04-10 13:52:50,467 INFO uploaded finance_data/finance_SP500_2000.csv (1602 bytes)
2026-04-10 13:52:51,056 INFO [ok]   ✅ 업로드: finance_data/finance_SP500_2001.csv  (1,601 bytes)
2026-04-10 13:52:51,056 INFO uploaded finance_data/finance_SP500_2001.csv (1601 bytes)
2026-04-10 13:52:51,402 INFO [ok]   ✅ 업로드: finance_data/finance_SP500_2002.csv  (1,565 bytes)
2026-04-10 13:52:51,418 INFO uploaded finance_data/finance_SP500_2002.csv (1565 bytes)
2026-04-10 13:52:51,715 INFO [ok]   ✅ 업로드: finance_data/finance_SP500_2003.csv  (1,545 bytes)
2026-04-10 13:52:51,724 INFO uploaded finance_data/finance_SP500_2003.csv (1545 bytes)
2026-04-10 13:52:52,027 INFO [ok]   ✅ 업로드: finance_data/finance_SP500_2004.csv  (1,627 bytes)
2026-04-10 13:52:52,042 INFO uploaded finance_data/finance_SP500_2004.csv (1627 bytes)
2026-04-10 13:52:52,348 INFO [ok]   ✅ 업로드: finance_data/finance_SP500_2005.csv  (1,601 bytes)
2026-04-10 13:52:52,348 INFO uploaded finance_data/finance_SP500_2005.csv (1601 bytes)
2026-04-10 13:52:52,638 INFO [ok]   ✅ 업로드: finance_data/finance_SP500_2006.csv  (1,580 bytes)
2026-04-10 13:52:52,638 INFO uploaded finance_data/finance_SP500_2006.csv (1580 bytes)
2026-04-10 13:52:52,978 INFO [ok]   ✅ 업로드: finance_data/finance_SP500_2007.csv  (1,599 bytes)
2026-04-10 13:52:52,989 INFO uploaded finance_data/finance_SP500_2007.csv (1599 bytes)
2026-04-10 13:52:53,319 INFO [ok]   ✅ 업로드: finance_data/finance_SP500_2008.csv  (1,586 bytes)
2026-04-10 13:52:53,329 INFO uploaded finance_data/finance_SP500_2008.csv (1586 bytes)
2026-04-10 13:52:53,620 INFO [ok]   ✅ 업로드: finance_data/finance_SP500_2009.csv  (1,583 bytes)
2026-04-10 13:52:53,629 INFO uploaded finance_data/finance_SP500_2009.csv (1583 bytes)
2026-04-10 13:52:53,948 INFO [ok]   ✅ 업로드: finance_data/finance_SP500_2010.csv  (1,594 bytes)
2026-04-10 13:52:53,959 INFO uploaded finance_data/finance_SP500_2010.csv (1594 bytes)
2026-04-10 13:52:54,254 INFO [ok]   ✅ 업로드: finance_data/finance_SP500_2011.csv  (1,589 bytes)
2026-04-10 13:52:54,263 INFO uploaded finance_data/finance_SP500_2011.csv (1589 bytes)
2026-04-10 13:52:54,665 INFO [ok]   ✅ 업로드: finance_data/finance_SP500_2012.csv  (1,604 bytes)
2026-04-10 13:52:54,665 INFO uploaded finance_data/finance_SP500_2012.csv (1604 bytes)
2026-04-10 13:52:54,989 INFO [ok]   ✅ 업로드: finance_data/finance_SP500_2013.csv  (1,597 bytes)
2026-04-10 13:52:54,999 INFO uploaded finance_data/finance_SP500_2013.csv (1597 bytes)
2026-04-10 13:52:55,534 INFO [ok]   ✅ 업로드: finance_data/finance_SP500_2014.csv  (1,603 bytes)
2026-04-10 13:52:55,543 INFO uploaded finance_data/finance_SP500_2014.csv (1603 bytes)
2026-04-10 13:52:55,853 INFO [ok]   ✅ 업로드: finance_data/finance_SP500_2015.csv  (1,661 bytes)
2026-04-10 13:52:55,864 INFO uploaded finance_data/finance_SP500_2015.csv (1661 bytes)
2026-04-10 13:52:56,206 INFO [ok]   ✅ 업로드: finance_data/finance_SP500_2016.csv  (1,632 bytes)
2026-04-10 13:52:56,216 INFO uploaded finance_data/finance_SP500_2016.csv (1632 bytes)
2026-04-10 13:52:56,613 INFO [ok]   ✅ 업로드: finance_data/finance_SP500_2017.csv  (1,645 bytes)
2026-04-10 13:52:56,622 INFO uploaded finance_data/finance_SP500_2017.csv (1645 bytes)
2026-04-10 13:52:56,915 INFO [ok]   ✅ 업로드: finance_data/finance_SP500_2018.csv  (1,646 bytes)
2026-04-10 13:52:56,926 INFO uploaded finance_data/finance_SP500_2018.csv (1646 bytes)
2026-04-10 13:52:57,257 INFO [ok]   ✅ 업로드: finance_data/finance_SP500_2019.csv  (1,637 bytes)
2026-04-10 13:52:57,266 INFO uploaded finance_data/finance_SP500_2019.csv (1637 bytes)
2026-04-10 13:52:57,607 INFO [ok]   ✅ 업로드: finance_data/finance_SP500_2020.csv  (1,671 bytes)
2026-04-10 13:52:57,617 INFO uploaded finance_data/finance_SP500_2020.csv (1671 bytes)
2026-04-10 13:52:57,943 INFO [ok]   ✅ 업로드: finance_data/finance_SP500_2021.csv  (1,666 bytes)
2026-04-10 13:52:57,954 INFO uploaded finance_data/finance_SP500_2021.csv (1666 bytes)
2026-04-10 13:52:58,254 INFO [ok]   ✅ 업로드: finance_data/finance_SP500_2022.csv  (1,671 bytes)
2026-04-10 13:52:58,269 INFO uploaded finance_data/finance_SP500_2022.csv (1671 bytes)
2026-04-10 13:52:58,576 INFO [ok]   ✅ 업로드: finance_data/finance_SP500_2023.csv  (1,662 bytes)
2026-04-10 13:52:58,586 INFO uploaded finance_data/finance_SP500_2023.csv (1662 bytes)
2026-04-10 13:52:58,975 INFO [ok]   ✅ 업로드: finance_data/finance_SP500_2024.csv  (1,672 bytes)
2026-04-10 13:52:58,975 INFO uploaded finance_data/finance_SP500_2024.csv (1672 bytes)
2026-04-10 13:52:59,339 INFO [ok]   ✅ 업로드: finance_data/finance_SP500_2025.csv  (1,677 bytes)
2026-04-10 13:52:59,350 INFO uploaded finance_data/finance_SP500_2025.csv (1677 bytes)
2026-04-10 13:52:59,712 INFO [ok]   ✅ 업로드: finance_data/finance_SP500_2026.csv  (575 bytes)
2026-04-10 13:52:59,713 INFO uploaded finance_data/finance_SP500_2026.csv (575 bytes)
2026-04-10 13:53:00,060 INFO [ok]   ✅ 업로드: finance_data/finance_USDKRW_1964.csv  (834 bytes)
2026-04-10 13:53:00,074 INFO uploaded finance_data/finance_USDKRW_1964.csv (834 bytes)
2026-04-10 13:53:00,371 INFO [ok]   ✅ 업로드: finance_data/finance_USDKRW_1965.csv  (1,221 bytes)
2026-04-10 13:53:00,381 INFO uploaded finance_data/finance_USDKRW_1965.csv (1221 bytes)
2026-04-10 13:53:00,688 INFO [ok]   ✅ 업로드: finance_data/finance_USDKRW_1966.csv  (1,225 bytes)
2026-04-10 13:53:00,698 INFO uploaded finance_data/finance_USDKRW_1966.csv (1225 bytes)
2026-04-10 13:53:01,028 INFO [ok]   ✅ 업로드: finance_data/finance_USDKRW_1967.csv  (1,204 bytes)
2026-04-10 13:53:01,040 INFO uploaded finance_data/finance_USDKRW_1967.csv (1204 bytes)
2026-04-10 13:53:01,380 INFO [ok]   ✅ 업로드: finance_data/finance_USDKRW_1968.csv  (1,173 bytes)
2026-04-10 13:53:01,391 INFO uploaded finance_data/finance_USDKRW_1968.csv (1173 bytes)
2026-04-10 13:53:01,694 INFO [ok]   ✅ 업로드: finance_data/finance_USDKRW_1969.csv  (1,204 bytes)
2026-04-10 13:53:01,694 INFO uploaded finance_data/finance_USDKRW_1969.csv (1204 bytes)
2026-04-10 13:53:01,985 INFO [ok]   ✅ 업로드: finance_data/finance_USDKRW_1970.csv  (1,224 bytes)
2026-04-10 13:53:01,985 INFO uploaded finance_data/finance_USDKRW_1970.csv (1224 bytes)
2026-04-10 13:53:02,285 INFO [ok]   ✅ 업로드: finance_data/finance_USDKRW_1971.csv  (1,198 bytes)
2026-04-10 13:53:02,298 INFO uploaded finance_data/finance_USDKRW_1971.csv (1198 bytes)
2026-04-10 13:53:02,597 INFO [ok]   ✅ 업로드: finance_data/finance_USDKRW_1972.csv  (1,173 bytes)
2026-04-10 13:53:02,607 INFO uploaded finance_data/finance_USDKRW_1972.csv (1173 bytes)
2026-04-10 13:53:02,912 INFO [ok]   ✅ 업로드: finance_data/finance_USDKRW_1973.csv  (1,173 bytes)
2026-04-10 13:53:02,926 INFO uploaded finance_data/finance_USDKRW_1973.csv (1173 bytes)
2026-04-10 13:53:03,214 INFO [ok]   ✅ 업로드: finance_data/finance_USDKRW_1974.csv  (1,173 bytes)
2026-04-10 13:53:03,224 INFO uploaded finance_data/finance_USDKRW_1974.csv (1173 bytes)
2026-04-10 13:53:03,566 INFO [ok]   ✅ 업로드: finance_data/finance_USDKRW_1975.csv  (1,195 bytes)
2026-04-10 13:53:03,566 INFO uploaded finance_data/finance_USDKRW_1975.csv (1195 bytes)
2026-04-10 13:53:04,020 INFO [ok]   ✅ 업로드: finance_data/finance_USDKRW_1976.csv  (1,173 bytes)
2026-04-10 13:53:04,020 INFO uploaded finance_data/finance_USDKRW_1976.csv (1173 bytes)
2026-04-10 13:53:04,805 INFO [ok]   ✅ 업로드: finance_data/finance_USDKRW_1977.csv  (1,173 bytes)
2026-04-10 13:53:04,805 INFO uploaded finance_data/finance_USDKRW_1977.csv (1173 bytes)
2026-04-10 13:53:05,131 INFO [ok]   ✅ 업로드: finance_data/finance_USDKRW_1978.csv  (1,173 bytes)
2026-04-10 13:53:05,141 INFO uploaded finance_data/finance_USDKRW_1978.csv (1173 bytes)
2026-04-10 13:53:05,466 INFO [ok]   ✅ 업로드: finance_data/finance_USDKRW_1979.csv  (1,173 bytes)
2026-04-10 13:53:05,466 INFO uploaded finance_data/finance_USDKRW_1979.csv (1173 bytes)
2026-04-10 13:53:05,852 INFO [ok]   ✅ 업로드: finance_data/finance_USDKRW_1980.csv  (1,195 bytes)
2026-04-10 13:53:05,863 INFO uploaded finance_data/finance_USDKRW_1980.csv (1195 bytes)
2026-04-10 13:53:06,186 INFO [ok]   ✅ 업로드: finance_data/finance_USDKRW_1981.csv  (1,173 bytes)
2026-04-10 13:53:06,196 INFO uploaded finance_data/finance_USDKRW_1981.csv (1173 bytes)
2026-04-10 13:53:06,557 INFO [ok]   ✅ 업로드: finance_data/finance_USDKRW_1982.csv  (1,173 bytes)
2026-04-10 13:53:06,568 INFO uploaded finance_data/finance_USDKRW_1982.csv (1173 bytes)
2026-04-10 13:53:06,880 INFO [ok]   ✅ 업로드: finance_data/finance_USDKRW_1983.csv  (1,173 bytes)
2026-04-10 13:53:06,890 INFO uploaded finance_data/finance_USDKRW_1983.csv (1173 bytes)
2026-04-10 13:53:07,259 INFO [ok]   ✅ 업로드: finance_data/finance_USDKRW_1984.csv  (1,173 bytes)
2026-04-10 13:53:07,271 INFO uploaded finance_data/finance_USDKRW_1984.csv (1173 bytes)
2026-04-10 13:53:07,706 INFO [ok]   ✅ 업로드: finance_data/finance_USDKRW_1985.csv  (1,173 bytes)
2026-04-10 13:53:07,717 INFO uploaded finance_data/finance_USDKRW_1985.csv (1173 bytes)
2026-04-10 13:53:08,152 INFO [ok]   ✅ 업로드: finance_data/finance_USDKRW_1986.csv  (1,195 bytes)
2026-04-10 13:53:08,152 INFO uploaded finance_data/finance_USDKRW_1986.csv (1195 bytes)
2026-04-10 13:53:08,477 INFO [ok]   ✅ 업로드: finance_data/finance_USDKRW_1987.csv  (1,173 bytes)
2026-04-10 13:53:08,477 INFO uploaded finance_data/finance_USDKRW_1987.csv (1173 bytes)
2026-04-10 13:53:08,782 INFO [ok]   ✅ 업로드: finance_data/finance_USDKRW_1988.csv  (1,173 bytes)
2026-04-10 13:53:08,782 INFO uploaded finance_data/finance_USDKRW_1988.csv (1173 bytes)
2026-04-10 13:53:09,116 INFO [ok]   ✅ 업로드: finance_data/finance_USDKRW_1989.csv  (1,173 bytes)
2026-04-10 13:53:09,126 INFO uploaded finance_data/finance_USDKRW_1989.csv (1173 bytes)
2026-04-10 13:53:09,469 INFO [ok]   ✅ 업로드: finance_data/finance_USDKRW_1990.csv  (1,173 bytes)
2026-04-10 13:53:09,480 INFO uploaded finance_data/finance_USDKRW_1990.csv (1173 bytes)
2026-04-10 13:53:09,848 INFO [ok]   ✅ 업로드: finance_data/finance_USDKRW_1991.csv  (1,173 bytes)
2026-04-10 13:53:09,859 INFO uploaded finance_data/finance_USDKRW_1991.csv (1173 bytes)
2026-04-10 13:53:10,268 INFO [ok]   ✅ 업로드: finance_data/finance_USDKRW_1992.csv  (1,195 bytes)
2026-04-10 13:53:10,279 INFO uploaded finance_data/finance_USDKRW_1992.csv (1195 bytes)
2026-04-10 13:53:10,586 INFO [ok]   ✅ 업로드: finance_data/finance_USDKRW_1993.csv  (1,173 bytes)
2026-04-10 13:53:10,602 INFO uploaded finance_data/finance_USDKRW_1993.csv (1173 bytes)
2026-04-10 13:53:10,906 INFO [ok]   ✅ 업로드: finance_data/finance_USDKRW_1994.csv  (1,173 bytes)
2026-04-10 13:53:10,919 INFO uploaded finance_data/finance_USDKRW_1994.csv (1173 bytes)
2026-04-10 13:53:11,298 INFO [ok]   ✅ 업로드: finance_data/finance_USDKRW_1995.csv  (1,173 bytes)
2026-04-10 13:53:11,298 INFO uploaded finance_data/finance_USDKRW_1995.csv (1173 bytes)
2026-04-10 13:53:11,652 INFO [ok]   ✅ 업로드: finance_data/finance_USDKRW_1996.csv  (1,173 bytes)
2026-04-10 13:53:11,652 INFO uploaded finance_data/finance_USDKRW_1996.csv (1173 bytes)
2026-04-10 13:53:12,058 INFO [ok]   ✅ 업로드: finance_data/finance_USDKRW_1997.csv  (1,179 bytes)
2026-04-10 13:53:12,068 INFO uploaded finance_data/finance_USDKRW_1997.csv (1179 bytes)
2026-04-10 13:53:12,406 INFO [ok]   ✅ 업로드: finance_data/finance_USDKRW_1998.csv  (1,225 bytes)
2026-04-10 13:53:12,417 INFO uploaded finance_data/finance_USDKRW_1998.csv (1225 bytes)
2026-04-10 13:53:12,763 INFO [ok]   ✅ 업로드: finance_data/finance_USDKRW_1999.csv  (1,248 bytes)
2026-04-10 13:53:12,782 INFO uploaded finance_data/finance_USDKRW_1999.csv (1248 bytes)
2026-04-10 13:53:13,174 INFO [ok]   ✅ 업로드: finance_data/finance_USDKRW_2000.csv  (1,225 bytes)
2026-04-10 13:53:13,174 INFO uploaded finance_data/finance_USDKRW_2000.csv (1225 bytes)
2026-04-10 13:53:13,554 INFO [ok]   ✅ 업로드: finance_data/finance_USDKRW_2001.csv  (1,225 bytes)
2026-04-10 13:53:13,565 INFO uploaded finance_data/finance_USDKRW_2001.csv (1225 bytes)
2026-04-10 13:53:13,889 INFO [ok]   ✅ 업로드: finance_data/finance_USDKRW_2002.csv  (1,225 bytes)
2026-04-10 13:53:13,889 INFO uploaded finance_data/finance_USDKRW_2002.csv (1225 bytes)
2026-04-10 13:53:14,192 INFO [ok]   ✅ 업로드: finance_data/finance_USDKRW_2003.csv  (1,225 bytes)
2026-04-10 13:53:14,204 INFO uploaded finance_data/finance_USDKRW_2003.csv (1225 bytes)
2026-04-10 13:53:14,519 INFO [ok]   ✅ 업로드: finance_data/finance_USDKRW_2004.csv  (1,248 bytes)
2026-04-10 13:53:14,530 INFO uploaded finance_data/finance_USDKRW_2004.csv (1248 bytes)
2026-04-10 13:53:14,836 INFO [ok]   ✅ 업로드: finance_data/finance_USDKRW_2005.csv  (1,224 bytes)
2026-04-10 13:53:14,857 INFO uploaded finance_data/finance_USDKRW_2005.csv (1224 bytes)
2026-04-10 13:53:15,154 INFO [ok]   ✅ 업로드: finance_data/finance_USDKRW_2006.csv  (1,173 bytes)
2026-04-10 13:53:15,165 INFO uploaded finance_data/finance_USDKRW_2006.csv (1173 bytes)
2026-04-10 13:53:15,481 INFO [ok]   ✅ 업로드: finance_data/finance_USDKRW_2007.csv  (1,173 bytes)
2026-04-10 13:53:15,493 INFO uploaded finance_data/finance_USDKRW_2007.csv (1173 bytes)
2026-04-10 13:53:15,810 INFO [ok]   ✅ 업로드: finance_data/finance_USDKRW_2008.csv  (1,209 bytes)
2026-04-10 13:53:15,832 INFO uploaded finance_data/finance_USDKRW_2008.csv (1209 bytes)
2026-04-10 13:53:16,146 INFO [ok]   ✅ 업로드: finance_data/finance_USDKRW_2009.csv  (1,248 bytes)
2026-04-10 13:53:16,157 INFO uploaded finance_data/finance_USDKRW_2009.csv (1248 bytes)
2026-04-10 13:53:16,453 INFO [ok]   ✅ 업로드: finance_data/finance_USDKRW_2010.csv  (1,225 bytes)
2026-04-10 13:53:16,464 INFO uploaded finance_data/finance_USDKRW_2010.csv (1225 bytes)
2026-04-10 13:53:16,775 INFO [ok]   ✅ 업로드: finance_data/finance_USDKRW_2011.csv  (1,225 bytes)
2026-04-10 13:53:16,791 INFO uploaded finance_data/finance_USDKRW_2011.csv (1225 bytes)
2026-04-10 13:53:17,092 INFO [ok]   ✅ 업로드: finance_data/finance_USDKRW_2012.csv  (1,225 bytes)
2026-04-10 13:53:17,103 INFO uploaded finance_data/finance_USDKRW_2012.csv (1225 bytes)
2026-04-10 13:53:17,404 INFO [ok]   ✅ 업로드: finance_data/finance_USDKRW_2013.csv  (1,225 bytes)
2026-04-10 13:53:17,416 INFO uploaded finance_data/finance_USDKRW_2013.csv (1225 bytes)
2026-04-10 13:53:17,773 INFO [ok]   ✅ 업로드: finance_data/finance_USDKRW_2014.csv  (1,225 bytes)
2026-04-10 13:53:17,784 INFO uploaded finance_data/finance_USDKRW_2014.csv (1225 bytes)
2026-04-10 13:53:18,132 INFO [ok]   ✅ 업로드: finance_data/finance_USDKRW_2015.csv  (1,248 bytes)
2026-04-10 13:53:18,143 INFO uploaded finance_data/finance_USDKRW_2015.csv (1248 bytes)
2026-04-10 13:53:18,746 INFO [ok]   ✅ 업로드: finance_data/finance_USDKRW_2016.csv  (1,225 bytes)
2026-04-10 13:53:18,758 INFO uploaded finance_data/finance_USDKRW_2016.csv (1225 bytes)
2026-04-10 13:53:19,132 INFO [ok]   ✅ 업로드: finance_data/finance_USDKRW_2017.csv  (1,202 bytes)
2026-04-10 13:53:19,147 INFO uploaded finance_data/finance_USDKRW_2017.csv (1202 bytes)
2026-04-10 13:53:19,484 INFO [ok]   ✅ 업로드: finance_data/finance_USDKRW_2018.csv  (1,225 bytes)
2026-04-10 13:53:19,495 INFO uploaded finance_data/finance_USDKRW_2018.csv (1225 bytes)
2026-04-10 13:53:19,835 INFO [ok]   ✅ 업로드: finance_data/finance_USDKRW_2019.csv  (1,225 bytes)
2026-04-10 13:53:19,852 INFO uploaded finance_data/finance_USDKRW_2019.csv (1225 bytes)
2026-04-10 13:53:20,168 INFO [ok]   ✅ 업로드: finance_data/finance_USDKRW_2020.csv  (1,248 bytes)
2026-04-10 13:53:20,179 INFO uploaded finance_data/finance_USDKRW_2020.csv (1248 bytes)
2026-04-10 13:53:20,473 INFO [ok]   ✅ 업로드: finance_data/finance_USDKRW_2021.csv  (1,225 bytes)
2026-04-10 13:53:20,489 INFO uploaded finance_data/finance_USDKRW_2021.csv (1225 bytes)
2026-04-10 13:53:20,787 INFO [ok]   ✅ 업로드: finance_data/finance_USDKRW_2022.csv  (1,225 bytes)
2026-04-10 13:53:20,787 INFO uploaded finance_data/finance_USDKRW_2022.csv (1225 bytes)
2026-04-10 13:53:21,125 INFO [ok]   ✅ 업로드: finance_data/finance_USDKRW_2023.csv  (1,225 bytes)
2026-04-10 13:53:21,137 INFO uploaded finance_data/finance_USDKRW_2023.csv (1225 bytes)
2026-04-10 13:53:21,460 INFO [ok]   ✅ 업로드: finance_data/finance_USDKRW_2024.csv  (1,225 bytes)
2026-04-10 13:53:21,460 INFO uploaded finance_data/finance_USDKRW_2024.csv (1225 bytes)
2026-04-10 13:53:21,776 INFO [ok]   ✅ 업로드: finance_data/finance_USDKRW_2025.csv  (1,225 bytes)
2026-04-10 13:53:21,787 INFO uploaded finance_data/finance_USDKRW_2025.csv (1225 bytes)
2026-04-10 13:53:22,074 INFO [ok]   ✅ 업로드: finance_data/finance_USDKRW_2026.csv  (420 bytes)
2026-04-10 13:53:22,091 INFO uploaded finance_data/finance_USDKRW_2026.csv (420 bytes)
2026-04-10 13:53:22,376 INFO [ok]   ✅ 업로드: finance_data/finance_US_RATE_1954.csv  (591 bytes)
2026-04-10 13:53:22,389 INFO uploaded finance_data/finance_US_RATE_1954.csv (591 bytes)
2026-04-10 13:53:22,700 INFO [ok]   ✅ 업로드: finance_data/finance_US_RATE_1955.csv  (1,147 bytes)
2026-04-10 13:53:22,712 INFO uploaded finance_data/finance_US_RATE_1955.csv (1147 bytes)
2026-04-10 13:53:23,051 INFO [ok]   ✅ 업로드: finance_data/finance_US_RATE_1956.csv  (1,129 bytes)
2026-04-10 13:53:23,063 INFO uploaded finance_data/finance_US_RATE_1956.csv (1129 bytes)
2026-04-10 13:53:23,418 INFO [ok]   ✅ 업로드: finance_data/finance_US_RATE_1957.csv  (1,075 bytes)
2026-04-10 13:53:23,430 INFO uploaded finance_data/finance_US_RATE_1957.csv (1075 bytes)
2026-04-10 13:53:23,735 INFO [ok]   ✅ 업로드: finance_data/finance_US_RATE_1958.csv  (1,115 bytes)
2026-04-10 13:53:23,748 INFO uploaded finance_data/finance_US_RATE_1958.csv (1115 bytes)
2026-04-10 13:53:24,117 INFO [ok]   ✅ 업로드: finance_data/finance_US_RATE_1959.csv  (1,075 bytes)
2026-04-10 13:53:24,130 INFO uploaded finance_data/finance_US_RATE_1959.csv (1075 bytes)
2026-04-10 13:53:24,437 INFO [ok]   ✅ 업로드: finance_data/finance_US_RATE_1960.csv  (1,089 bytes)
2026-04-10 13:53:24,451 INFO uploaded finance_data/finance_US_RATE_1960.csv (1089 bytes)
2026-04-10 13:53:24,846 INFO [ok]   ✅ 업로드: finance_data/finance_US_RATE_1961.csv  (1,141 bytes)
2026-04-10 13:53:24,858 INFO uploaded finance_data/finance_US_RATE_1961.csv (1141 bytes)
2026-04-10 13:53:25,213 INFO [ok]   ✅ 업로드: finance_data/finance_US_RATE_1962.csv  (1,131 bytes)
2026-04-10 13:53:25,225 INFO uploaded finance_data/finance_US_RATE_1962.csv (1131 bytes)
2026-04-10 13:53:25,534 INFO [ok]   ✅ 업로드: finance_data/finance_US_RATE_1963.csv  (1,079 bytes)
2026-04-10 13:53:25,535 INFO uploaded finance_data/finance_US_RATE_1963.csv (1079 bytes)
2026-04-10 13:53:25,881 INFO [ok]   ✅ 업로드: finance_data/finance_US_RATE_1964.csv  (1,073 bytes)
2026-04-10 13:53:25,897 INFO uploaded finance_data/finance_US_RATE_1964.csv (1073 bytes)
2026-04-10 13:53:26,208 INFO [ok]   ✅ 업로드: finance_data/finance_US_RATE_1965.csv  (1,147 bytes)
2026-04-10 13:53:26,208 INFO uploaded finance_data/finance_US_RATE_1965.csv (1147 bytes)
2026-04-10 13:53:26,552 INFO [ok]   ✅ 업로드: finance_data/finance_US_RATE_1966.csv  (1,143 bytes)
2026-04-10 13:53:26,564 INFO uploaded finance_data/finance_US_RATE_1966.csv (1143 bytes)
2026-04-10 13:53:26,926 INFO [ok]   ✅ 업로드: finance_data/finance_US_RATE_1967.csv  (1,125 bytes)
2026-04-10 13:53:26,926 INFO uploaded finance_data/finance_US_RATE_1967.csv (1125 bytes)
2026-04-10 13:53:27,245 INFO [ok]   ✅ 업로드: finance_data/finance_US_RATE_1968.csv  (1,147 bytes)
2026-04-10 13:53:27,258 INFO uploaded finance_data/finance_US_RATE_1968.csv (1147 bytes)
2026-04-10 13:53:27,559 INFO [ok]   ✅ 업로드: finance_data/finance_US_RATE_1969.csv  (1,143 bytes)
2026-04-10 13:53:27,572 INFO uploaded finance_data/finance_US_RATE_1969.csv (1143 bytes)
2026-04-10 13:53:27,868 INFO [ok]   ✅ 업로드: finance_data/finance_US_RATE_1970.csv  (1,137 bytes)
2026-04-10 13:53:27,881 INFO uploaded finance_data/finance_US_RATE_1970.csv (1137 bytes)
2026-04-10 13:53:28,188 INFO [ok]   ✅ 업로드: finance_data/finance_US_RATE_1971.csv  (1,141 bytes)
2026-04-10 13:53:28,201 INFO uploaded finance_data/finance_US_RATE_1971.csv (1141 bytes)
2026-04-10 13:53:28,832 INFO [ok]   ✅ 업로드: finance_data/finance_US_RATE_1972.csv  (1,171 bytes)
2026-04-10 13:53:28,846 INFO uploaded finance_data/finance_US_RATE_1972.csv (1171 bytes)
2026-04-10 13:53:29,152 INFO [ok]   ✅ 업로드: finance_data/finance_US_RATE_1973.csv  (1,197 bytes)
2026-04-10 13:53:29,165 INFO uploaded finance_data/finance_US_RATE_1973.csv (1197 bytes)
2026-04-10 13:53:29,461 INFO [ok]   ✅ 업로드: finance_data/finance_US_RATE_1974.csv  (1,213 bytes)
2026-04-10 13:53:29,474 INFO uploaded finance_data/finance_US_RATE_1974.csv (1213 bytes)
2026-04-10 13:53:30,128 INFO [ok]   ✅ 업로드: finance_data/finance_US_RATE_1975.csv  (1,163 bytes)
2026-04-10 13:53:30,141 INFO uploaded finance_data/finance_US_RATE_1975.csv (1163 bytes)
2026-04-10 13:53:30,488 INFO [ok]   ✅ 업로드: finance_data/finance_US_RATE_1976.csv  (1,153 bytes)
2026-04-10 13:53:30,501 INFO uploaded finance_data/finance_US_RATE_1976.csv (1153 bytes)
2026-04-10 13:53:30,796 INFO [ok]   ✅ 업로드: finance_data/finance_US_RATE_1977.csv  (1,161 bytes)
2026-04-10 13:53:30,809 INFO uploaded finance_data/finance_US_RATE_1977.csv (1161 bytes)
2026-04-10 13:53:31,181 INFO [ok]   ✅ 업로드: finance_data/finance_US_RATE_1978.csv  (1,189 bytes)
2026-04-10 13:53:31,195 INFO uploaded finance_data/finance_US_RATE_1978.csv (1189 bytes)
2026-04-10 13:53:31,511 INFO [ok]   ✅ 업로드: finance_data/finance_US_RATE_1979.csv  (1,265 bytes)
2026-04-10 13:53:31,523 INFO uploaded finance_data/finance_US_RATE_1979.csv (1265 bytes)
2026-04-10 13:53:31,905 INFO [ok]   ✅ 업로드: finance_data/finance_US_RATE_1980.csv  (1,247 bytes)
2026-04-10 13:53:31,905 INFO uploaded finance_data/finance_US_RATE_1980.csv (1247 bytes)
2026-04-10 13:53:32,344 INFO [ok]   ✅ 업로드: finance_data/finance_US_RATE_1981.csv  (1,267 bytes)
2026-04-10 13:53:32,344 INFO uploaded finance_data/finance_US_RATE_1981.csv (1267 bytes)
2026-04-10 13:53:32,745 INFO [ok]   ✅ 업로드: finance_data/finance_US_RATE_1982.csv  (1,237 bytes)
2026-04-10 13:53:32,757 INFO uploaded finance_data/finance_US_RATE_1982.csv (1237 bytes)
2026-04-10 13:53:33,193 INFO [ok]   ✅ 업로드: finance_data/finance_US_RATE_1983.csv  (1,167 bytes)
2026-04-10 13:53:33,206 INFO uploaded finance_data/finance_US_RATE_1983.csv (1167 bytes)
2026-04-10 13:53:33,577 INFO [ok]   ✅ 업로드: finance_data/finance_US_RATE_1984.csv  (1,245 bytes)
2026-04-10 13:53:33,591 INFO uploaded finance_data/finance_US_RATE_1984.csv (1245 bytes)
2026-04-10 13:53:33,906 INFO [ok]   ✅ 업로드: finance_data/finance_US_RATE_1985.csv  (1,159 bytes)
2026-04-10 13:53:33,918 INFO uploaded finance_data/finance_US_RATE_1985.csv (1159 bytes)
2026-04-10 13:53:34,301 INFO [ok]   ✅ 업로드: finance_data/finance_US_RATE_1986.csv  (1,161 bytes)
2026-04-10 13:53:34,301 INFO uploaded finance_data/finance_US_RATE_1986.csv (1161 bytes)
2026-04-10 13:53:34,640 INFO [ok]   ✅ 업로드: finance_data/finance_US_RATE_1987.csv  (1,159 bytes)
2026-04-10 13:53:34,653 INFO uploaded finance_data/finance_US_RATE_1987.csv (1159 bytes)
2026-04-10 13:53:34,997 INFO [ok]   ✅ 업로드: finance_data/finance_US_RATE_1988.csv  (1,161 bytes)
2026-04-10 13:53:35,010 INFO uploaded finance_data/finance_US_RATE_1988.csv (1161 bytes)
2026-04-10 13:53:35,348 INFO [ok]   ✅ 업로드: finance_data/finance_US_RATE_1989.csv  (1,179 bytes)
2026-04-10 13:53:35,362 INFO uploaded finance_data/finance_US_RATE_1989.csv (1179 bytes)
2026-04-10 13:53:35,679 INFO [ok]   ✅ 업로드: finance_data/finance_US_RATE_1990.csv  (1,167 bytes)
2026-04-10 13:53:35,698 INFO uploaded finance_data/finance_US_RATE_1990.csv (1167 bytes)
2026-04-10 13:53:36,075 INFO [ok]   ✅ 업로드: finance_data/finance_US_RATE_1991.csv  (1,161 bytes)
2026-04-10 13:53:36,075 INFO uploaded finance_data/finance_US_RATE_1991.csv (1161 bytes)
2026-04-10 13:53:36,378 INFO [ok]   ✅ 업로드: finance_data/finance_US_RATE_1992.csv  (1,153 bytes)
2026-04-10 13:53:36,393 INFO uploaded finance_data/finance_US_RATE_1992.csv (1153 bytes)
2026-04-10 13:53:36,692 INFO [ok]   ✅ 업로드: finance_data/finance_US_RATE_1993.csv  (1,169 bytes)
2026-04-10 13:53:36,710 INFO uploaded finance_data/finance_US_RATE_1993.csv (1169 bytes)
2026-04-10 13:53:37,010 INFO [ok]   ✅ 업로드: finance_data/finance_US_RATE_1994.csv  (1,171 bytes)
2026-04-10 13:53:37,029 INFO uploaded finance_data/finance_US_RATE_1994.csv (1171 bytes)
2026-04-10 13:53:37,343 INFO [ok]   ✅ 업로드: finance_data/finance_US_RATE_1995.csv  (1,181 bytes)
2026-04-10 13:53:37,343 INFO uploaded finance_data/finance_US_RATE_1995.csv (1181 bytes)
2026-04-10 13:53:37,677 INFO [ok]   ✅ 업로드: finance_data/finance_US_RATE_1996.csv  (1,157 bytes)
2026-04-10 13:53:37,689 INFO uploaded finance_data/finance_US_RATE_1996.csv (1157 bytes)
2026-04-10 13:53:38,024 INFO [ok]   ✅ 업로드: finance_data/finance_US_RATE_1997.csv  (1,167 bytes)
2026-04-10 13:53:38,024 INFO uploaded finance_data/finance_US_RATE_1997.csv (1167 bytes)
2026-04-10 13:53:38,353 INFO [ok]   ✅ 업로드: finance_data/finance_US_RATE_1998.csv  (1,169 bytes)
2026-04-10 13:53:38,366 INFO uploaded finance_data/finance_US_RATE_1998.csv (1169 bytes)
2026-04-10 13:53:38,693 INFO [ok]   ✅ 업로드: finance_data/finance_US_RATE_1999.csv  (1,165 bytes)
2026-04-10 13:53:38,694 INFO uploaded finance_data/finance_US_RATE_1999.csv (1165 bytes)
2026-04-10 13:53:39,006 INFO [ok]   ✅ 업로드: finance_data/finance_US_RATE_2000.csv  (1,179 bytes)
2026-04-10 13:53:39,018 INFO uploaded finance_data/finance_US_RATE_2000.csv (1179 bytes)
2026-04-10 13:53:39,336 INFO [ok]   ✅ 업로드: finance_data/finance_US_RATE_2001.csv  (1,163 bytes)
2026-04-10 13:53:39,336 INFO uploaded finance_data/finance_US_RATE_2001.csv (1163 bytes)
2026-04-10 13:53:39,747 INFO [ok]   ✅ 업로드: finance_data/finance_US_RATE_2002.csv  (1,161 bytes)
2026-04-10 13:53:39,747 INFO uploaded finance_data/finance_US_RATE_2002.csv (1161 bytes)
2026-04-10 13:53:40,119 INFO [ok]   ✅ 업로드: finance_data/finance_US_RATE_2003.csv  (1,159 bytes)
2026-04-10 13:53:40,119 INFO uploaded finance_data/finance_US_RATE_2003.csv (1159 bytes)
2026-04-10 13:53:40,414 INFO [ok]   ✅ 업로드: finance_data/finance_US_RATE_2004.csv  (1,159 bytes)
2026-04-10 13:53:40,428 INFO uploaded finance_data/finance_US_RATE_2004.csv (1159 bytes)
2026-04-10 13:53:40,789 INFO [ok]   ✅ 업로드: finance_data/finance_US_RATE_2005.csv  (1,157 bytes)
2026-04-10 13:53:40,789 INFO uploaded finance_data/finance_US_RATE_2005.csv (1157 bytes)
2026-04-10 13:53:41,099 INFO [ok]   ✅ 업로드: finance_data/finance_US_RATE_2006.csv  (1,181 bytes)
2026-04-10 13:53:41,112 INFO uploaded finance_data/finance_US_RATE_2006.csv (1181 bytes)
2026-04-10 13:53:41,479 INFO [ok]   ✅ 업로드: finance_data/finance_US_RATE_2007.csv  (1,167 bytes)
2026-04-10 13:53:41,492 INFO uploaded finance_data/finance_US_RATE_2007.csv (1167 bytes)
2026-04-10 13:53:41,839 INFO [ok]   ✅ 업로드: finance_data/finance_US_RATE_2008.csv  (1,165 bytes)
2026-04-10 13:53:41,839 INFO uploaded finance_data/finance_US_RATE_2008.csv (1165 bytes)
2026-04-10 13:53:42,149 INFO [ok]   ✅ 업로드: finance_data/finance_US_RATE_2009.csv  (1,169 bytes)
2026-04-10 13:53:42,149 INFO uploaded finance_data/finance_US_RATE_2009.csv (1169 bytes)
2026-04-10 13:53:42,490 INFO [ok]   ✅ 업로드: finance_data/finance_US_RATE_2010.csv  (1,149 bytes)
2026-04-10 13:53:42,504 INFO uploaded finance_data/finance_US_RATE_2010.csv (1149 bytes)
2026-04-10 13:53:42,837 INFO [ok]   ✅ 업로드: finance_data/finance_US_RATE_2011.csv  (1,163 bytes)
2026-04-10 13:53:42,850 INFO uploaded finance_data/finance_US_RATE_2011.csv (1163 bytes)
2026-04-10 13:53:43,150 INFO [ok]   ✅ 업로드: finance_data/finance_US_RATE_2012.csv  (1,195 bytes)
2026-04-10 13:53:43,164 INFO uploaded finance_data/finance_US_RATE_2012.csv (1195 bytes)
2026-04-10 13:53:43,483 INFO [ok]   ✅ 업로드: finance_data/finance_US_RATE_2013.csv  (1,161 bytes)
2026-04-10 13:53:43,497 INFO uploaded finance_data/finance_US_RATE_2013.csv (1161 bytes)
2026-04-10 13:53:43,824 INFO [ok]   ✅ 업로드: finance_data/finance_US_RATE_2014.csv  (1,163 bytes)
2026-04-10 13:53:43,838 INFO uploaded finance_data/finance_US_RATE_2014.csv (1163 bytes)
2026-04-10 13:53:44,143 INFO [ok]   ✅ 업로드: finance_data/finance_US_RATE_2015.csv  (1,173 bytes)
2026-04-10 13:53:44,143 INFO uploaded finance_data/finance_US_RATE_2015.csv (1173 bytes)
2026-04-10 13:53:44,472 INFO [ok]   ✅ 업로드: finance_data/finance_US_RATE_2016.csv  (1,141 bytes)
2026-04-10 13:53:44,488 INFO uploaded finance_data/finance_US_RATE_2016.csv (1141 bytes)
2026-04-10 13:53:45,008 INFO [ok]   ✅ 업로드: finance_data/finance_US_RATE_2017.csv  (1,195 bytes)
2026-04-10 13:53:45,020 INFO uploaded finance_data/finance_US_RATE_2017.csv (1195 bytes)
2026-04-10 13:53:45,337 INFO [ok]   ✅ 업로드: finance_data/finance_US_RATE_2018.csv  (1,143 bytes)
2026-04-10 13:53:45,351 INFO uploaded finance_data/finance_US_RATE_2018.csv (1143 bytes)
2026-04-10 13:53:45,693 INFO [ok]   ✅ 업로드: finance_data/finance_US_RATE_2019.csv  (1,141 bytes)
2026-04-10 13:53:45,716 INFO uploaded finance_data/finance_US_RATE_2019.csv (1141 bytes)
2026-04-10 13:53:46,002 INFO [ok]   ✅ 업로드: finance_data/finance_US_RATE_2020.csv  (1,163 bytes)
2026-04-10 13:53:46,002 INFO uploaded finance_data/finance_US_RATE_2020.csv (1163 bytes)
2026-04-10 13:53:46,317 INFO [ok]   ✅ 업로드: finance_data/finance_US_RATE_2021.csv  (1,157 bytes)
2026-04-10 13:53:46,332 INFO uploaded finance_data/finance_US_RATE_2021.csv (1157 bytes)
2026-04-10 13:53:46,625 INFO [ok]   ✅ 업로드: finance_data/finance_US_RATE_2022.csv  (1,173 bytes)
2026-04-10 13:53:46,639 INFO uploaded finance_data/finance_US_RATE_2022.csv (1173 bytes)
2026-04-10 13:53:46,930 INFO [ok]   ✅ 업로드: finance_data/finance_US_RATE_2023.csv  (1,195 bytes)
2026-04-10 13:53:46,943 INFO uploaded finance_data/finance_US_RATE_2023.csv (1195 bytes)
2026-04-10 13:53:47,283 INFO [ok]   ✅ 업로드: finance_data/finance_US_RATE_2024.csv  (1,173 bytes)
2026-04-10 13:53:47,296 INFO uploaded finance_data/finance_US_RATE_2024.csv (1173 bytes)
2026-04-10 13:53:47,597 INFO [ok]   ✅ 업로드: finance_data/finance_US_RATE_2025.csv  (1,171 bytes)
2026-04-10 13:53:47,611 INFO uploaded finance_data/finance_US_RATE_2025.csv (1171 bytes)
2026-04-10 13:53:47,953 INFO [ok]   ✅ 업로드: finance_data/finance_US_RATE_2026.csv  (381 bytes)
2026-04-10 13:53:47,953 INFO uploaded finance_data/finance_US_RATE_2026.csv (381 bytes)
2026-04-10 13:53:48,265 INFO [ok]   ✅ 업로드: finance_data/finance_BTC_index.json  (94 bytes)
2026-04-10 13:53:48,279 INFO uploaded finance_data/finance_BTC_index.json (94 bytes)
2026-04-10 13:53:48,583 INFO [ok]   ✅ 업로드: finance_data/finance_DOW_index.json  (250 bytes)
2026-04-10 13:53:48,583 INFO uploaded finance_data/finance_DOW_index.json (250 bytes)
2026-04-10 13:53:48,888 INFO [ok]   ✅ 업로드: finance_data/finance_ETH_index.json  (94 bytes)
2026-04-10 13:53:48,902 INFO uploaded finance_data/finance_ETH_index.json (94 bytes)
2026-04-10 13:53:49,197 INFO [ok]   ✅ 업로드: finance_data/finance_GOLD_index.json  (202 bytes)
2026-04-10 13:53:49,197 INFO uploaded finance_data/finance_GOLD_index.json (202 bytes)
2026-04-10 13:53:49,515 INFO [ok]   ✅ 업로드: finance_data/finance_KOSPI_index.json  (226 bytes)
2026-04-10 13:53:49,532 INFO uploaded finance_data/finance_KOSPI_index.json (226 bytes)
2026-04-10 13:53:49,823 INFO [ok]   ✅ 업로드: finance_data/finance_KR_RATE_index.json  (208 bytes)
2026-04-10 13:53:49,841 INFO uploaded finance_data/finance_KR_RATE_index.json (208 bytes)
2026-04-10 13:53:50,173 INFO [ok]   ✅ 업로드: finance_data/finance_KTB5Y_index.json  (202 bytes)
2026-04-10 13:53:50,174 INFO uploaded finance_data/finance_KTB5Y_index.json (202 bytes)
2026-04-10 13:53:50,505 INFO [ok]   ✅ 업로드: finance_data/finance_NASDAQ_index.json  (376 bytes)
2026-04-10 13:53:50,505 INFO uploaded finance_data/finance_NASDAQ_index.json (376 bytes)
2026-04-10 13:53:50,819 INFO [ok]   ✅ 업로드: finance_data/finance_SP500_index.json  (640 bytes)
2026-04-10 13:53:50,834 INFO uploaded finance_data/finance_SP500_index.json (640 bytes)
2026-04-10 13:53:51,137 INFO [ok]   ✅ 업로드: finance_data/finance_USDKRW_index.json  (418 bytes)
2026-04-10 13:53:51,152 INFO uploaded finance_data/finance_USDKRW_index.json (418 bytes)
2026-04-10 13:53:51,492 INFO [ok]   ✅ 업로드: finance_data/finance_US_RATE_index.json  (478 bytes)
2026-04-10 13:53:51,492 INFO uploaded finance_data/finance_US_RATE_index.json (478 bytes)
2026-04-10 13:53:51,492 INFO [ok] 
  R2 업로드 완료 — 업로드: 469개 / 스킵: 0개 / 오류: 0개
