2026-04-06 23:42:36 [DEBUG] ✅ 법정동코드 로드 완료  —  255개 지역
2026-04-06 23:42:36 [DEBUG] 법정동코드 파일: d:\apt-chart3\public\법정동코드 전체자료.txt
2026-04-06 23:42:36 [DEBUG] 출력 폴더:       d:\apt-chart3\public\KaptList
2026-04-06 23:42:36 [DEBUG] 시작 버튼을 눌러 수집을 시작하세요.
2026-04-06 23:43:04 [DEBUG] ▶  수집을 시작합니다. (Phase 1 → 2 → 3 순서)
2026-04-06 23:43:04 [DEBUG] ══ Phase 1: 아파트 목록 수집 ══════════════════
2026-04-06 23:43:04 [DEBUG] [1/255] 서울특별시 종로구 — 기존 38개 (신규 없음)
2026-04-06 23:43:04 [DEBUG] [2/255] 서울특별시 중구 — 기존 48개 (신규 없음)
2026-04-06 23:43:04 [DEBUG] [3/255] 서울특별시 용산구 — 기존 85개 (신규 없음)
2026-04-06 23:43:05 [DEBUG] [4/255] 서울특별시 성동구 — 기존 131개 (신규 없음)
2026-04-06 23:43:05 [DEBUG] [5/255] 서울특별시 광진구 — 기존 96개 (신규 없음)
2026-04-06 23:43:05 [DEBUG] [6/255] 서울특별시 동대문구 — 기존 128개 (신규 없음)
2026-04-06 23:43:05 [DEBUG] [7/255] 서울특별시 중랑구 — 기존 133개 (신규 없음)
2026-04-06 23:43:06 [DEBUG] [8/255] 서울특별시 성북구 — 기존 145개 (신규 없음)
2026-04-06 23:43:06 [DEBUG] [9/255] 서울특별시 강북구 — 기존 56개 (신규 없음)
2026-04-06 23:43:06 [DEBUG] [10/255] 서울특별시 도봉구 — 기존 119개 (신규 없음)
2026-04-06 23:43:06 [DEBUG] [11/255] 서울특별시 노원구 — 기존 229개 (신규 없음)
2026-04-06 23:43:06 [DEBUG] [12/255] 서울특별시 은평구 — 기존 159개 (신규 없음)
2026-04-06 23:43:07 [DEBUG] [13/255] 서울특별시 서대문구 — 기존 94개 (신규 없음)
2026-04-06 23:43:07 [DEBUG] [14/255] 서울특별시 마포구 — 기존 140개 (신규 없음)
2026-04-06 23:43:07 [DEBUG] [15/255] 서울특별시 양천구 — 기존 152개 (신규 없음)
2026-04-06 23:43:07 [DEBUG] [16/255] 서울특별시 강서구 — 기존 209개 (신규 없음)
2026-04-06 23:43:07 [DEBUG] [17/255] 서울특별시 구로구 — 기존 178개 (신규 없음)
2026-04-06 23:43:08 [DEBUG] [18/255] 서울특별시 금천구 — 기존 52개 (신규 없음)
2026-04-06 23:43:08 [DEBUG] [19/255] 서울특별시 영등포구 — 기존 178개 (신규 없음)
2026-04-06 23:43:08 [DEBUG] [20/255] 서울특별시 동작구 — 기존 136개 (신규 없음)
2026-04-06 23:43:08 [DEBUG] [21/255] 서울특별시 관악구 — 기존 90개 (신규 없음)
2026-04-06 23:43:09 [DEBUG] [22/255] 서울특별시 서초구 — 기존 198개 (신규 없음)
2026-04-06 23:43:09 [DEBUG] [23/255] 서울특별시 강남구 — 기존 232개 (신규 없음)
2026-04-06 23:43:09 [DEBUG] [24/255] 서울특별시 송파구 — 기존 175개 (신규 없음)
2026-04-06 23:43:09 [DEBUG] [25/255] 서울특별시 강동구 — 기존 147개 (신규 없음)
2026-04-06 23:43:09 [DEBUG] [26/255] 부산광역시 중구 — 기존 11개 (신규 없음)
2026-04-06 23:43:09 [DEBUG] [27/255] 부산광역시 서구 — 기존 42개 (신규 없음)
2026-04-06 23:43:09 [DEBUG] [28/255] 부산광역시 동구 — 기존 26개 (신규 없음)
2026-04-06 23:43:09 [DEBUG] [29/255] 부산광역시 영도구 — 기존 43개 (신규 없음)
2026-04-06 23:43:10 [DEBUG] [30/255] 부산광역시 부산진구 — 기존 170개 (신규 없음)
2026-04-06 23:43:10 [DEBUG] [31/255] 부산광역시 동래구 — 기존 127개 (신규 없음)
2026-04-06 23:43:10 [DEBUG] [32/255] 부산광역시 남구 — 기존 98개 (신규 없음)
2026-04-06 23:43:10 [DEBUG] [33/255] 부산광역시 북구 — 기존 113개 (신규 없음)
2026-04-06 23:43:11 [DEBUG] [34/255] 부산광역시 해운대구 — 기존 200개 (신규 없음)
2026-04-06 23:43:11 [DEBUG] [35/255] 부산광역시 사하구 — 기존 140개 (신규 없음)
2026-04-06 23:43:11 [DEBUG] [36/255] 부산광역시 금정구 — 기존 86개 (신규 없음)
2026-04-06 23:43:11 [DEBUG] [37/255] 부산광역시 강서구 — 기존 51개 (신규 없음)
2026-04-06 23:43:11 [DEBUG] [38/255] 부산광역시 연제구 — 기존 105개 (신규 없음)
2026-04-06 23:43:11 [DEBUG] [39/255] 부산광역시 수영구 — 기존 62개 (신규 없음)
2026-04-06 23:43:11 [DEBUG] [40/255] 부산광역시 사상구 — 기존 97개 (신규 없음)
2026-04-06 23:43:11 [DEBUG] [41/255] 부산광역시 기장군 — 기존 83개 (신규 없음)
2026-04-06 23:43:11 [DEBUG] [42/255] 대구광역시 중구 — 기존 61개 (신규 없음)
2026-04-06 23:43:11 [DEBUG] [43/255] 대구광역시 동구 — 기존 174개 (신규 없음)
2026-04-06 23:43:12 [DEBUG] [44/255] 대구광역시 서구 — 기존 36개 (신규 없음)
2026-04-06 23:43:12 [DEBUG] [45/255] 대구광역시 남구 — 기존 48개 (신규 없음)
2026-04-06 23:43:12 [DEBUG] [46/255] 대구광역시 북구 — 기존 211개 (신규 없음)
2026-04-06 23:43:12 [DEBUG] [47/255] 대구광역시 수성구 — 기존 268개 (신규 없음)
2026-04-06 23:43:12 [DEBUG] [48/255] 대구광역시 달서구 — 기존 246개 (신규 없음)
2026-04-06 23:43:13 [DEBUG] [49/255] 대구광역시 달성군 — 기존 138개 (신규 없음)
2026-04-06 23:43:13 [DEBUG] [50/255] 대구광역시 군위군 — 기존 1개 (신규 없음)
2026-04-06 23:43:13 [DEBUG] [51/255] 인천광역시 중구 — 기존 77개 (신규 없음)
2026-04-06 23:43:13 [DEBUG] [52/255] 인천광역시 동구 — +1개 저장  (누계 26개, API 1회)
2026-04-06 23:43:13 [DEBUG] [53/255] 인천광역시 미추홀구 — 기존 114개 (신규 없음)
2026-04-06 23:43:13 [DEBUG] [54/255] 인천광역시 연수구 — +1개 저장  (누계 175개, API 1회)
2026-04-06 23:43:13 [DEBUG] [55/255] 인천광역시 남동구 — 기존 166개 (신규 없음)
2026-04-06 23:43:13 [DEBUG] [56/255] 인천광역시 부평구 — 기존 159개 (신규 없음)
2026-04-06 23:43:14 [DEBUG] [57/255] 인천광역시 계양구 — 기존 136개 (신규 없음)
2026-04-06 23:43:14 [DEBUG] [58/255] 인천광역시 서구 — 기존 256개 (신규 없음)
2026-04-06 23:43:14 [DEBUG] [59/255] 인천광역시 강화군 — 기존 7개 (신규 없음)
2026-04-06 23:43:14 [DEBUG] [60/255] 인천광역시 옹진군 — 기존 1개 (신규 없음)
2026-04-06 23:43:14 [DEBUG] [61/255] 광주광역시 동구 — 기존 60개 (신규 없음)
2026-04-06 23:43:14 [DEBUG] [62/255] 광주광역시 서구 — 기존 181개 (신규 없음)
2026-04-06 23:43:14 [DEBUG] [63/255] 광주광역시 남구 — 기존 170개 (신규 없음)
2026-04-06 23:43:14 [DEBUG] [64/255] 광주광역시 북구 — 기존 267개 (신규 없음)
2026-04-06 23:43:15 [DEBUG] [65/255] 광주광역시 광산구 — 기존 266개 (신규 없음)
2026-04-06 23:43:15 [DEBUG] [66/255] 대전광역시 동구 — 기존 90개 (신규 없음)
2026-04-06 23:43:15 [DEBUG] [67/255] 대전광역시 중구 — 기존 102개 (신규 없음)
2026-04-06 23:43:15 [DEBUG] [68/255] 대전광역시 서구 — +1개 저장  (누계 168개, API 1회)
2026-04-06 23:43:15 [DEBUG] [69/255] 대전광역시 유성구 — 기존 171개 (신규 없음)
2026-04-06 23:43:15 [DEBUG] [70/255] 대전광역시 대덕구 — 기존 65개 (신규 없음)
2026-04-06 23:43:15 [DEBUG] [71/255] 울산광역시 중구 — 기존 94개 (신규 없음)
2026-04-06 23:43:15 [DEBUG] [72/255] 울산광역시 남구 — 기존 170개 (신규 없음)
2026-04-06 23:43:15 [DEBUG] [73/255] 울산광역시 동구 — 기존 64개 (신규 없음)
2026-04-06 23:43:15 [DEBUG] [74/255] 울산광역시 북구 — 기존 114개 (신규 없음)
2026-04-06 23:43:15 [DEBUG] [75/255] 울산광역시 울주군 — 기존 101개 (신규 없음)
2026-04-06 23:43:16 [DEBUG] [76/255] 세종특별자치시 반곡동 — 기존 214개 (신규 없음)
2026-04-06 23:43:16 [DEBUG] [77/255] 경기도 수원시 장안구 — 기존 91개 (신규 없음)
2026-04-06 23:43:16 [DEBUG] [78/255] 경기도 수원시 권선구 — 기존 142개 (신규 없음)
2026-04-06 23:43:16 [DEBUG] [79/255] 경기도 수원시 팔달구 — 기존 73개 (신규 없음)
2026-04-06 23:43:16 [DEBUG] [80/255] 경기도 수원시 영통구 — 기존 138개 (신규 없음)
2026-04-06 23:43:16 [DEBUG] [81/255] 경기도 성남시 수정구 — 기존 60개 (신규 없음)
2026-04-06 23:43:16 [DEBUG] [82/255] 경기도 성남시 중원구 — 기존 54개 (신규 없음)
2026-04-06 23:43:16 [DEBUG] [83/255] 경기도 성남시 분당구 — 기존 214개 (신규 없음)
2026-04-06 23:43:16 [DEBUG] [84/255] 경기도 의정부시 — 기존 245개 (신규 없음)
2026-04-06 23:43:16 [DEBUG] [85/255] 경기도 안양시 만안구 — 기존 87개 (신규 없음)
2026-04-06 23:43:17 [DEBUG] [86/255] 경기도 안양시 동안구 — 기존 130개 (신규 없음)
2026-04-06 23:43:17 [DEBUG] [87/255] 경기도 부천시 원미구 — 기존 134개 (신규 없음)
2026-04-06 23:43:17 [DEBUG] [88/255] 경기도 부천시 소사구 — 기존 83개 (신규 없음)
2026-04-06 23:43:17 [DEBUG] [89/255] 경기도 부천시 오정구 — 기존 42개 (신규 없음)
2026-04-06 23:43:17 [DEBUG] [90/255] 경기도 광명시 — 기존 86개 (신규 없음)
2026-04-06 23:43:17 [DEBUG] [91/255] 경기도 평택시 — 기존 307개 (신규 없음)
2026-04-06 23:43:17 [DEBUG] [92/255] 경기도 동두천시 — 기존 47개 (신규 없음)
2026-04-06 23:43:17 [DEBUG] [93/255] 경기도 안산시 상록구 — 기존 56개 (신규 없음)
2026-04-06 23:43:18 [DEBUG] [94/255] 경기도 안산시 단원구 — 기존 86개 (신규 없음)
2026-04-06 23:43:18 [DEBUG] [95/255] 경기도 고양시 덕양구 — 기존 199개 (신규 없음)
2026-04-06 23:43:18 [DEBUG] [96/255] 경기도 고양시 일산동구 — 기존 114개 (신규 없음)
2026-04-06 23:43:18 [DEBUG] [97/255] 경기도 고양시 일산서구 — 기존 150개 (신규 없음)
2026-04-06 23:43:18 [DEBUG] [98/255] 경기도 과천시 — 기존 20개 (신규 없음)
2026-04-06 23:43:18 [DEBUG] [99/255] 경기도 구리시 — 기존 87개 (신규 없음)
2026-04-06 23:43:18 [DEBUG] [100/255] 경기도 남양주시 — 기존 327개 (신규 없음)
2026-04-06 23:43:18 [DEBUG] [101/255] 경기도 오산시 — 기존 109개 (신규 없음)
2026-04-06 23:43:19 [DEBUG] [102/255] 경기도 시흥시 — +1개 저장  (누계 254개, API 1회)
2026-04-06 23:43:19 [DEBUG] [103/255] 경기도 군포시 — 기존 97개 (신규 없음)
2026-04-06 23:43:19 [DEBUG] [104/255] 경기도 의왕시 — 기존 86개 (신규 없음)
2026-04-06 23:43:19 [DEBUG] [105/255] 경기도 하남시 — 기존 123개 (신규 없음)
2026-04-06 23:43:19 [DEBUG] [106/255] 경기도 용인시 처인구 — 기존 88개 (신규 없음)
2026-04-06 23:43:19 [DEBUG] [107/255] 경기도 용인시 기흥구 — 기존 230개 (신규 없음)
2026-04-06 23:43:19 [DEBUG] [108/255] 경기도 용인시 수지구 — 기존 208개 (신규 없음)
2026-04-06 23:43:19 [DEBUG] [109/255] 경기도 파주시 — 기존 202개 (신규 없음)
2026-04-06 23:43:19 [DEBUG] [110/255] 경기도 이천시 — 기존 105개 (신규 없음)
2026-04-06 23:43:19 [DEBUG] [111/255] 경기도 안성시 — 기존 82개 (신규 없음)
2026-04-06 23:43:19 [DEBUG] [112/255] 경기도 김포시 — 기존 200개 (신규 없음)
2026-04-06 23:43:19 [DEBUG] [113/255] 경기도 화성시 만세구 — 기존 89개 (신규 없음)
2026-04-06 23:43:20 [DEBUG] [114/255] 경기도 화성시 효행구 — 기존 70개 (신규 없음)
2026-04-06 23:43:20 [DEBUG] [115/255] 경기도 화성시 병점구 — 기존 75개 (신규 없음)
2026-04-06 23:43:20 [DEBUG] [116/255] 경기도 화성시 동탄구 — 기존 191개 (신규 없음)
2026-04-06 23:43:20 [DEBUG] [117/255] 경기도 광주시 — 기존 126개 (신규 없음)
2026-04-06 23:43:21 [DEBUG] [118/255] 경기도 양주시 — 기존 146개 (신규 없음)
2026-04-06 23:43:21 [DEBUG] [119/255] 경기도 포천시 — 기존 43개 (신규 없음)
2026-04-06 23:43:21 [DEBUG] [120/255] 경기도 여주시 — 기존 38개 (신규 없음)
2026-04-06 23:43:21 [DEBUG] [121/255] 경기도 연천군 — 기존 13개 (신규 없음)
2026-04-06 23:43:21 [DEBUG] [122/255] 경기도 가평군 — 기존 21개 (신규 없음)
2026-04-06 23:43:21 [DEBUG] [123/255] 경기도 양평군 — 기존 29개 (신규 없음)
2026-04-06 23:43:21 [DEBUG] [124/255] 충청북도 청주시 상당구 — 기존 94개 (신규 없음)
2026-04-06 23:43:21 [DEBUG] [125/255] 충청북도 청주시 서원구 — 기존 94개 (신규 없음)
2026-04-06 23:43:21 [DEBUG] [126/255] 충청북도 청주시 흥덕구 — 기존 152개 (신규 없음)
2026-04-06 23:43:21 [DEBUG] [127/255] 충청북도 청주시 청원구 — 기존 91개 (신규 없음)
2026-04-06 23:43:21 [DEBUG] [128/255] 충청북도 충주시 — 기존 100개 (신규 없음)
2026-04-06 23:43:22 [DEBUG] [129/255] 충청북도 제천시 — 기존 72개 (신규 없음)
2026-04-06 23:43:22 [DEBUG] [130/255] 충청북도 보은군 — 기존 7개 (신규 없음)
2026-04-06 23:43:22 [DEBUG] [131/255] 충청북도 옥천군 — 기존 19개 (신규 없음)
2026-04-06 23:43:22 [DEBUG] [132/255] 충청북도 영동군 — 기존 12개 (신규 없음)
2026-04-06 23:43:22 [DEBUG] [133/255] 충청북도 증평군 — +1개 저장  (누계 23개, API 1회)
2026-04-06 23:43:22 [DEBUG] [134/255] 충청북도 진천군 — 기존 53개 (신규 없음)
2026-04-06 23:43:22 [DEBUG] [135/255] 충청북도 괴산군 — 기존 6개 (신규 없음)
2026-04-06 23:43:22 [DEBUG] [136/255] 충청북도 음성군 — 기존 60개 (신규 없음)
2026-04-06 23:43:22 [DEBUG] [137/255] 충청북도 단양군 — 기존 9개 (신규 없음)
2026-04-06 23:43:22 [DEBUG] [138/255] 충청남도 천안시 동남구 — 기존 130개 (신규 없음)
2026-04-06 23:43:23 [DEBUG] [139/255] 충청남도 천안시 서북구 — 기존 233개 (신규 없음)
2026-04-06 23:43:23 [DEBUG] [140/255] 충청남도 공주시 — 기존 42개 (신규 없음)
2026-04-06 23:43:23 [DEBUG] [141/255] 충청남도 보령시 — 기존 40개 (신규 없음)
2026-04-06 23:43:23 [DEBUG] [142/255] 충청남도 아산시 — 기존 190개 (신규 없음)
2026-04-06 23:43:23 [DEBUG] [143/255] 충청남도 서산시 — 기존 82개 (신규 없음)
2026-04-06 23:43:23 [DEBUG] [144/255] 충청남도 논산시 — 기존 39개 (신규 없음)
2026-04-06 23:43:23 [DEBUG] [145/255] 충청남도 계룡시 — 기존 23개 (신규 없음)
2026-04-06 23:43:23 [DEBUG] [146/255] 충청남도 당진시 — 기존 87개 (신규 없음)
2026-04-06 23:43:23 [DEBUG] [147/255] 충청남도 금산군 — 기존 10개 (신규 없음)
2026-04-06 23:43:23 [DEBUG] [148/255] 충청남도 부여군 — 기존 11개 (신규 없음)
2026-04-06 23:43:23 [DEBUG] [149/255] 충청남도 서천군 — 기존 16개 (신규 없음)
2026-04-06 23:43:23 [DEBUG] [150/255] 충청남도 청양군 — 기존 7개 (신규 없음)
2026-04-06 23:43:23 [DEBUG] [151/255] 충청남도 홍성군 — 기존 43개 (신규 없음)
2026-04-06 23:43:24 [DEBUG] [152/255] 충청남도 예산군 — 기존 35개 (신규 없음)
2026-04-06 23:43:24 [DEBUG] [153/255] 충청남도 태안군 — 기존 18개 (신규 없음)
2026-04-06 23:43:24 [DEBUG] [154/255] 전라남도 목포시 — 기존 149개 (신규 없음)
2026-04-06 23:43:24 [DEBUG] [155/255] 전라남도 여수시 — 기존 130개 (신규 없음)
2026-04-06 23:43:24 [DEBUG] [156/255] 전라남도 순천시 — 기존 148개 (신규 없음)
2026-04-06 23:43:24 [DEBUG] [157/255] 전라남도 나주시 — 기존 46개 (신규 없음)
2026-04-06 23:43:24 [DEBUG] [158/255] 전라남도 광양시 — 기존 105개 (신규 없음)
2026-04-06 23:43:24 [DEBUG] [159/255] 전라남도 담양군 — 기존 8개 (신규 없음)
2026-04-06 23:43:24 [DEBUG] [160/255] 전라남도 곡성군 — 기존 1개 (신규 없음)
2026-04-06 23:43:25 [DEBUG] [161/255] 전라남도 구례군 — 기존 5개 (신규 없음)
2026-04-06 23:43:25 [DEBUG] [162/255] 전라남도 고흥군 — 기존 10개 (신규 없음)
2026-04-06 23:43:25 [DEBUG] [163/255] 전라남도 보성군 — 기존 8개 (신규 없음)
2026-04-06 23:43:25 [DEBUG] [164/255] 전라남도 화순군 — 기존 30개 (신규 없음)
2026-04-06 23:43:25 [DEBUG] [165/255] 전라남도 장흥군 — 기존 9개 (신규 없음)
2026-04-06 23:43:25 [DEBUG] [166/255] 전라남도 강진군 — 기존 8개 (신규 없음)
2026-04-06 23:43:25 [DEBUG] [167/255] 전라남도 해남군 — 기존 16개 (신규 없음)
2026-04-06 23:43:25 [DEBUG] [168/255] 전라남도 영암군 — 기존 25개 (신규 없음)
2026-04-06 23:43:26 [DEBUG] [169/255] 전라남도 무안군 — 기존 52개 (신규 없음)
2026-04-06 23:43:26 [DEBUG] [170/255] 전라남도 함평군 — 기존 5개 (신규 없음)
2026-04-06 23:43:26 [DEBUG] [171/255] 전라남도 영광군 — 기존 22개 (신규 없음)
2026-04-06 23:43:26 [DEBUG] [172/255] 전라남도 장성군 — 기존 14개 (신규 없음)
2026-04-06 23:43:26 [DEBUG] [173/255] 전라남도 완도군 — 기존 7개 (신규 없음)
2026-04-06 23:43:26 [DEBUG] [174/255] 전라남도 진도군 — 기존 1개 (신규 없음)
2026-04-06 23:43:26 [DEBUG] [175/255] 전라남도 신안군 — 목록 없음 (요청 1회)
2026-04-06 23:43:26 [DEBUG] [176/255] 경상북도 포항시 남구 — 기존 88개 (신규 없음)
2026-04-06 23:43:26 [DEBUG] [177/255] 경상북도 포항시 북구 — 기존 144개 (신규 없음)
2026-04-06 23:43:27 [DEBUG] [178/255] 경상북도 경주시 — 기존 106개 (신규 없음)
2026-04-06 23:43:27 [DEBUG] [179/255] 경상북도 김천시 — 기존 64개 (신규 없음)
2026-04-06 23:43:27 [DEBUG] [180/255] 경상북도 안동시 — 기존 84개 (신규 없음)
2026-04-06 23:43:27 [DEBUG] [181/255] 경상북도 구미시 — 기존 201개 (신규 없음)
2026-04-06 23:43:27 [DEBUG] [182/255] 경상북도 영주시 — 기존 35개 (신규 없음)
2026-04-06 23:43:27 [DEBUG] [183/255] 경상북도 영천시 — 기존 40개 (신규 없음)
2026-04-06 23:43:28 [DEBUG] [184/255] 경상북도 상주시 — 기존 31개 (신규 없음)
2026-04-06 23:43:28 [DEBUG] [185/255] 경상북도 문경시 — 기존 23개 (신규 없음)
2026-04-06 23:43:28 [DEBUG] [186/255] 경상북도 경산시 — 기존 142개 (신규 없음)
2026-04-06 23:43:28 [DEBUG] [187/255] 경상북도 의성군 — 기존 5개 (신규 없음)
2026-04-06 23:43:28 [DEBUG] [188/255] 경상북도 청송군 — 기존 2개 (신규 없음)
2026-04-06 23:43:29 [DEBUG] [189/255] 경상북도 영양군 — 기존 2개 (신규 없음)
2026-04-06 23:43:29 [DEBUG] [190/255] 경상북도 영덕군 — 기존 1개 (신규 없음)
2026-04-06 23:43:29 [DEBUG] [191/255] 경상북도 청도군 — 기존 4개 (신규 없음)
2026-04-06 23:43:29 [DEBUG] [192/255] 경상북도 고령군 — 기존 9개 (신규 없음)
2026-04-06 23:43:30 [DEBUG] [193/255] 경상북도 성주군 — 기존 9개 (신규 없음)
2026-04-06 23:43:30 [DEBUG] [194/255] 경상북도 칠곡군 — 기존 51개 (신규 없음)
2026-04-06 23:43:30 [DEBUG] [195/255] 경상북도 예천군 — 기존 14개 (신규 없음)
2026-04-06 23:43:30 [DEBUG] [196/255] 경상북도 봉화군 — 기존 2개 (신규 없음)
2026-04-06 23:43:30 [DEBUG] [197/255] 경상북도 울진군 — 기존 8개 (신규 없음)
2026-04-06 23:43:30 [DEBUG] [198/255] 경상북도 울릉군 — 기존 4개 (신규 없음)
2026-04-06 23:43:30 [DEBUG] [199/255] 경상남도 창원시 의창구 — 기존 73개 (신규 없음)
2026-04-06 23:43:31 [DEBUG] [200/255] 경상남도 창원시 성산구 — 기존 99개 (신규 없음)
2026-04-06 23:43:31 [DEBUG] [201/255] 경상남도 창원시 마산합포구 — 기존 89개 (신규 없음)
2026-04-06 23:43:31 [DEBUG] [202/255] 경상남도 창원시 마산회원구 — 기존 75개 (신규 없음)
2026-04-06 23:43:31 [DEBUG] [203/255] 경상남도 창원시 진해구 — 기존 91개 (신규 없음)
2026-04-06 23:43:31 [DEBUG] [204/255] 경상남도 진주시 — 기존 167개 (신규 없음)
2026-04-06 23:43:31 [DEBUG] [205/255] 경상남도 통영시 — 기존 83개 (신규 없음)
2026-04-06 23:43:31 [DEBUG] [206/255] 경상남도 사천시 — 기존 54개 (신규 없음)
2026-04-06 23:43:32 [DEBUG] [207/255] 경상남도 김해시 — 기존 242개 (신규 없음)
2026-04-06 23:43:32 [DEBUG] [208/255] 경상남도 밀양시 — 기존 45개 (신규 없음)
2026-04-06 23:43:32 [DEBUG] [209/255] 경상남도 거제시 — 기존 148개 (신규 없음)
2026-04-06 23:43:33 [DEBUG] [210/255] 경상남도 양산시 — 기존 190개 (신규 없음)
2026-04-06 23:43:33 [DEBUG] [211/255] 경상남도 의령군 — 기존 4개 (신규 없음)
2026-04-06 23:43:33 [DEBUG] [212/255] 경상남도 함안군 — 기존 21개 (신규 없음)
2026-04-06 23:43:33 [DEBUG] [213/255] 경상남도 창녕군 — 기존 14개 (신규 없음)
2026-04-06 23:43:33 [DEBUG] [214/255] 경상남도 고성군 — 기존 15개 (신규 없음)
2026-04-06 23:43:33 [DEBUG] [215/255] 경상남도 남해군 — 기존 4개 (신규 없음)
2026-04-06 23:43:33 [DEBUG] [216/255] 경상남도 하동군 — 기존 8개 (신규 없음)
2026-04-06 23:43:33 [DEBUG] [217/255] 경상남도 산청군 — 기존 4개 (신규 없음)
2026-04-06 23:43:34 [DEBUG] [218/255] 경상남도 함양군 — 기존 9개 (신규 없음)
2026-04-06 23:43:34 [DEBUG] [219/255] 경상남도 거창군 — 기존 16개 (신규 없음)
2026-04-06 23:43:34 [DEBUG] [220/255] 경상남도 합천군 — 기존 3개 (신규 없음)
2026-04-06 23:43:34 [DEBUG] [221/255] 제주특별자치도 제주시 — 기존 127개 (신규 없음)
2026-04-06 23:43:34 [DEBUG] [222/255] 제주특별자치도 서귀포시 — 기존 58개 (신규 없음)
2026-04-06 23:43:34 [DEBUG] [223/255] 강원특별자치도 춘천시 — 기존 143개 (신규 없음)
2026-04-06 23:43:34 [DEBUG] [224/255] 강원특별자치도 원주시 — 기존 231개 (신규 없음)
2026-04-06 23:43:34 [DEBUG] [225/255] 강원특별자치도 강릉시 — 기존 126개 (신규 없음)
2026-04-06 23:43:35 [DEBUG] [226/255] 강원특별자치도 동해시 — 기존 60개 (신규 없음)
2026-04-06 23:43:35 [DEBUG] [227/255] 강원특별자치도 태백시 — 기존 37개 (신규 없음)
2026-04-06 23:43:35 [DEBUG] [228/255] 강원특별자치도 속초시 — 기존 71개 (신규 없음)
2026-04-06 23:43:35 [DEBUG] [229/255] 강원특별자치도 삼척시 — 기존 32개 (신규 없음)
2026-04-06 23:43:35 [DEBUG] [230/255] 강원특별자치도 홍천군 — 기존 20개 (신규 없음)
2026-04-06 23:43:35 [DEBUG] [231/255] 강원특별자치도 횡성군 — 기존 18개 (신규 없음)
2026-04-06 23:43:35 [DEBUG] [232/255] 강원특별자치도 영월군 — 기존 16개 (신규 없음)
2026-04-06 23:43:35 [DEBUG] [233/255] 강원특별자치도 평창군 — 기존 21개 (신규 없음)
2026-04-06 23:43:36 [DEBUG] [234/255] 강원특별자치도 정선군 — 기존 19개 (신규 없음)
2026-04-06 23:43:36 [DEBUG] [235/255] 강원특별자치도 철원군 — 기존 15개 (신규 없음)
2026-04-06 23:43:36 [DEBUG] [236/255] 강원특별자치도 화천군 — 기존 6개 (신규 없음)
2026-04-06 23:43:36 [DEBUG] [237/255] 강원특별자치도 양구군 — 기존 6개 (신규 없음)
2026-04-06 23:43:36 [DEBUG] [238/255] 강원특별자치도 인제군 — 기존 5개 (신규 없음)
2026-04-06 23:43:36 [DEBUG] [239/255] 강원특별자치도 고성군 — 기존 12개 (신규 없음)
2026-04-06 23:43:36 [DEBUG] [240/255] 강원특별자치도 양양군 — 기존 17개 (신규 없음)
2026-04-06 23:43:36 [DEBUG] [241/255] 전북특별자치도 전주시 완산구 — 기존 191개 (신규 없음)
2026-04-06 23:43:37 [DEBUG] [242/255] 전북특별자치도 전주시 덕진구 — 기존 169개 (신규 없음)
2026-04-06 23:43:37 [DEBUG] [243/255] 전북특별자치도 군산시 — 기존 156개 (신규 없음)
2026-04-06 23:43:37 [DEBUG] [244/255] 전북특별자치도 익산시 — 기존 169개 (신규 없음)
2026-04-06 23:43:37 [DEBUG] [245/255] 전북특별자치도 정읍시 — 기존 44개 (신규 없음)
2026-04-06 23:43:37 [DEBUG] [246/255] 전북특별자치도 남원시 — 기존 33개 (신규 없음)
2026-04-06 23:43:37 [DEBUG] [247/255] 전북특별자치도 김제시 — 기존 36개 (신규 없음)
2026-04-06 23:43:37 [DEBUG] [248/255] 전북특별자치도 완주군 — 기존 48개 (신규 없음)
2026-04-06 23:43:37 [DEBUG] [249/255] 전북특별자치도 진안군 — 기존 4개 (신규 없음)
2026-04-06 23:43:38 [DEBUG] [250/255] 전북특별자치도 무주군 — 기존 3개 (신규 없음)
2026-04-06 23:43:38 [DEBUG] [251/255] 전북특별자치도 장수군 — 기존 3개 (신규 없음)
2026-04-06 23:43:38 [DEBUG] [252/255] 전북특별자치도 임실군 — 기존 3개 (신규 없음)
2026-04-06 23:43:38 [DEBUG] [253/255] 전북특별자치도 순창군 — 기존 6개 (신규 없음)
2026-04-06 23:43:38 [DEBUG] [254/255] 전북특별자치도 고창군 — 기존 12개 (신규 없음)
2026-04-06 23:43:38 [DEBUG] [255/255] 전북특별자치도 부안군 — 기존 13개 (신규 없음)
2026-04-06 23:43:38 [DEBUG] ══ Phase 2: 단지 기본정보 추가 ══════════════════
2026-04-06 23:43:38 [DEBUG] [1/254] 강원특별자치도_강릉시_51150_list_coord.csv — 기본정보 완료 (skip)
2026-04-06 23:43:38 [DEBUG] [2/254] 강원특별자치도_고성군_51820_list_coord.csv — 기본정보 완료 (skip)
2026-04-06 23:43:38 [DEBUG] [3/254] 강원특별자치도_동해시_51170_list_coord.csv — 기본정보 완료 (skip)
2026-04-06 23:43:39 [DEBUG] [4/254] 강원특별자치도_삼척시_51230_list_coord.csv — 기본정보 완료 (skip)
2026-04-06 23:43:39 [DEBUG] [5/254] 강원특별자치도_속초시_51210_list_coord.csv — 기본정보 완료 (skip)
2026-04-06 23:43:39 [DEBUG] [6/254] 강원특별자치도_양구군_51800_list_coord.csv — 기본정보 완료 (skip)
2026-04-06 23:43:39 [DEBUG] [7/254] 강원특별자치도_양양군_51830_list_coord.csv — 기본정보 완료 (skip)
2026-04-06 23:43:39 [DEBUG] [8/254] 강원특별자치도_영월군_51750_list_coord.csv — 기본정보 완료 (skip)
2026-04-06 23:43:39 [DEBUG] [9/254] 강원특별자치도_원주시_51130_list_coord.csv — 기본정보 완료 (skip)
2026-04-06 23:43:39 [DEBUG] [10/254] 강원특별자치도_인제군_51810_list_coord.csv — 기본정보 완료 (skip)
2026-04-06 23:43:39 [DEBUG] [11/254] 강원특별자치도_정선군_51770_list_coord.csv — 기본정보 완료 (skip)
2026-04-06 23:43:39 [DEBUG] [12/254] 강원특별자치도_철원군_51780_list_coord.csv — 기본정보 완료 (skip)
2026-04-06 23:43:39 [DEBUG] [13/254] 강원특별자치도_춘천시_51110_list_coord.csv — 기본정보 완료 (skip)
2026-04-06 23:43:39 [DEBUG] [14/254] 강원특별자치도_태백시_51190_list_coord.csv — 기본정보 완료 (skip)
2026-04-06 23:43:39 [DEBUG] [15/254] 강원특별자치도_평창군_51760_list_coord.csv — 기본정보 완료 (skip)
2026-04-06 23:43:39 [DEBUG] [16/254] 강원특별자치도_홍천군_51720_list_coord.csv — 기본정보 완료 (skip)
2026-04-06 23:43:39 [DEBUG] [17/254] 강원특별자치도_화천군_51790_list_coord.csv — 기본정보 완료 (skip)
2026-04-06 23:43:39 [DEBUG] [18/254] 강원특별자치도_횡성군_51730_list_coord.csv — 기본정보 완료 (skip)
2026-04-06 23:43:39 [DEBUG] [19/254] 경기도_가평군_41820_list_coord.csv — 기본정보 완료 (skip)
2026-04-06 23:43:39 [DEBUG] [20/254] 경기도_고양시_덕양구_41281_list_coord.csv — 기본정보 완료 (skip)
2026-04-06 23:43:39 [DEBUG] [21/254] 경기도_고양시_일산동구_41285_list_coord.csv — 기본정보 완료 (skip)
2026-04-06 23:43:39 [DEBUG] [22/254] 경기도_고양시_일산서구_41287_list_coord.csv — 기본정보 완료 (skip)
2026-04-06 23:43:39 [DEBUG] [23/254] 경기도_과천시_41290_list_coord.csv — 기본정보 완료 (skip)
2026-04-06 23:43:39 [DEBUG] [24/254] 경기도_광명시_41210_list_coord.csv — 기본정보 완료 (skip)
2026-04-06 23:43:39 [DEBUG] [25/254] 경기도_광주시_41610_list_coord.csv — 기본정보 완료 (skip)
2026-04-06 23:43:39 [DEBUG] [26/254] 경기도_구리시_41310_list_coord.csv — 기본정보 완료 (skip)
2026-04-06 23:43:39 [DEBUG] [27/254] 경기도_군포시_41410_list_coord.csv — 기본정보 완료 (skip)
2026-04-06 23:43:39 [DEBUG] [28/254] 경기도_김포시_41570_list_coord.csv — 기본정보 완료 (skip)
2026-04-06 23:43:39 [DEBUG] [29/254] 경기도_남양주시_41360_list_coord.csv — 기본정보 완료 (skip)
2026-04-06 23:43:39 [DEBUG] [30/254] 경기도_동두천시_41250_list_coord.csv — 기본정보 완료 (skip)
2026-04-06 23:43:39 [DEBUG] [31/254] 경기도_부천시_소사구_41194_list_coord.csv — 기본정보 완료 (skip)
2026-04-06 23:43:39 [DEBUG] [32/254] 경기도_부천시_오정구_41196_list_coord.csv — 기본정보 완료 (skip)
2026-04-06 23:43:40 [DEBUG] [33/254] 경기도_부천시_원미구_41192_list_coord.csv — 기본정보 완료 (skip)
2026-04-06 23:43:40 [DEBUG] [34/254] 경기도_성남시_분당구_41135_list_coord.csv — 기본정보 완료 (skip)
2026-04-06 23:43:40 [DEBUG] [35/254] 경기도_성남시_수정구_41131_list_coord.csv — 기본정보 완료 (skip)
2026-04-06 23:43:40 [DEBUG] [36/254] 경기도_성남시_중원구_41133_list_coord.csv — 기본정보 완료 (skip)
2026-04-06 23:43:40 [DEBUG] [37/254] 경기도_수원시_권선구_41113_list_coord.csv — 기본정보 완료 (skip)
2026-04-06 23:43:40 [DEBUG] [38/254] 경기도_수원시_영통구_41117_list_coord.csv — 기본정보 완료 (skip)
2026-04-06 23:43:40 [DEBUG] [39/254] 경기도_수원시_장안구_41111_list_coord.csv — 기본정보 완료 (skip)
2026-04-06 23:43:40 [DEBUG] [40/254] 경기도_수원시_팔달구_41115_list_coord.csv — 기본정보 완료 (skip)
2026-04-06 23:43:40 [DEBUG] [41/254] 경기도_시흥시_41390_list_coord.csv — 1행 처리 예정
2026-04-06 23:43:40 [DEBUG] [1/1] 정왕1단지 행복주택 [A10020181]  경기도 시흥시 정왕동 1799-2 정왕1단지 행복주택
2026-04-06 23:43:40 [DEBUG] ✅ 경기도_시흥시_41390_list_coord.csv 저장 완료
2026-04-06 23:43:40 [DEBUG] [42/254] 경기도_안산시_단원구_41273_list_coord.csv — 기본정보 완료 (skip)
2026-04-06 23:43:40 [DEBUG] [43/254] 경기도_안산시_상록구_41271_list_coord.csv — 기본정보 완료 (skip)
2026-04-06 23:43:40 [DEBUG] [44/254] 경기도_안성시_41550_list_coord.csv — 기본정보 완료 (skip)
2026-04-06 23:43:40 [DEBUG] [45/254] 경기도_안양시_동안구_41173_list_coord.csv — 기본정보 완료 (skip)
2026-04-06 23:43:40 [DEBUG] [46/254] 경기도_안양시_만안구_41171_list_coord.csv — 기본정보 완료 (skip)
2026-04-06 23:43:40 [DEBUG] [47/254] 경기도_양주시_41630_list_coord.csv — 기본정보 완료 (skip)
2026-04-06 23:43:40 [DEBUG] [48/254] 경기도_양평군_41830_list_coord.csv — 기본정보 완료 (skip)
2026-04-06 23:43:40 [DEBUG] [49/254] 경기도_여주시_41670_list_coord.csv — 기본정보 완료 (skip)
2026-04-06 23:43:40 [DEBUG] [50/254] 경기도_연천군_41800_list_coord.csv — 기본정보 완료 (skip)
2026-04-06 23:43:40 [DEBUG] [51/254] 경기도_오산시_41370_list_coord.csv — 기본정보 완료 (skip)
2026-04-06 23:43:40 [DEBUG] [52/254] 경기도_용인시_기흥구_41463_list_coord.csv — 기본정보 완료 (skip)
2026-04-06 23:43:41 [DEBUG] [53/254] 경기도_용인시_수지구_41465_list_coord.csv — 기본정보 완료 (skip)
2026-04-06 23:43:41 [DEBUG] [54/254] 경기도_용인시_처인구_41461_list_coord.csv — 기본정보 완료 (skip)
2026-04-06 23:43:41 [DEBUG] [55/254] 경기도_의왕시_41430_list_coord.csv — 기본정보 완료 (skip)
2026-04-06 23:43:41 [DEBUG] [56/254] 경기도_의정부시_41150_list_coord.csv — 기본정보 완료 (skip)
2026-04-06 23:43:41 [DEBUG] [57/254] 경기도_이천시_41500_list_coord.csv — 기본정보 완료 (skip)
2026-04-06 23:43:41 [DEBUG] [58/254] 경기도_파주시_41480_list_coord.csv — 기본정보 완료 (skip)
2026-04-06 23:43:41 [DEBUG] [59/254] 경기도_평택시_41220_list_coord.csv — 기본정보 완료 (skip)
2026-04-06 23:43:41 [DEBUG] [60/254] 경기도_포천시_41650_list_coord.csv — 기본정보 완료 (skip)
2026-04-06 23:43:41 [DEBUG] [61/254] 경기도_하남시_41450_list_coord.csv — 기본정보 완료 (skip)
2026-04-06 23:43:41 [DEBUG] [62/254] 경기도_화성시_동탄구_41597_list_coord.csv — 기본정보 완료 (skip)
2026-04-06 23:43:41 [DEBUG] [63/254] 경기도_화성시_만세구_41591_list_coord.csv — 기본정보 완료 (skip)
2026-04-06 23:43:41 [DEBUG] [64/254] 경기도_화성시_병점구_41595_list_coord.csv — 기본정보 완료 (skip)
2026-04-06 23:43:41 [DEBUG] [65/254] 경기도_화성시_효행구_41593_list_coord.csv — 기본정보 완료 (skip)
2026-04-06 23:43:41 [DEBUG] [66/254] 경상남도_거제시_48310_list_coord.csv — 기본정보 완료 (skip)
2026-04-06 23:43:41 [DEBUG] [67/254] 경상남도_거창군_48880_list_coord.csv — 기본정보 완료 (skip)
2026-04-06 23:43:41 [DEBUG] [68/254] 경상남도_고성군_48820_list_coord.csv — 기본정보 완료 (skip)
2026-04-06 23:43:41 [DEBUG] [69/254] 경상남도_김해시_48250_list_coord.csv — 기본정보 완료 (skip)
2026-04-06 23:43:41 [DEBUG] [70/254] 경상남도_남해군_48840_list_coord.csv — 기본정보 완료 (skip)
2026-04-06 23:43:41 [DEBUG] [71/254] 경상남도_밀양시_48270_list_coord.csv — 기본정보 완료 (skip)
2026-04-06 23:43:41 [DEBUG] [72/254] 경상남도_사천시_48240_list_coord.csv — 기본정보 완료 (skip)
2026-04-06 23:43:41 [DEBUG] [73/254] 경상남도_산청군_48860_list_coord.csv — 기본정보 완료 (skip)
2026-04-06 23:43:41 [DEBUG] [74/254] 경상남도_양산시_48330_list_coord.csv — 기본정보 완료 (skip)
2026-04-06 23:43:41 [DEBUG] [75/254] 경상남도_의령군_48720_list_coord.csv — 기본정보 완료 (skip)
2026-04-06 23:43:41 [DEBUG] [76/254] 경상남도_진주시_48170_list_coord.csv — 기본정보 완료 (skip)
2026-04-06 23:43:41 [DEBUG] [77/254] 경상남도_창녕군_48740_list_coord.csv — 기본정보 완료 (skip)
2026-04-06 23:43:41 [DEBUG] [78/254] 경상남도_창원시_마산합포구_48125_list_coord.csv — 기본정보 완료 (skip)
2026-04-06 23:43:42 [DEBUG] [79/254] 경상남도_창원시_마산회원구_48127_list_coord.csv — 기본정보 완료 (skip)
2026-04-06 23:43:42 [DEBUG] [80/254] 경상남도_창원시_성산구_48123_list_coord.csv — 기본정보 완료 (skip)
2026-04-06 23:43:42 [DEBUG] [81/254] 경상남도_창원시_의창구_48121_list_coord.csv — 기본정보 완료 (skip)
2026-04-06 23:43:42 [DEBUG] [82/254] 경상남도_창원시_진해구_48129_list_coord.csv — 기본정보 완료 (skip)
2026-04-06 23:43:42 [DEBUG] [83/254] 경상남도_통영시_48220_list_coord.csv — 기본정보 완료 (skip)
2026-04-06 23:43:42 [DEBUG] [84/254] 경상남도_하동군_48850_list_coord.csv — 기본정보 완료 (skip)
2026-04-06 23:43:42 [DEBUG] [85/254] 경상남도_함안군_48730_list_coord.csv — 기본정보 완료 (skip)
2026-04-06 23:43:42 [DEBUG] [86/254] 경상남도_함양군_48870_list_coord.csv — 기본정보 완료 (skip)
2026-04-06 23:43:42 [DEBUG] [87/254] 경상남도_합천군_48890_list_coord.csv — 기본정보 완료 (skip)
2026-04-06 23:43:42 [DEBUG] [88/254] 경상북도_경산시_47290_list_coord.csv — 기본정보 완료 (skip)
2026-04-06 23:43:42 [DEBUG] [89/254] 경상북도_경주시_47130_list_coord.csv — 기본정보 완료 (skip)
2026-04-06 23:43:42 [DEBUG] [90/254] 경상북도_고령군_47830_list_coord.csv — 기본정보 완료 (skip)
2026-04-06 23:43:42 [DEBUG] [91/254] 경상북도_구미시_47190_list_coord.csv — 기본정보 완료 (skip)
2026-04-06 23:43:42 [DEBUG] [92/254] 경상북도_김천시_47150_list_coord.csv — 기본정보 완료 (skip)
2026-04-06 23:43:42 [DEBUG] [93/254] 경상북도_문경시_47280_list_coord.csv — 기본정보 완료 (skip)
2026-04-06 23:43:42 [DEBUG] [94/254] 경상북도_봉화군_47920_list_coord.csv — 기본정보 완료 (skip)
2026-04-06 23:43:42 [DEBUG] [95/254] 경상북도_상주시_47250_list_coord.csv — 기본정보 완료 (skip)
2026-04-06 23:43:42 [DEBUG] [96/254] 경상북도_성주군_47840_list_coord.csv — 기본정보 완료 (skip)
2026-04-06 23:43:42 [DEBUG] [97/254] 경상북도_안동시_47170_list_coord.csv — 기본정보 완료 (skip)
2026-04-06 23:43:42 [DEBUG] [98/254] 경상북도_영덕군_47770_list_coord.csv — 기본정보 완료 (skip)
2026-04-06 23:43:42 [DEBUG] [99/254] 경상북도_영양군_47760_list_coord.csv — 기본정보 완료 (skip)
2026-04-06 23:43:42 [DEBUG] [100/254] 경상북도_영주시_47210_list_coord.csv — 기본정보 완료 (skip)
2026-04-06 23:43:42 [DEBUG] [101/254] 경상북도_영천시_47230_list_coord.csv — 기본정보 완료 (skip)
2026-04-06 23:43:42 [DEBUG] [102/254] 경상북도_예천군_47900_list_coord.csv — 기본정보 완료 (skip)
2026-04-06 23:43:42 [DEBUG] [103/254] 경상북도_울릉군_47940_list_coord.csv — 기본정보 완료 (skip)
2026-04-06 23:43:42 [DEBUG] [104/254] 경상북도_울진군_47930_list_coord.csv — 기본정보 완료 (skip)
2026-04-06 23:43:42 [DEBUG] [105/254] 경상북도_의성군_47730_list_coord.csv — 기본정보 완료 (skip)
2026-04-06 23:43:42 [DEBUG] [106/254] 경상북도_청도군_47820_list_coord.csv — 기본정보 완료 (skip)
2026-04-06 23:43:43 [DEBUG] [107/254] 경상북도_청송군_47750_list_coord.csv — 기본정보 완료 (skip)
2026-04-06 23:43:43 [DEBUG] [108/254] 경상북도_칠곡군_47850_list_coord.csv — 기본정보 완료 (skip)
2026-04-06 23:43:43 [DEBUG] [109/254] 경상북도_포항시_남구_47111_list_coord.csv — 기본정보 완료 (skip)
2026-04-06 23:43:43 [DEBUG] [110/254] 경상북도_포항시_북구_47113_list_coord.csv — 기본정보 완료 (skip)
2026-04-06 23:43:43 [DEBUG] [111/254] 광주광역시_광산구_29200_list_coord.csv — 기본정보 완료 (skip)
2026-04-06 23:43:43 [DEBUG] [112/254] 광주광역시_남구_29155_list_coord.csv — 기본정보 완료 (skip)
2026-04-06 23:43:43 [DEBUG] [113/254] 광주광역시_동구_29110_list_coord.csv — 기본정보 완료 (skip)
2026-04-06 23:43:43 [DEBUG] [114/254] 광주광역시_북구_29170_list_coord.csv — 기본정보 완료 (skip)
2026-04-06 23:43:43 [DEBUG] [115/254] 광주광역시_서구_29140_list_coord.csv — 기본정보 완료 (skip)
2026-04-06 23:43:43 [DEBUG] [116/254] 대구광역시_군위군_27720_list_coord.csv — 기본정보 완료 (skip)
2026-04-06 23:43:43 [DEBUG] [117/254] 대구광역시_남구_27200_list_coord.csv — 기본정보 완료 (skip)
2026-04-06 23:43:43 [DEBUG] [118/254] 대구광역시_달서구_27290_list_coord.csv — 기본정보 완료 (skip)
2026-04-06 23:43:43 [DEBUG] [119/254] 대구광역시_달성군_27710_list_coord.csv — 기본정보 완료 (skip)
2026-04-06 23:43:43 [DEBUG] [120/254] 대구광역시_동구_27140_list_coord.csv — 기본정보 완료 (skip)
2026-04-06 23:43:43 [DEBUG] [121/254] 대구광역시_북구_27230_list_coord.csv — 기본정보 완료 (skip)
2026-04-06 23:43:43 [DEBUG] [122/254] 대구광역시_서구_27170_list_coord.csv — 기본정보 완료 (skip)
2026-04-06 23:43:43 [DEBUG] [123/254] 대구광역시_수성구_27260_list_coord.csv — 기본정보 완료 (skip)
2026-04-06 23:43:43 [DEBUG] [124/254] 대구광역시_중구_27110_list_coord.csv — 기본정보 완료 (skip)
2026-04-06 23:43:43 [DEBUG] [125/254] 대전광역시_대덕구_30230_list_coord.csv — 기본정보 완료 (skip)
2026-04-06 23:43:43 [DEBUG] [126/254] 대전광역시_동구_30110_list_coord.csv — 기본정보 완료 (skip)
2026-04-06 23:43:43 [DEBUG] [127/254] 대전광역시_서구_30170_list_coord.csv — 1행 처리 예정
2026-04-06 23:43:44 [DEBUG] [1/1] 용문센트럴뷰 [A10020183]  대전광역시 서구 용문동 590-9 용문센트럴뷰
2026-04-06 23:43:44 [DEBUG] ✅ 대전광역시_서구_30170_list_coord.csv 저장 완료
2026-04-06 23:43:44 [DEBUG] [128/254] 대전광역시_유성구_30200_list_coord.csv — 기본정보 완료 (skip)
2026-04-06 23:43:44 [DEBUG] [129/254] 대전광역시_중구_30140_list_coord.csv — 기본정보 완료 (skip)
2026-04-06 23:43:44 [DEBUG] [130/254] 부산광역시_강서구_26440_list_coord.csv — 기본정보 완료 (skip)
2026-04-06 23:43:44 [DEBUG] [131/254] 부산광역시_금정구_26410_list_coord.csv — 기본정보 완료 (skip)
2026-04-06 23:43:44 [DEBUG] [132/254] 부산광역시_기장군_26710_list_coord.csv — 기본정보 완료 (skip)
2026-04-06 23:43:44 [DEBUG] [133/254] 부산광역시_남구_26290_list_coord.csv — 기본정보 완료 (skip)
2026-04-06 23:43:44 [DEBUG] [134/254] 부산광역시_동구_26170_list_coord.csv — 기본정보 완료 (skip)
2026-04-06 23:43:44 [DEBUG] [135/254] 부산광역시_동래구_26260_list_coord.csv — 기본정보 완료 (skip)
2026-04-06 23:43:44 [DEBUG] [136/254] 부산광역시_부산진구_26230_list_coord.csv — 기본정보 완료 (skip)
2026-04-06 23:43:44 [DEBUG] [137/254] 부산광역시_북구_26320_list_coord.csv — 기본정보 완료 (skip)
2026-04-06 23:43:44 [DEBUG] [138/254] 부산광역시_사상구_26530_list_coord.csv — 기본정보 완료 (skip)
2026-04-06 23:43:44 [DEBUG] [139/254] 부산광역시_사하구_26380_list_coord.csv — 기본정보 완료 (skip)
2026-04-06 23:43:44 [DEBUG] [140/254] 부산광역시_서구_26140_list_coord.csv — 기본정보 완료 (skip)
2026-04-06 23:43:44 [DEBUG] [141/254] 부산광역시_수영구_26500_list_coord.csv — 기본정보 완료 (skip)
2026-04-06 23:43:44 [DEBUG] [142/254] 부산광역시_연제구_26470_list_coord.csv — 기본정보 완료 (skip)
2026-04-06 23:43:44 [DEBUG] [143/254] 부산광역시_영도구_26200_list_coord.csv — 기본정보 완료 (skip)
2026-04-06 23:43:44 [DEBUG] [144/254] 부산광역시_중구_26110_list_coord.csv — 기본정보 완료 (skip)
2026-04-06 23:43:44 [DEBUG] [145/254] 부산광역시_해운대구_26350_list_coord.csv — 기본정보 완료 (skip)
2026-04-06 23:43:44 [DEBUG] [146/254] 서울특별시_강남구_11680_list_coord.csv — 기본정보 완료 (skip)
2026-04-06 23:43:44 [DEBUG] [147/254] 서울특별시_강동구_11740_list_coord.csv — 기본정보 완료 (skip)
2026-04-06 23:43:44 [DEBUG] [148/254] 서울특별시_강북구_11305_list_coord.csv — 기본정보 완료 (skip)
2026-04-06 23:43:45 [DEBUG] [149/254] 서울특별시_강서구_11500_list_coord.csv — 기본정보 완료 (skip)
2026-04-06 23:43:45 [DEBUG] [150/254] 서울특별시_관악구_11620_list_coord.csv — 기본정보 완료 (skip)
2026-04-06 23:43:45 [DEBUG] [151/254] 서울특별시_광진구_11215_list_coord.csv — 기본정보 완료 (skip)
2026-04-06 23:43:45 [DEBUG] [152/254] 서울특별시_구로구_11530_list_coord.csv — 기본정보 완료 (skip)
2026-04-06 23:43:45 [DEBUG] [153/254] 서울특별시_금천구_11545_list_coord.csv — 기본정보 완료 (skip)
2026-04-06 23:43:45 [DEBUG] [154/254] 서울특별시_노원구_11350_list_coord.csv — 기본정보 완료 (skip)
2026-04-06 23:43:45 [DEBUG] [155/254] 서울특별시_도봉구_11320_list_coord.csv — 기본정보 완료 (skip)
2026-04-06 23:43:45 [DEBUG] [156/254] 서울특별시_동대문구_11230_list_coord.csv — 기본정보 완료 (skip)
2026-04-06 23:43:45 [DEBUG] [157/254] 서울특별시_동작구_11590_list_coord.csv — 기본정보 완료 (skip)
2026-04-06 23:43:45 [DEBUG] [158/254] 서울특별시_마포구_11440_list_coord.csv — 기본정보 완료 (skip)
2026-04-06 23:43:45 [DEBUG] [159/254] 서울특별시_서대문구_11410_list_coord.csv — 기본정보 완료 (skip)
2026-04-06 23:43:45 [DEBUG] [160/254] 서울특별시_서초구_11650_list_coord.csv — 기본정보 완료 (skip)
2026-04-06 23:43:45 [DEBUG] [161/254] 서울특별시_성동구_11200_list_coord.csv — 기본정보 완료 (skip)
2026-04-06 23:43:45 [DEBUG] [162/254] 서울특별시_성북구_11290_list_coord.csv — 기본정보 완료 (skip)
2026-04-06 23:43:45 [DEBUG] [163/254] 서울특별시_송파구_11710_list_coord.csv — 기본정보 완료 (skip)
2026-04-06 23:43:45 [DEBUG] [164/254] 서울특별시_양천구_11470_list_coord.csv — 기본정보 완료 (skip)
2026-04-06 23:43:45 [DEBUG] [165/254] 서울특별시_영등포구_11560_list_coord.csv — 기본정보 완료 (skip)
2026-04-06 23:43:45 [DEBUG] [166/254] 서울특별시_용산구_11170_list_coord.csv — 기본정보 완료 (skip)
2026-04-06 23:43:45 [DEBUG] [167/254] 서울특별시_은평구_11380_list_coord.csv — 기본정보 완료 (skip)
2026-04-06 23:43:45 [DEBUG] [168/254] 서울특별시_종로구_11110_list_coord.csv — 기본정보 완료 (skip)
2026-04-06 23:43:45 [DEBUG] [169/254] 서울특별시_중구_11140_list_coord.csv — 기본정보 완료 (skip)
2026-04-06 23:43:45 [DEBUG] [170/254] 서울특별시_중랑구_11260_list_coord.csv — 기본정보 완료 (skip)
2026-04-06 23:43:45 [DEBUG] [171/254] 세종특별자치시_반곡동_36110_list_coord.csv — 기본정보 완료 (skip)
2026-04-06 23:43:45 [DEBUG] [172/254] 울산광역시_남구_31140_list_coord.csv — 기본정보 완료 (skip)
2026-04-06 23:43:46 [DEBUG] [173/254] 울산광역시_동구_31170_list_coord.csv — 기본정보 완료 (skip)
2026-04-06 23:43:46 [DEBUG] [174/254] 울산광역시_북구_31200_list_coord.csv — 기본정보 완료 (skip)
2026-04-06 23:43:46 [DEBUG] [175/254] 울산광역시_울주군_31710_list_coord.csv — 기본정보 완료 (skip)
2026-04-06 23:43:46 [DEBUG] [176/254] 울산광역시_중구_31110_list_coord.csv — 기본정보 완료 (skip)
2026-04-06 23:43:46 [DEBUG] [177/254] 인천광역시_강화군_28710_list_coord.csv — 기본정보 완료 (skip)
2026-04-06 23:43:46 [DEBUG] [178/254] 인천광역시_계양구_28245_list_coord.csv — 기본정보 완료 (skip)
2026-04-06 23:43:46 [DEBUG] [179/254] 인천광역시_남동구_28200_list_coord.csv — 기본정보 완료 (skip)
2026-04-06 23:43:46 [DEBUG] [180/254] 인천광역시_동구_28140_list_coord.csv — 1행 처리 예정
2026-04-06 23:43:46 [DEBUG] [1/1] 바흐카운티 [A10020180]  인천광역시 동구 송림동 230-6 바흐카운티
2026-04-06 23:43:46 [DEBUG] ✅ 인천광역시_동구_28140_list_coord.csv 저장 완료
2026-04-06 23:43:46 [DEBUG] [181/254] 인천광역시_미추홀구_28177_list_coord.csv — 기본정보 완료 (skip)
2026-04-06 23:43:46 [DEBUG] [182/254] 인천광역시_부평구_28237_list_coord.csv — 기본정보 완료 (skip)
2026-04-06 23:43:46 [DEBUG] [183/254] 인천광역시_서구_28260_list_coord.csv — 기본정보 완료 (skip)
2026-04-06 23:43:46 [DEBUG] [184/254] 인천광역시_연수구_28185_list_coord.csv — 1행 처리 예정
2026-04-06 23:43:47 [DEBUG] [1/1] 운서역 대라수 어썸에듀아파트 [A10020184]  인천광역시 연수구 송도동 397-11 운서역 대라수 어
2026-04-06 23:43:47 [DEBUG] ✅ 인천광역시_연수구_28185_list_coord.csv 저장 완료
2026-04-06 23:43:47 [DEBUG] [185/254] 인천광역시_옹진군_28720_list_coord.csv — 기본정보 완료 (skip)
2026-04-06 23:43:47 [DEBUG] [186/254] 인천광역시_중구_28110_list_coord.csv — 기본정보 완료 (skip)
2026-04-06 23:43:47 [DEBUG] [187/254] 전라남도_강진군_46810_list_coord.csv — 기본정보 완료 (skip)
2026-04-06 23:43:47 [DEBUG] [188/254] 전라남도_고흥군_46770_list_coord.csv — 기본정보 완료 (skip)
2026-04-06 23:43:47 [DEBUG] [189/254] 전라남도_곡성군_46720_list_coord.csv — 기본정보 완료 (skip)
2026-04-06 23:43:47 [DEBUG] [190/254] 전라남도_광양시_46230_list_coord.csv — 기본정보 완료 (skip)
2026-04-06 23:43:47 [DEBUG] [191/254] 전라남도_구례군_46730_list_coord.csv — 기본정보 완료 (skip)
2026-04-06 23:43:47 [DEBUG] [192/254] 전라남도_나주시_46170_list_coord.csv — 기본정보 완료 (skip)
2026-04-06 23:43:47 [DEBUG] [193/254] 전라남도_담양군_46710_list_coord.csv — 기본정보 완료 (skip)
2026-04-06 23:43:47 [DEBUG] [194/254] 전라남도_목포시_46110_list_coord.csv — 기본정보 완료 (skip)
2026-04-06 23:43:47 [DEBUG] [195/254] 전라남도_무안군_46840_list_coord.csv — 기본정보 완료 (skip)
2026-04-06 23:43:47 [DEBUG] [196/254] 전라남도_보성군_46780_list_coord.csv — 기본정보 완료 (skip)
2026-04-06 23:43:48 [DEBUG] [197/254] 전라남도_순천시_46150_list_coord.csv — 기본정보 완료 (skip)
2026-04-06 23:43:48 [DEBUG] [198/254] 전라남도_여수시_46130_list_coord.csv — 기본정보 완료 (skip)
2026-04-06 23:43:48 [DEBUG] [199/254] 전라남도_영광군_46870_list_coord.csv — 기본정보 완료 (skip)
2026-04-06 23:43:48 [DEBUG] [200/254] 전라남도_영암군_46830_list_coord.csv — 기본정보 완료 (skip)
2026-04-06 23:43:48 [DEBUG] [201/254] 전라남도_완도군_46890_list_coord.csv — 기본정보 완료 (skip)
2026-04-06 23:43:48 [DEBUG] [202/254] 전라남도_장성군_46880_list_coord.csv — 기본정보 완료 (skip)
2026-04-06 23:43:48 [DEBUG] [203/254] 전라남도_장흥군_46800_list_coord.csv — 기본정보 완료 (skip)
2026-04-06 23:43:48 [DEBUG] [204/254] 전라남도_진도군_46900_list_coord.csv — 기본정보 완료 (skip)
2026-04-06 23:43:48 [DEBUG] [205/254] 전라남도_함평군_46860_list_coord.csv — 기본정보 완료 (skip)
2026-04-06 23:43:48 [DEBUG] [206/254] 전라남도_해남군_46820_list_coord.csv — 기본정보 완료 (skip)
2026-04-06 23:43:48 [DEBUG] [207/254] 전라남도_화순군_46790_list_coord.csv — 기본정보 완료 (skip)
2026-04-06 23:43:48 [DEBUG] [208/254] 전북특별자치도_고창군_52790_list_coord.csv — 기본정보 완료 (skip)
2026-04-06 23:43:48 [DEBUG] [209/254] 전북특별자치도_군산시_52130_list_coord.csv — 기본정보 완료 (skip)
2026-04-06 23:43:48 [DEBUG] [210/254] 전북특별자치도_김제시_52210_list_coord.csv — 기본정보 완료 (skip)
2026-04-06 23:43:48 [DEBUG] [211/254] 전북특별자치도_남원시_52190_list_coord.csv — 기본정보 완료 (skip)
2026-04-06 23:43:48 [DEBUG] [212/254] 전북특별자치도_무주군_52730_list_coord.csv — 기본정보 완료 (skip)
2026-04-06 23:43:48 [DEBUG] [213/254] 전북특별자치도_부안군_52800_list_coord.csv — 기본정보 완료 (skip)
2026-04-06 23:43:48 [DEBUG] [214/254] 전북특별자치도_순창군_52770_list_coord.csv — 기본정보 완료 (skip)
2026-04-06 23:43:48 [DEBUG] [215/254] 전북특별자치도_완주군_52710_list_coord.csv — 기본정보 완료 (skip)
2026-04-06 23:43:48 [DEBUG] [216/254] 전북특별자치도_익산시_52140_list_coord.csv — 기본정보 완료 (skip)
2026-04-06 23:43:48 [DEBUG] [217/254] 전북특별자치도_임실군_52750_list_coord.csv — 기본정보 완료 (skip)
2026-04-06 23:43:48 [DEBUG] [218/254] 전북특별자치도_장수군_52740_list_coord.csv — 기본정보 완료 (skip)
2026-04-06 23:43:49 [DEBUG] [219/254] 전북특별자치도_전주시_덕진구_52113_list_coord.csv — 기본정보 완료 (skip)
2026-04-06 23:43:49 [DEBUG] [220/254] 전북특별자치도_전주시_완산구_52111_list_coord.csv — 기본정보 완료 (skip)
2026-04-06 23:43:49 [DEBUG] [221/254] 전북특별자치도_정읍시_52180_list_coord.csv — 기본정보 완료 (skip)
2026-04-06 23:43:49 [DEBUG] [222/254] 전북특별자치도_진안군_52720_list_coord.csv — 기본정보 완료 (skip)
2026-04-06 23:43:49 [DEBUG] [223/254] 제주특별자치도_서귀포시_50130_list_coord.csv — 기본정보 완료 (skip)
2026-04-06 23:43:49 [DEBUG] [224/254] 제주특별자치도_제주시_50110_list_coord.csv — 기본정보 완료 (skip)
2026-04-06 23:43:49 [DEBUG] [225/254] 충청남도_계룡시_44250_list_coord.csv — 기본정보 완료 (skip)
2026-04-06 23:43:49 [DEBUG] [226/254] 충청남도_공주시_44150_list_coord.csv — 기본정보 완료 (skip)
2026-04-06 23:43:49 [DEBUG] [227/254] 충청남도_금산군_44710_list_coord.csv — 기본정보 완료 (skip)
2026-04-06 23:43:49 [DEBUG] [228/254] 충청남도_논산시_44230_list_coord.csv — 기본정보 완료 (skip)
2026-04-06 23:43:49 [DEBUG] [229/254] 충청남도_당진시_44270_list_coord.csv — 기본정보 완료 (skip)
2026-04-06 23:43:49 [DEBUG] [230/254] 충청남도_보령시_44180_list_coord.csv — 기본정보 완료 (skip)
2026-04-06 23:43:49 [DEBUG] [231/254] 충청남도_부여군_44760_list_coord.csv — 기본정보 완료 (skip)
2026-04-06 23:43:49 [DEBUG] [232/254] 충청남도_서산시_44210_list_coord.csv — 기본정보 완료 (skip)
2026-04-06 23:43:49 [DEBUG] [233/254] 충청남도_서천군_44770_list_coord.csv — 기본정보 완료 (skip)
2026-04-06 23:43:49 [DEBUG] [234/254] 충청남도_아산시_44200_list_coord.csv — 기본정보 완료 (skip)
2026-04-06 23:43:49 [DEBUG] [235/254] 충청남도_예산군_44810_list_coord.csv — 기본정보 완료 (skip)
2026-04-06 23:43:49 [DEBUG] [236/254] 충청남도_천안시_동남구_44131_list_coord.csv — 기본정보 완료 (skip)
2026-04-06 23:43:49 [DEBUG] [237/254] 충청남도_천안시_서북구_44133_list_coord.csv — 기본정보 완료 (skip)
2026-04-06 23:43:49 [DEBUG] [238/254] 충청남도_청양군_44790_list_coord.csv — 기본정보 완료 (skip)
2026-04-06 23:43:49 [DEBUG] [239/254] 충청남도_태안군_44825_list_coord.csv — 기본정보 완료 (skip)
2026-04-06 23:43:49 [DEBUG] [240/254] 충청남도_홍성군_44800_list_coord.csv — 기본정보 완료 (skip)
2026-04-06 23:43:49 [DEBUG] [241/254] 충청북도_괴산군_43760_list_coord.csv — 기본정보 완료 (skip)
2026-04-06 23:43:50 [DEBUG] [242/254] 충청북도_단양군_43800_list_coord.csv — 기본정보 완료 (skip)
2026-04-06 23:43:50 [DEBUG] [243/254] 충청북도_보은군_43720_list_coord.csv — 기본정보 완료 (skip)
2026-04-06 23:43:50 [DEBUG] [244/254] 충청북도_영동군_43740_list_coord.csv — 기본정보 완료 (skip)
2026-04-06 23:43:50 [DEBUG] [245/254] 충청북도_옥천군_43730_list_coord.csv — 기본정보 완료 (skip)
2026-04-06 23:43:50 [DEBUG] [246/254] 충청북도_음성군_43770_list_coord.csv — 기본정보 완료 (skip)
2026-04-06 23:43:50 [DEBUG] [247/254] 충청북도_제천시_43150_list_coord.csv — 기본정보 완료 (skip)
2026-04-06 23:43:50 [DEBUG] [248/254] 충청북도_증평군_43745_list_coord.csv — 1행 처리 예정
2026-04-06 23:43:50 [DEBUG] [1/1] 증평석미아데나에듀스카이 [A10020182]  충청북도 증평군 증평읍 증평리 666-6 증평석미아데나
2026-04-06 23:43:50 [DEBUG] ✅ 충청북도_증평군_43745_list_coord.csv 저장 완료
2026-04-06 23:43:50 [DEBUG] [249/254] 충청북도_진천군_43750_list_coord.csv — 기본정보 완료 (skip)
2026-04-06 23:43:50 [DEBUG] [250/254] 충청북도_청주시_상당구_43111_list_coord.csv — 기본정보 완료 (skip)
2026-04-06 23:43:50 [DEBUG] [251/254] 충청북도_청주시_서원구_43112_list_coord.csv — 기본정보 완료 (skip)
2026-04-06 23:43:50 [DEBUG] [252/254] 충청북도_청주시_청원구_43114_list_coord.csv — 기본정보 완료 (skip)
2026-04-06 23:43:50 [DEBUG] [253/254] 충청북도_청주시_흥덕구_43113_list_coord.csv — 기본정보 완료 (skip)
2026-04-06 23:43:50 [DEBUG] [254/254] 충청북도_충주시_43130_list_coord.csv — 기본정보 완료 (skip)
2026-04-06 23:43:50 [DEBUG] ══ Phase 3: 좌표 추가 ══════════════════════════
2026-04-06 23:43:50 [DEBUG] [1/254] 강원특별자치도_강릉시_51150_list_coord.csv — 좌표 완료 (skip)
2026-04-06 23:43:50 [DEBUG] [2/254] 강원특별자치도_고성군_51820_list_coord.csv — 좌표 완료 (skip)
2026-04-06 23:43:50 [DEBUG] [3/254] 강원특별자치도_동해시_51170_list_coord.csv — 좌표 완료 (skip)
2026-04-06 23:43:50 [DEBUG] [4/254] 강원특별자치도_삼척시_51230_list_coord.csv — 좌표 완료 (skip)
2026-04-06 23:43:50 [DEBUG] [5/254] 강원특별자치도_속초시_51210_list_coord.csv — 좌표 완료 (skip)
2026-04-06 23:43:50 [DEBUG] [6/254] 강원특별자치도_양구군_51800_list_coord.csv — 좌표 완료 (skip)
2026-04-06 23:43:50 [DEBUG] [7/254] 강원특별자치도_양양군_51830_list_coord.csv — 좌표 완료 (skip)
2026-04-06 23:43:50 [DEBUG] [8/254] 강원특별자치도_영월군_51750_list_coord.csv — 좌표 완료 (skip)
2026-04-06 23:43:51 [DEBUG] [9/254] 강원특별자치도_원주시_51130_list_coord.csv — 좌표 완료 (skip)
2026-04-06 23:43:51 [DEBUG] [10/254] 강원특별자치도_인제군_51810_list_coord.csv — 좌표 완료 (skip)
2026-04-06 23:43:51 [DEBUG] [11/254] 강원특별자치도_정선군_51770_list_coord.csv — 좌표 완료 (skip)
2026-04-06 23:43:51 [DEBUG] [12/254] 강원특별자치도_철원군_51780_list_coord.csv — 좌표 완료 (skip)
2026-04-06 23:43:51 [DEBUG] [13/254] 강원특별자치도_춘천시_51110_list_coord.csv — 좌표 완료 (skip)
2026-04-06 23:43:51 [DEBUG] [14/254] 강원특별자치도_태백시_51190_list_coord.csv — 좌표 완료 (skip)
2026-04-06 23:43:51 [DEBUG] [15/254] 강원특별자치도_평창군_51760_list_coord.csv — 좌표 완료 (skip)
2026-04-06 23:43:51 [DEBUG] [16/254] 강원특별자치도_홍천군_51720_list_coord.csv — 좌표 완료 (skip)
2026-04-06 23:43:51 [DEBUG] [17/254] 강원특별자치도_화천군_51790_list_coord.csv — 좌표 완료 (skip)
2026-04-06 23:43:51 [DEBUG] [18/254] 강원특별자치도_횡성군_51730_list_coord.csv — 좌표 완료 (skip)
2026-04-06 23:43:51 [DEBUG] [19/254] 경기도_가평군_41820_list_coord.csv — 좌표 완료 (skip)
2026-04-06 23:43:51 [DEBUG] [20/254] 경기도_고양시_덕양구_41281_list_coord.csv — 1행 처리 예정
2026-04-06 23:43:51 [DEBUG] [카카오] 검색 결과 없음. query=경기도 고양덕양구 지축동  위스테이지축
2026-04-06 23:43:51 [DEBUG] [카카오] 검색 결과 없음. query=위스테이지축
2026-04-06 23:43:51 [DEBUG] [1/1] 위스테이지축  좌표없음
2026-04-06 23:43:51 [DEBUG] ✅ 경기도_고양시_덕양구_41281_list_coord.csv 저장 완료
2026-04-06 23:43:51 [DEBUG] [21/254] 경기도_고양시_일산동구_41285_list_coord.csv — 좌표 완료 (skip)
2026-04-06 23:43:51 [DEBUG] [22/254] 경기도_고양시_일산서구_41287_list_coord.csv — 좌표 완료 (skip)
2026-04-06 23:43:51 [DEBUG] [23/254] 경기도_과천시_41290_list_coord.csv — 좌표 완료 (skip)
2026-04-06 23:43:51 [DEBUG] [24/254] 경기도_광명시_41210_list_coord.csv — 좌표 완료 (skip)
2026-04-06 23:43:51 [DEBUG] [25/254] 경기도_광주시_41610_list_coord.csv — 1행 처리 예정
2026-04-06 23:43:51 [DEBUG] [카카오] 검색 결과 없음. query=경기도 광주시 역동 169-11
2026-04-06 23:43:52 [DEBUG] [카카오] 검색 결과 없음. query=경기광주역경기행복주택
2026-04-06 23:43:52 [DEBUG] [1/1] 경기광주역경기행복주택  좌표없음
2026-04-06 23:43:52 [DEBUG] ✅ 경기도_광주시_41610_list_coord.csv 저장 완료
2026-04-06 23:43:52 [DEBUG] [26/254] 경기도_구리시_41310_list_coord.csv — 좌표 완료 (skip)
2026-04-06 23:43:52 [DEBUG] [27/254] 경기도_군포시_41410_list_coord.csv — 좌표 완료 (skip)
2026-04-06 23:43:52 [DEBUG] [28/254] 경기도_김포시_41570_list_coord.csv — 좌표 완료 (skip)
2026-04-06 23:43:52 [DEBUG] [29/254] 경기도_남양주시_41360_list_coord.csv — 좌표 완료 (skip)
2026-04-06 23:43:52 [DEBUG] [30/254] 경기도_동두천시_41250_list_coord.csv — 좌표 완료 (skip)
2026-04-06 23:43:52 [DEBUG] [31/254] 경기도_부천시_소사구_41194_list_coord.csv — 좌표 완료 (skip)
2026-04-06 23:43:52 [DEBUG] [32/254] 경기도_부천시_오정구_41196_list_coord.csv — 좌표 완료 (skip)
2026-04-06 23:43:52 [DEBUG] [33/254] 경기도_부천시_원미구_41192_list_coord.csv — 좌표 완료 (skip)
2026-04-06 23:43:52 [DEBUG] [34/254] 경기도_성남시_분당구_41135_list_coord.csv — 좌표 완료 (skip)
2026-04-06 23:43:52 [DEBUG] [35/254] 경기도_성남시_수정구_41131_list_coord.csv — 좌표 완료 (skip)
2026-04-06 23:43:52 [DEBUG] [36/254] 경기도_성남시_중원구_41133_list_coord.csv — 좌표 완료 (skip)
2026-04-06 23:43:52 [DEBUG] [37/254] 경기도_수원시_권선구_41113_list_coord.csv — 좌표 완료 (skip)
2026-04-06 23:43:52 [DEBUG] [38/254] 경기도_수원시_영통구_41117_list_coord.csv — 좌표 완료 (skip)
2026-04-06 23:43:52 [DEBUG] [39/254] 경기도_수원시_장안구_41111_list_coord.csv — 좌표 완료 (skip)
2026-04-06 23:43:52 [DEBUG] [40/254] 경기도_수원시_팔달구_41115_list_coord.csv — 좌표 완료 (skip)
2026-04-06 23:43:52 [DEBUG] [41/254] 경기도_시흥시_41390_list_coord.csv — 2행 처리 예정
2026-04-06 23:43:52 [DEBUG] [카카오] 검색 결과 없음. query=경기도 시흥시 장곡동  시흥장현 서희스타힐스
2026-04-06 23:43:53 [DEBUG] [카카오] 검색 결과 없음. query=시흥장현 서희스타힐스
2026-04-06 23:43:53 [DEBUG] [1/2] 시흥장현 서희스타힐스  좌표없음
2026-04-06 23:43:53 [DEBUG] [2/2] 정왕1단지 행복주택  (37.34735, 126.73767)
2026-04-06 23:43:53 [DEBUG] ✅ 경기도_시흥시_41390_list_coord.csv 저장 완료
2026-04-06 23:43:53 [DEBUG] [42/254] 경기도_안산시_단원구_41273_list_coord.csv — 좌표 완료 (skip)
2026-04-06 23:43:53 [DEBUG] [43/254] 경기도_안산시_상록구_41271_list_coord.csv — 좌표 완료 (skip)
2026-04-06 23:43:53 [DEBUG] [44/254] 경기도_안성시_41550_list_coord.csv — 좌표 완료 (skip)
2026-04-06 23:43:53 [DEBUG] [45/254] 경기도_안양시_동안구_41173_list_coord.csv — 좌표 완료 (skip)
2026-04-06 23:43:53 [DEBUG] [46/254] 경기도_안양시_만안구_41171_list_coord.csv — 좌표 완료 (skip)
2026-04-06 23:43:53 [DEBUG] [카카오] 검색 결과 없음. query=경기도 양주시 덕계동  양주회천14
2026-04-06 23:43:53 [DEBUG] [47/254] 경기도_양주시_41630_list_coord.csv — 1행 처리 예정
2026-04-06 23:43:53 [DEBUG] [카카오] 검색 결과 없음. query=양주회천14단지주거행복지원센터
2026-04-06 23:43:53 [DEBUG] [카카오] 검색 결과 없음. query=경기도 양주시 회천남로 486
2026-04-06 23:43:53 [DEBUG] [1/1] 양주회천14단지주거행복지원센터  좌표없음
2026-04-06 23:43:53 [DEBUG] ✅ 경기도_양주시_41630_list_coord.csv 저장 완료
2026-04-06 23:43:53 [DEBUG] [48/254] 경기도_양평군_41830_list_coord.csv — 좌표 완료 (skip)
2026-04-06 23:43:53 [DEBUG] [49/254] 경기도_여주시_41670_list_coord.csv — 좌표 완료 (skip)
2026-04-06 23:43:53 [DEBUG] [50/254] 경기도_연천군_41800_list_coord.csv — 좌표 완료 (skip)
2026-04-06 23:43:53 [DEBUG] [51/254] 경기도_오산시_41370_list_coord.csv — 좌표 완료 (skip)
2026-04-06 23:43:53 [DEBUG] [52/254] 경기도_용인시_기흥구_41463_list_coord.csv — 좌표 완료 (skip)
2026-04-06 23:43:53 [DEBUG] [53/254] 경기도_용인시_수지구_41465_list_coord.csv — 좌표 완료 (skip)
2026-04-06 23:43:54 [DEBUG] [54/254] 경기도_용인시_처인구_41461_list_coord.csv — 1행 처리 예정
2026-04-06 23:43:54 [DEBUG] [카카오] 검색 결과 없음. query=경기도 용인처인구 양지읍 양지리 614
2026-04-06 23:43:54 [DEBUG] [카카오] 검색 결과 없음. query=용인 세영리첼 아파트
2026-04-06 23:43:54 [DEBUG] [1/1] 용인 세영리첼 아파트  좌표없음
2026-04-06 23:43:54 [DEBUG] ✅ 경기도_용인시_처인구_41461_list_coord.csv 저장 완료
2026-04-06 23:43:54 [DEBUG] [55/254] 경기도_의왕시_41430_list_coord.csv — 1행 처리 예정
2026-04-06 23:43:54 [DEBUG] [카카오] 검색 결과 없음. query=경기도 의왕시 고천동  e편한세상고천파크루체
2026-04-06 23:43:54 [DEBUG] [카카오] 검색 결과 없음. query=e편한세상고천파크루체
2026-04-06 23:43:54 [DEBUG] [카카오] 검색 결과 없음. query=경기도 의왕시 안골로 10
2026-04-06 23:43:54 [DEBUG] [1/1] e편한세상고천파크루체  좌표없음
2026-04-06 23:43:54 [DEBUG] ✅ 경기도_의왕시_41430_list_coord.csv 저장 완료
2026-04-06 23:43:54 [DEBUG] [56/254] 경기도_의정부시_41150_list_coord.csv — 좌표 완료 (skip)
2026-04-06 23:43:54 [DEBUG] [57/254] 경기도_이천시_41500_list_coord.csv — 좌표 완료 (skip)
2026-04-06 23:43:54 [DEBUG] [58/254] 경기도_파주시_41480_list_coord.csv — 3행 처리 예정
2026-04-06 23:43:54 [DEBUG] [카카오] 검색 결과 없음. query=경기도 파주시 다율동 - 운정자이퍼스트시티 아파트
2026-04-06 23:43:54 [DEBUG] [카카오] 검색 결과 없음. query=운정자이퍼스트시티 아파트
2026-04-06 23:43:54 [DEBUG] [1/3] 운정자이퍼스트시티 아파트  좌표없음
2026-04-06 23:43:54 [DEBUG] [카카오] 검색 결과 없음. query=경기도 파주시 당하동  파주운정별하람마을 4
2026-04-06 23:43:55 [DEBUG] [카카오] 검색 결과 없음. query=파주운정별하람마을 4단지
2026-04-06 23:43:55 [DEBUG] [2/3] 파주운정별하람마을 4단지  좌표없음
2026-04-06 23:43:55 [DEBUG] [카카오] 검색 결과 없음. query=경기도 파주시 목동동 385 물향기마을 LH1
2026-04-06 23:43:55 [DEBUG] [카카오] 검색 결과 없음. query=물향기마을 LH1단지
2026-04-06 23:43:55 [DEBUG] [3/3] 물향기마을 LH1단지  좌표없음
2026-04-06 23:43:55 [DEBUG] ✅ 경기도_파주시_41480_list_coord.csv 저장 완료
2026-04-06 23:43:55 [DEBUG] [59/254] 경기도_평택시_41220_list_coord.csv — 1행 처리 예정
2026-04-06 23:43:55 [DEBUG] [카카오] 검색 결과 없음. query=경기도 평택시 고덕면 좌교리 2592 평택고덕LH12
2026-04-06 23:43:55 [DEBUG] [카카오] 검색 결과 없음. query=평택고덕LH12단지아파트
2026-04-06 23:43:55 [DEBUG] [1/1] 평택고덕LH12단지아파트  좌표없음
2026-04-06 23:43:55 [DEBUG] ✅ 경기도_평택시_41220_list_coord.csv 저장 완료
2026-04-06 23:43:55 [DEBUG] [60/254] 경기도_포천시_41650_list_coord.csv — 좌표 완료 (skip)
2026-04-06 23:43:55 [DEBUG] [61/254] 경기도_하남시_41450_list_coord.csv — 좌표 완료 (skip)
2026-04-06 23:43:55 [DEBUG] [62/254] 경기도_화성시_동탄구_41597_list_coord.csv — 3행 처리 예정
2026-04-06 23:43:55 [DEBUG] [카카오] 검색 결과 없음. query=경기도 화성동탄구 신동  화성동탄2LH행복주택38
2026-04-06 23:43:55 [DEBUG] [카카오] 검색 결과 없음. query=화성동탄2LH행복주택38단지
2026-04-06 23:43:55 [DEBUG] [1/3] 화성동탄2LH행복주택38단지  좌표없음
2026-04-06 23:43:55 [DEBUG] [카카오] 검색 결과 없음. query=경기도 화성동탄구 신동  동탄2 LH40
2026-04-06 23:43:56 [DEBUG] [카카오] 검색 결과 없음. query=동탄2 LH40단지
2026-04-06 23:43:56 [DEBUG] [2/3] 동탄2 LH40단지  좌표없음
2026-04-06 23:43:56 [DEBUG] [카카오] 검색 결과 없음. query=경기도 화성동탄구 송동 692 동탄2 LH26단지(65
2026-04-06 23:43:56 [DEBUG] [카카오] 검색 결과 없음. query=동탄2 LH26단지(65BL)아파트
2026-04-06 23:43:56 [DEBUG] [3/3] 동탄2 LH26단지(65BL)아파트  좌표없음
2026-04-06 23:43:56 [DEBUG] ✅ 경기도_화성시_동탄구_41597_list_coord.csv 저장 완료
2026-04-06 23:43:56 [DEBUG] [63/254] 경기도_화성시_만세구_41591_list_coord.csv — 1행 처리 예정
2026-04-06 23:43:56 [DEBUG] [카카오] 검색 결과 없음. query=경기도 화성만세구 남양읍 남양리  화성남양뉴타운lh4
2026-04-06 23:43:56 [DEBUG] [카카오] 검색 결과 없음. query=화성남양뉴타운lh4단지
2026-04-06 23:43:56 [DEBUG] [1/1] 화성남양뉴타운lh4단지  좌표없음
2026-04-06 23:43:56 [DEBUG] ✅ 경기도_화성시_만세구_41591_list_coord.csv 저장 완료
2026-04-06 23:43:56 [DEBUG] [64/254] 경기도_화성시_병점구_41595_list_coord.csv — 좌표 완료 (skip)
2026-04-06 23:43:56 [DEBUG] [65/254] 경기도_화성시_효행구_41593_list_coord.csv — 좌표 완료 (skip)
2026-04-06 23:43:56 [DEBUG] [66/254] 경상남도_거제시_48310_list_coord.csv — 좌표 완료 (skip)
2026-04-06 23:43:56 [DEBUG] [67/254] 경상남도_거창군_48880_list_coord.csv — 좌표 완료 (skip)
2026-04-06 23:43:56 [DEBUG] [68/254] 경상남도_고성군_48820_list_coord.csv — 좌표 완료 (skip)
2026-04-06 23:43:56 [DEBUG] [69/254] 경상남도_김해시_48250_list_coord.csv — 좌표 완료 (skip)
2026-04-06 23:43:56 [DEBUG] [70/254] 경상남도_남해군_48840_list_coord.csv — 좌표 완료 (skip)
2026-04-06 23:43:56 [DEBUG] [71/254] 경상남도_밀양시_48270_list_coord.csv — 좌표 완료 (skip)
2026-04-06 23:43:56 [DEBUG] [72/254] 경상남도_사천시_48240_list_coord.csv — 좌표 완료 (skip)
2026-04-06 23:43:57 [DEBUG] [73/254] 경상남도_산청군_48860_list_coord.csv — 좌표 완료 (skip)
2026-04-06 23:43:57 [DEBUG] [카카오] 검색 결과 없음. query=경상남도 양산시 동면 사송리  양산사송LH5
2026-04-06 23:43:57 [DEBUG] [74/254] 경상남도_양산시_48330_list_coord.csv — 1행 처리 예정
2026-04-06 23:43:57 [DEBUG] [카카오] 검색 결과 없음. query=양산사송LH5단지아파트
2026-04-06 23:43:57 [DEBUG] [1/1] 양산사송LH5단지아파트  좌표없음
2026-04-06 23:43:57 [DEBUG] ✅ 경상남도_양산시_48330_list_coord.csv 저장 완료
2026-04-06 23:43:57 [DEBUG] [75/254] 경상남도_의령군_48720_list_coord.csv — 좌표 완료 (skip)
2026-04-06 23:43:57 [DEBUG] [76/254] 경상남도_진주시_48170_list_coord.csv — 좌표 완료 (skip)
2026-04-06 23:43:57 [DEBUG] [77/254] 경상남도_창녕군_48740_list_coord.csv — 좌표 완료 (skip)
2026-04-06 23:43:57 [DEBUG] [78/254] 경상남도_창원시_마산합포구_48125_list_coord.csv — 좌표 완료 (skip)
2026-04-06 23:43:57 [DEBUG] [79/254] 경상남도_창원시_마산회원구_48127_list_coord.csv — 좌표 완료 (skip)
2026-04-06 23:43:57 [DEBUG] [80/254] 경상남도_창원시_성산구_48123_list_coord.csv — 좌표 완료 (skip)
2026-04-06 23:43:57 [DEBUG] [81/254] 경상남도_창원시_의창구_48121_list_coord.csv — 좌표 완료 (skip)
2026-04-06 23:43:57 [DEBUG] [82/254] 경상남도_창원시_진해구_48129_list_coord.csv — 좌표 완료 (skip)
2026-04-06 23:43:57 [DEBUG] [83/254] 경상남도_통영시_48220_list_coord.csv — 좌표 완료 (skip)
2026-04-06 23:43:57 [DEBUG] [84/254] 경상남도_하동군_48850_list_coord.csv — 좌표 완료 (skip)
2026-04-06 23:43:57 [DEBUG] [85/254] 경상남도_함안군_48730_list_coord.csv — 좌표 완료 (skip)
2026-04-06 23:43:57 [DEBUG] [86/254] 경상남도_함양군_48870_list_coord.csv — 좌표 완료 (skip)
2026-04-06 23:43:57 [DEBUG] [87/254] 경상남도_합천군_48890_list_coord.csv — 좌표 완료 (skip)
2026-04-06 23:43:57 [DEBUG] [88/254] 경상북도_경산시_47290_list_coord.csv — 좌표 완료 (skip)
2026-04-06 23:43:58 [DEBUG] [89/254] 경상북도_경주시_47130_list_coord.csv — 좌표 완료 (skip)
2026-04-06 23:43:58 [DEBUG] [90/254] 경상북도_고령군_47830_list_coord.csv — 좌표 완료 (skip)
2026-04-06 23:43:58 [DEBUG] [91/254] 경상북도_구미시_47190_list_coord.csv — 좌표 완료 (skip)
2026-04-06 23:43:58 [DEBUG] [92/254] 경상북도_김천시_47150_list_coord.csv — 좌표 완료 (skip)
2026-04-06 23:43:58 [DEBUG] [93/254] 경상북도_문경시_47280_list_coord.csv — 좌표 완료 (skip)
2026-04-06 23:43:58 [DEBUG] [94/254] 경상북도_봉화군_47920_list_coord.csv — 좌표 완료 (skip)
2026-04-06 23:43:58 [DEBUG] [95/254] 경상북도_상주시_47250_list_coord.csv — 좌표 완료 (skip)
2026-04-06 23:43:58 [DEBUG] [96/254] 경상북도_성주군_47840_list_coord.csv — 좌표 완료 (skip)
2026-04-06 23:43:58 [DEBUG] [97/254] 경상북도_안동시_47170_list_coord.csv — 좌표 완료 (skip)
2026-04-06 23:43:58 [DEBUG] [98/254] 경상북도_영덕군_47770_list_coord.csv — 좌표 완료 (skip)
2026-04-06 23:43:58 [DEBUG] [99/254] 경상북도_영양군_47760_list_coord.csv — 좌표 완료 (skip)
2026-04-06 23:43:58 [DEBUG] [100/254] 경상북도_영주시_47210_list_coord.csv — 좌표 완료 (skip)
2026-04-06 23:43:58 [DEBUG] [101/254] 경상북도_영천시_47230_list_coord.csv — 좌표 완료 (skip)
2026-04-06 23:43:58 [DEBUG] [102/254] 경상북도_예천군_47900_list_coord.csv — 좌표 완료 (skip)
2026-04-06 23:43:58 [DEBUG] [103/254] 경상북도_울릉군_47940_list_coord.csv — 좌표 완료 (skip)
2026-04-06 23:43:58 [DEBUG] [104/254] 경상북도_울진군_47930_list_coord.csv — 좌표 완료 (skip)
2026-04-06 23:43:58 [DEBUG] [105/254] 경상북도_의성군_47730_list_coord.csv — 좌표 완료 (skip)
2026-04-06 23:43:58 [DEBUG] [106/254] 경상북도_청도군_47820_list_coord.csv — 좌표 완료 (skip)
2026-04-06 23:43:58 [DEBUG] [107/254] 경상북도_청송군_47750_list_coord.csv — 좌표 완료 (skip)
2026-04-06 23:43:58 [DEBUG] [108/254] 경상북도_칠곡군_47850_list_coord.csv — 좌표 완료 (skip)
2026-04-06 23:43:58 [DEBUG] [109/254] 경상북도_포항시_남구_47111_list_coord.csv — 1행 처리 예정
2026-04-06 23:43:59 [DEBUG] [카카오] 검색 결과 없음. query=경상북도 포항남구 동해면 공당리  포항블루밸리A-3
2026-04-06 23:43:59 [DEBUG] [카카오] 검색 결과 없음. query=포항블루밸리A-3BL행복주택
2026-04-06 23:43:59 [DEBUG] [1/1] 포항블루밸리A-3BL행복주택  좌표없음
2026-04-06 23:43:59 [DEBUG] ✅ 경상북도_포항시_남구_47111_list_coord.csv 저장 완료
2026-04-06 23:43:59 [DEBUG] [110/254] 경상북도_포항시_북구_47113_list_coord.csv — 좌표 완료 (skip)
2026-04-06 23:43:59 [DEBUG] [111/254] 광주광역시_광산구_29200_list_coord.csv — 좌표 완료 (skip)
2026-04-06 23:43:59 [DEBUG] [112/254] 광주광역시_남구_29155_list_coord.csv — 좌표 완료 (skip)
2026-04-06 23:43:59 [DEBUG] [113/254] 광주광역시_동구_29110_list_coord.csv — 1행 처리 예정
2026-04-06 23:43:59 [DEBUG] [카카오] 검색 결과 없음. query=광주광역시 동구 선교동  선교1
2026-04-06 23:43:59 [DEBUG] [카카오] 검색 결과 없음. query=선교1지구 우방아이유쉘아파트
2026-04-06 23:43:59 [DEBUG] [1/1] 선교1지구 우방아이유쉘아파트  좌표없음
2026-04-06 23:43:59 [DEBUG] ✅ 광주광역시_동구_29110_list_coord.csv 저장 완료
2026-04-06 23:43:59 [DEBUG] [114/254] 광주광역시_북구_29170_list_coord.csv — 좌표 완료 (skip)
2026-04-06 23:43:59 [DEBUG] [115/254] 광주광역시_서구_29140_list_coord.csv — 좌표 완료 (skip)
2026-04-06 23:43:59 [DEBUG] [116/254] 대구광역시_군위군_27720_list_coord.csv — 좌표 완료 (skip)
2026-04-06 23:43:59 [DEBUG] [117/254] 대구광역시_남구_27200_list_coord.csv — 좌표 완료 (skip)
2026-04-06 23:43:59 [DEBUG] [118/254] 대구광역시_달서구_27290_list_coord.csv — 좌표 완료 (skip)
2026-04-06 23:43:59 [DEBUG] [119/254] 대구광역시_달성군_27710_list_coord.csv — 좌표 완료 (skip)
2026-04-06 23:43:59 [DEBUG] [120/254] 대구광역시_동구_27140_list_coord.csv — 좌표 완료 (skip)
2026-04-06 23:43:59 [DEBUG] [121/254] 대구광역시_북구_27230_list_coord.csv — 좌표 완료 (skip)
2026-04-06 23:44:00 [DEBUG] [122/254] 대구광역시_서구_27170_list_coord.csv — 좌표 완료 (skip)
2026-04-06 23:44:00 [DEBUG] [123/254] 대구광역시_수성구_27260_list_coord.csv — 1행 처리 예정
2026-04-06 23:44:00 [DEBUG] [카카오] 검색 결과 없음. query=대구광역시 수성구 범물동 859-1
2026-04-06 23:44:00 [DEBUG] [카카오] 검색 결과 없음. query=더트루엘수성
2026-04-06 23:44:00 [DEBUG] [1/1] 더트루엘수성  좌표없음
2026-04-06 23:44:00 [DEBUG] ✅ 대구광역시_수성구_27260_list_coord.csv 저장 완료
2026-04-06 23:44:00 [DEBUG] [124/254] 대구광역시_중구_27110_list_coord.csv — 좌표 완료 (skip)
2026-04-06 23:44:00 [DEBUG] [125/254] 대전광역시_대덕구_30230_list_coord.csv — 좌표 완료 (skip)
2026-04-06 23:44:00 [DEBUG] [126/254] 대전광역시_동구_30110_list_coord.csv — 좌표 완료 (skip)
2026-04-06 23:44:00 [DEBUG] [127/254] 대전광역시_서구_30170_list_coord.csv — 1행 처리 예정
2026-04-06 23:44:00 [DEBUG] [1/1] 용문센트럴뷰  (36.33858, 127.39135)
2026-04-06 23:44:00 [DEBUG] ✅ 대전광역시_서구_30170_list_coord.csv 저장 완료
2026-04-06 23:44:00 [DEBUG] [128/254] 대전광역시_유성구_30200_list_coord.csv — 좌표 완료 (skip)
2026-04-06 23:44:00 [DEBUG] [129/254] 대전광역시_중구_30140_list_coord.csv — 좌표 완료 (skip)
2026-04-06 23:44:00 [DEBUG] [130/254] 부산광역시_강서구_26440_list_coord.csv — 좌표 완료 (skip)
2026-04-06 23:44:00 [DEBUG] [131/254] 부산광역시_금정구_26410_list_coord.csv — 좌표 완료 (skip)
2026-04-06 23:44:00 [DEBUG] [132/254] 부산광역시_기장군_26710_list_coord.csv — 1행 처리 예정
2026-04-06 23:44:00 [DEBUG] [카카오] 검색 결과 없음. query=부산광역시 기장군 장안읍 좌천리  부산장안 LH 1
2026-04-06 23:44:00 [DEBUG] [카카오] 검색 결과 없음. query=부산장안 LH 1단지  아파트
2026-04-06 23:44:00 [DEBUG] [1/1] 부산장안 LH 1단지  아파트  좌표없음
2026-04-06 23:44:01 [DEBUG] ✅ 부산광역시_기장군_26710_list_coord.csv 저장 완료
2026-04-06 23:44:01 [DEBUG] [133/254] 부산광역시_남구_26290_list_coord.csv — 좌표 완료 (skip)
2026-04-06 23:44:01 [DEBUG] [134/254] 부산광역시_동구_26170_list_coord.csv — 좌표 완료 (skip)
2026-04-06 23:44:01 [DEBUG] [135/254] 부산광역시_동래구_26260_list_coord.csv — 좌표 완료 (skip)
2026-04-06 23:44:01 [DEBUG] [136/254] 부산광역시_부산진구_26230_list_coord.csv — 좌표 완료 (skip)
2026-04-06 23:44:01 [DEBUG] [137/254] 부산광역시_북구_26320_list_coord.csv — 1행 처리 예정
2026-04-06 23:44:01 [DEBUG] [카카오] 검색 결과 없음. query=부산광역시 북구 구포동 0
2026-04-06 23:44:01 [DEBUG] [카카오] 검색 결과 없음. query=구포대진
2026-04-06 23:44:01 [DEBUG] [1/1] 구포대진  좌표없음
2026-04-06 23:44:01 [DEBUG] ✅ 부산광역시_북구_26320_list_coord.csv 저장 완료
2026-04-06 23:44:01 [DEBUG] [138/254] 부산광역시_사상구_26530_list_coord.csv — 좌표 완료 (skip)
2026-04-06 23:44:01 [DEBUG] [139/254] 부산광역시_사하구_26380_list_coord.csv — 1행 처리 예정
2026-04-06 23:44:01 [DEBUG] [카카오] 검색 결과 없음. query=부산광역시 사하구 괴정동 0
2026-04-06 23:44:01 [DEBUG] [카카오] 검색 결과 없음. query=괴정새보람더존빌
2026-04-06 23:44:01 [DEBUG] [1/1] 괴정새보람더존빌  좌표없음
2026-04-06 23:44:01 [DEBUG] ✅ 부산광역시_사하구_26380_list_coord.csv 저장 완료
2026-04-06 23:44:01 [DEBUG] [140/254] 부산광역시_서구_26140_list_coord.csv — 좌표 완료 (skip)
2026-04-06 23:44:01 [DEBUG] [141/254] 부산광역시_수영구_26500_list_coord.csv — 좌표 완료 (skip)
2026-04-06 23:44:01 [DEBUG] [142/254] 부산광역시_연제구_26470_list_coord.csv — 1행 처리 예정
2026-04-06 23:44:01 [DEBUG] [카카오] 검색 결과 없음. query=부산광역시 연제구 연산동 856-3
2026-04-06 23:44:02 [DEBUG] [카카오] 검색 결과 없음. query=부산연산행복주택
2026-04-06 23:44:02 [DEBUG] [1/1] 부산연산행복주택  좌표없음
2026-04-06 23:44:02 [DEBUG] ✅ 부산광역시_연제구_26470_list_coord.csv 저장 완료
2026-04-06 23:44:02 [DEBUG] [143/254] 부산광역시_영도구_26200_list_coord.csv — 좌표 완료 (skip)
2026-04-06 23:44:02 [DEBUG] [144/254] 부산광역시_중구_26110_list_coord.csv — 좌표 완료 (skip)
2026-04-06 23:44:02 [DEBUG] [145/254] 부산광역시_해운대구_26350_list_coord.csv — 1행 처리 예정
2026-04-06 23:44:02 [DEBUG] [카카오] 검색 결과 없음. query=부산광역시 해운대구 우동 548
2026-04-06 23:44:02 [DEBUG] [카카오] 검색 결과 없음. query=해운대역푸르지오더원아파트
2026-04-06 23:44:02 [DEBUG] [1/1] 해운대역푸르지오더원아파트  좌표없음
2026-04-06 23:44:02 [DEBUG] ✅ 부산광역시_해운대구_26350_list_coord.csv 저장 완료
2026-04-06 23:44:02 [DEBUG] [146/254] 서울특별시_강남구_11680_list_coord.csv — 1행 처리 예정
2026-04-06 23:44:02 [DEBUG] [카카오] 검색 결과 없음. query=서울특별시 강남구 율현동 217 강남한신휴플러스 8
2026-04-06 23:44:02 [DEBUG] [카카오] 검색 결과 없음. query=강남한신휴플러스 8단지
2026-04-06 23:44:02 [DEBUG] [1/1] 강남한신휴플러스 8단지  좌표없음
2026-04-06 23:44:02 [DEBUG] ✅ 서울특별시_강남구_11680_list_coord.csv 저장 완료
2026-04-06 23:44:02 [DEBUG] [147/254] 서울특별시_강동구_11740_list_coord.csv — 좌표 완료 (skip)
2026-04-06 23:44:02 [DEBUG] [148/254] 서울특별시_강북구_11305_list_coord.csv — 좌표 완료 (skip)
2026-04-06 23:44:02 [DEBUG] [149/254] 서울특별시_강서구_11500_list_coord.csv — 좌표 완료 (skip)
2026-04-06 23:44:02 [DEBUG] [150/254] 서울특별시_관악구_11620_list_coord.csv — 좌표 완료 (skip)
2026-04-06 23:44:03 [DEBUG] [151/254] 서울특별시_광진구_11215_list_coord.csv — 좌표 완료 (skip)
2026-04-06 23:44:03 [DEBUG] [152/254] 서울특별시_구로구_11530_list_coord.csv — 1행 처리 예정
2026-04-06 23:44:03 [DEBUG] [카카오] 검색 결과 없음. query=서울특별시 구로구 고척동 100-7
2026-04-06 23:44:03 [DEBUG] [카카오] 검색 결과 없음. query=고척아이파크MD
2026-04-06 23:44:03 [DEBUG] [1/1] 고척아이파크MD  좌표없음
2026-04-06 23:44:03 [DEBUG] ✅ 서울특별시_구로구_11530_list_coord.csv 저장 완료
2026-04-06 23:44:03 [DEBUG] [153/254] 서울특별시_금천구_11545_list_coord.csv — 좌표 완료 (skip)
2026-04-06 23:44:03 [DEBUG] [154/254] 서울특별시_노원구_11350_list_coord.csv — 좌표 완료 (skip)
2026-04-06 23:44:03 [DEBUG] [155/254] 서울특별시_도봉구_11320_list_coord.csv — 좌표 완료 (skip)
2026-04-06 23:44:03 [DEBUG] [156/254] 서울특별시_동대문구_11230_list_coord.csv — 좌표 완료 (skip)
2026-04-06 23:44:03 [DEBUG] [157/254] 서울특별시_동작구_11590_list_coord.csv — 좌표 완료 (skip)
2026-04-06 23:44:03 [DEBUG] [158/254] 서울특별시_마포구_11440_list_coord.csv — 좌표 완료 (skip)
2026-04-06 23:44:03 [DEBUG] [159/254] 서울특별시_서대문구_11410_list_coord.csv — 좌표 완료 (skip)
2026-04-06 23:44:03 [DEBUG] [160/254] 서울특별시_서초구_11650_list_coord.csv — 좌표 완료 (skip)
2026-04-06 23:44:03 [DEBUG] [161/254] 서울특별시_성동구_11200_list_coord.csv — 좌표 완료 (skip)
2026-04-06 23:44:03 [DEBUG] [162/254] 서울특별시_성북구_11290_list_coord.csv — 좌표 완료 (skip)
2026-04-06 23:44:03 [DEBUG] [163/254] 서울특별시_송파구_11710_list_coord.csv — 좌표 완료 (skip)
2026-04-06 23:44:03 [DEBUG] [164/254] 서울특별시_양천구_11470_list_coord.csv — 1행 처리 예정
2026-04-06 23:44:03 [DEBUG] [카카오] 검색 결과 없음. query=서울특별시 양천구 신정동 831
2026-04-06 23:44:04 [DEBUG] [카카오] 검색 결과 없음. query=신정숲속마을아파트
2026-04-06 23:44:04 [DEBUG] [1/1] 신정숲속마을아파트  좌표없음
2026-04-06 23:44:04 [DEBUG] ✅ 서울특별시_양천구_11470_list_coord.csv 저장 완료
2026-04-06 23:44:04 [DEBUG] [165/254] 서울특별시_영등포구_11560_list_coord.csv — 좌표 완료 (skip)
2026-04-06 23:44:04 [DEBUG] [166/254] 서울특별시_용산구_11170_list_coord.csv — 좌표 완료 (skip)
2026-04-06 23:44:04 [DEBUG] [167/254] 서울특별시_은평구_11380_list_coord.csv — 좌표 완료 (skip)
2026-04-06 23:44:04 [DEBUG] [168/254] 서울특별시_종로구_11110_list_coord.csv — 좌표 완료 (skip)
2026-04-06 23:44:04 [DEBUG] [169/254] 서울특별시_중구_11140_list_coord.csv — 1행 처리 예정
2026-04-06 23:44:04 [DEBUG] [카카오] 검색 결과 없음. query=서울특별시 중구 신당동 367-15
2026-04-06 23:44:04 [DEBUG] [카카오] 검색 결과 없음. query=약수역 더시티
2026-04-06 23:44:04 [DEBUG] [1/1] 약수역 더시티  좌표없음
2026-04-06 23:44:04 [DEBUG] ✅ 서울특별시_중구_11140_list_coord.csv 저장 완료
2026-04-06 23:44:04 [DEBUG] [170/254] 서울특별시_중랑구_11260_list_coord.csv — 좌표 완료 (skip)
2026-04-06 23:44:04 [DEBUG] [171/254] 세종특별자치시_반곡동_36110_list_coord.csv — 좌표 완료 (skip)
2026-04-06 23:44:04 [DEBUG] [172/254] 울산광역시_남구_31140_list_coord.csv — 좌표 완료 (skip)
2026-04-06 23:44:04 [DEBUG] [173/254] 울산광역시_동구_31170_list_coord.csv — 좌표 완료 (skip)
2026-04-06 23:44:04 [DEBUG] [174/254] 울산광역시_북구_31200_list_coord.csv — 좌표 완료 (skip)
2026-04-06 23:44:04 [DEBUG] [175/254] 울산광역시_울주군_31710_list_coord.csv — 좌표 완료 (skip)
2026-04-06 23:44:04 [DEBUG] [176/254] 울산광역시_중구_31110_list_coord.csv — 좌표 완료 (skip)
2026-04-06 23:44:04 [DEBUG] [177/254] 인천광역시_강화군_28710_list_coord.csv — 좌표 완료 (skip)
2026-04-06 23:44:05 [DEBUG] [178/254] 인천광역시_계양구_28245_list_coord.csv — 좌표 완료 (skip)
2026-04-06 23:44:05 [DEBUG] [179/254] 인천광역시_남동구_28200_list_coord.csv — 좌표 완료 (skip)
2026-04-06 23:44:05 [DEBUG] [180/254] 인천광역시_동구_28140_list_coord.csv — 1행 처리 예정
2026-04-06 23:44:05 [DEBUG] [1/1] 바흐카운티  (37.47357, 126.63972)
2026-04-06 23:44:05 [DEBUG] ✅ 인천광역시_동구_28140_list_coord.csv 저장 완료
2026-04-06 23:44:05 [DEBUG] [181/254] 인천광역시_미추홀구_28177_list_coord.csv — 좌표 완료 (skip)
2026-04-06 23:44:05 [DEBUG] [182/254] 인천광역시_부평구_28237_list_coord.csv — 좌표 완료 (skip)
2026-04-06 23:44:05 [DEBUG] [183/254] 인천광역시_서구_28260_list_coord.csv — 1행 처리 예정
2026-04-06 23:44:05 [DEBUG] [카카오] 검색 결과 없음. query=인천광역시 서구 왕길동 - 왕길역로열파크씨티푸르지오
2026-04-06 23:44:05 [DEBUG] [카카오] 검색 결과 없음. query=왕길역로열파크씨티푸르지오
2026-04-06 23:44:05 [DEBUG] [1/1] 왕길역로열파크씨티푸르지오  좌표없음
2026-04-06 23:44:05 [DEBUG] ✅ 인천광역시_서구_28260_list_coord.csv 저장 완료
2026-04-06 23:44:05 [DEBUG] [184/254] 인천광역시_연수구_28185_list_coord.csv — 1행 처리 예정
2026-04-06 23:44:05 [DEBUG] [1/1] 운서역 대라수 어썸에듀아파트  (37.40029, 126.62115)
2026-04-06 23:44:05 [DEBUG] ✅ 인천광역시_연수구_28185_list_coord.csv 저장 완료
2026-04-06 23:44:05 [DEBUG] [185/254] 인천광역시_옹진군_28720_list_coord.csv — 좌표 완료 (skip)
2026-04-06 23:44:05 [DEBUG] [186/254] 인천광역시_중구_28110_list_coord.csv — 좌표 완료 (skip)
2026-04-06 23:44:05 [DEBUG] [187/254] 전라남도_강진군_46810_list_coord.csv — 좌표 완료 (skip)
2026-04-06 23:44:06 [DEBUG] [188/254] 전라남도_고흥군_46770_list_coord.csv — 좌표 완료 (skip)
2026-04-06 23:44:06 [DEBUG] [189/254] 전라남도_곡성군_46720_list_coord.csv — 좌표 완료 (skip)
2026-04-06 23:44:06 [DEBUG] [카카오] 검색 결과 없음. query=전라남도 광양시 광양읍 목성리  광양목성 파크뷰 부영1
2026-04-06 23:44:06 [DEBUG] [190/254] 전라남도_광양시_46230_list_coord.csv — 1행 처리 예정
2026-04-06 23:44:06 [DEBUG] [카카오] 검색 결과 없음. query=광양목성 파크뷰 부영1단지
2026-04-06 23:44:06 [DEBUG] [1/1] 광양목성 파크뷰 부영1단지  좌표없음
2026-04-06 23:44:06 [DEBUG] ✅ 전라남도_광양시_46230_list_coord.csv 저장 완료
2026-04-06 23:44:06 [DEBUG] [191/254] 전라남도_구례군_46730_list_coord.csv — 좌표 완료 (skip)
2026-04-06 23:44:06 [DEBUG] [192/254] 전라남도_나주시_46170_list_coord.csv — 좌표 완료 (skip)
2026-04-06 23:44:06 [DEBUG] [193/254] 전라남도_담양군_46710_list_coord.csv — 좌표 완료 (skip)
2026-04-06 23:44:06 [DEBUG] [194/254] 전라남도_목포시_46110_list_coord.csv — 좌표 완료 (skip)
2026-04-06 23:44:06 [DEBUG] [195/254] 전라남도_무안군_46840_list_coord.csv — 좌표 완료 (skip)
2026-04-06 23:44:06 [DEBUG] [196/254] 전라남도_보성군_46780_list_coord.csv — 좌표 완료 (skip)
2026-04-06 23:44:06 [DEBUG] [197/254] 전라남도_순천시_46150_list_coord.csv — 2행 처리 예정
2026-04-06 23:44:06 [DEBUG] [카카오] 검색 결과 없음. query=전라남도 순천시 조례동 1276-1
2026-04-06 23:44:06 [DEBUG] [카카오] 검색 결과 없음. query=순천 오네뜨센트럴 아파트
2026-04-06 23:44:06 [DEBUG] [카카오] 검색 결과 없음. query=전라남도 순천시 충효로 131
2026-04-06 23:44:06 [DEBUG] [1/2] 순천 오네뜨센트럴 아파트  좌표없음
2026-04-06 23:44:06 [DEBUG] [카카오] 검색 결과 없음. query=전라남도 순천시 해룡면 상삼리 35-31
2026-04-06 23:44:07 [DEBUG] [카카오] 검색 결과 없음. query=대광로제비앙센트럴
2026-04-06 23:44:07 [DEBUG] [2/2] 대광로제비앙센트럴  좌표없음
2026-04-06 23:44:07 [DEBUG] ✅ 전라남도_순천시_46150_list_coord.csv 저장 완료
2026-04-06 23:44:07 [DEBUG] [198/254] 전라남도_여수시_46130_list_coord.csv — 좌표 완료 (skip)
2026-04-06 23:44:07 [DEBUG] [199/254] 전라남도_영광군_46870_list_coord.csv — 좌표 완료 (skip)
2026-04-06 23:44:07 [DEBUG] [200/254] 전라남도_영암군_46830_list_coord.csv — 좌표 완료 (skip)
2026-04-06 23:44:07 [DEBUG] [201/254] 전라남도_완도군_46890_list_coord.csv — 좌표 완료 (skip)
2026-04-06 23:44:07 [DEBUG] [202/254] 전라남도_장성군_46880_list_coord.csv — 좌표 완료 (skip)
2026-04-06 23:44:07 [DEBUG] [203/254] 전라남도_장흥군_46800_list_coord.csv — 좌표 완료 (skip)
2026-04-06 23:44:07 [DEBUG] [204/254] 전라남도_진도군_46900_list_coord.csv — 좌표 완료 (skip)
2026-04-06 23:44:07 [DEBUG] [205/254] 전라남도_함평군_46860_list_coord.csv — 좌표 완료 (skip)
2026-04-06 23:44:07 [DEBUG] [206/254] 전라남도_해남군_46820_list_coord.csv — 좌표 완료 (skip)
2026-04-06 23:44:07 [DEBUG] [207/254] 전라남도_화순군_46790_list_coord.csv — 좌표 완료 (skip)
2026-04-06 23:44:07 [DEBUG] [208/254] 전북특별자치도_고창군_52790_list_coord.csv — 좌표 완료 (skip)
2026-04-06 23:44:07 [DEBUG] [209/254] 전북특별자치도_군산시_52130_list_coord.csv — 좌표 완료 (skip)
2026-04-06 23:44:07 [DEBUG] [210/254] 전북특별자치도_김제시_52210_list_coord.csv — 좌표 완료 (skip)
2026-04-06 23:44:07 [DEBUG] [211/254] 전북특별자치도_남원시_52190_list_coord.csv — 좌표 완료 (skip)
2026-04-06 23:44:07 [DEBUG] [212/254] 전북특별자치도_무주군_52730_list_coord.csv — 좌표 완료 (skip)
2026-04-06 23:44:07 [DEBUG] [213/254] 전북특별자치도_부안군_52800_list_coord.csv — 좌표 완료 (skip)
2026-04-06 23:44:08 [DEBUG] [214/254] 전북특별자치도_순창군_52770_list_coord.csv — 좌표 완료 (skip)
2026-04-06 23:44:08 [DEBUG] [215/254] 전북특별자치도_완주군_52710_list_coord.csv — 좌표 완료 (skip)
2026-04-06 23:44:08 [DEBUG] [216/254] 전북특별자치도_익산시_52140_list_coord.csv — 좌표 완료 (skip)
2026-04-06 23:44:08 [DEBUG] [217/254] 전북특별자치도_임실군_52750_list_coord.csv — 좌표 완료 (skip)
2026-04-06 23:44:08 [DEBUG] [218/254] 전북특별자치도_장수군_52740_list_coord.csv — 좌표 완료 (skip)
2026-04-06 23:44:08 [DEBUG] [219/254] 전북특별자치도_전주시_덕진구_52113_list_coord.csv — 1행 처리 예정
2026-04-06 23:44:08 [DEBUG] [카카오] 검색 결과 없음. query=전북특별자치도 전주덕진구 여의동2가 671-4
2026-04-06 23:44:08 [DEBUG] [카카오] 검색 결과 없음. query=골드클래스
2026-04-06 23:44:08 [DEBUG] [카카오] 검색 결과 없음. query=전북특별자치도 전주시 덕진구 쪽구름5길 42
2026-04-06 23:44:08 [DEBUG] [1/1] 골드클래스  좌표없음
2026-04-06 23:44:08 [DEBUG] ✅ 전북특별자치도_전주시_덕진구_52113_list_coord.csv 저장 완료
2026-04-06 23:44:08 [DEBUG] [220/254] 전북특별자치도_전주시_완산구_52111_list_coord.csv — 좌표 완료 (skip)
2026-04-06 23:44:08 [DEBUG] [221/254] 전북특별자치도_정읍시_52180_list_coord.csv — 좌표 완료 (skip)
2026-04-06 23:44:08 [DEBUG] [222/254] 전북특별자치도_진안군_52720_list_coord.csv — 좌표 완료 (skip)
2026-04-06 23:44:08 [DEBUG] [223/254] 제주특별자치도_서귀포시_50130_list_coord.csv — 좌표 완료 (skip)
2026-04-06 23:44:08 [DEBUG] [224/254] 제주특별자치도_제주시_50110_list_coord.csv — 좌표 완료 (skip)
2026-04-06 23:44:08 [DEBUG] [카카오] 검색 결과 없음. query=충청남도 계룡시 신도안면 남선리 0
2026-04-06 23:44:08 [DEBUG] [225/254] 충청남도_계룡시_44250_list_coord.csv — 1행 처리 예정
2026-04-06 23:44:08 [DEBUG] [카카오] 검색 결과 없음. query=계룡대
2026-04-06 23:44:08 [DEBUG] [1/1] 계룡대  좌표없음
2026-04-06 23:44:09 [DEBUG] ✅ 충청남도_계룡시_44250_list_coord.csv 저장 완료
2026-04-06 23:44:09 [DEBUG] [226/254] 충청남도_공주시_44150_list_coord.csv — 좌표 완료 (skip)
2026-04-06 23:44:09 [DEBUG] [227/254] 충청남도_금산군_44710_list_coord.csv — 좌표 완료 (skip)
2026-04-06 23:44:09 [DEBUG] [228/254] 충청남도_논산시_44230_list_coord.csv — 좌표 완료 (skip)
2026-04-06 23:44:09 [DEBUG] [229/254] 충청남도_당진시_44270_list_coord.csv — 좌표 완료 (skip)
2026-04-06 23:44:09 [DEBUG] [230/254] 충청남도_보령시_44180_list_coord.csv — 좌표 완료 (skip)
2026-04-06 23:44:09 [DEBUG] [231/254] 충청남도_부여군_44760_list_coord.csv — 좌표 완료 (skip)
2026-04-06 23:44:09 [DEBUG] [232/254] 충청남도_서산시_44210_list_coord.csv — 좌표 완료 (skip)
2026-04-06 23:44:09 [DEBUG] [233/254] 충청남도_서천군_44770_list_coord.csv — 좌표 완료 (skip)
2026-04-06 23:44:09 [DEBUG] [234/254] 충청남도_아산시_44200_list_coord.csv — 좌표 완료 (skip)
2026-04-06 23:44:09 [DEBUG] [235/254] 충청남도_예산군_44810_list_coord.csv — 1행 처리 예정
2026-04-06 23:44:09 [DEBUG] [카카오] 검색 결과 없음. query=충청남도 예산군 예산읍   예산LH행복1
2026-04-06 23:44:09 [DEBUG] [카카오] 검색 결과 없음. query=예산LH행복1단지
2026-04-06 23:44:09 [DEBUG] [1/1] 예산LH행복1단지  좌표없음
2026-04-06 23:44:09 [DEBUG] ✅ 충청남도_예산군_44810_list_coord.csv 저장 완료
2026-04-06 23:44:09 [DEBUG] [236/254] 충청남도_천안시_동남구_44131_list_coord.csv — 좌표 완료 (skip)
2026-04-06 23:44:09 [DEBUG] [237/254] 충청남도_천안시_서북구_44133_list_coord.csv — 1행 처리 예정
2026-04-06 23:44:09 [DEBUG] [카카오] 검색 결과 없음. query=충청남도 천안서북구 성정동 0
2026-04-06 23:44:10 [DEBUG] [카카오] 검색 결과 없음. query=성정한도
2026-04-06 23:44:10 [DEBUG] [1/1] 성정한도  좌표없음
2026-04-06 23:44:10 [DEBUG] ✅ 충청남도_천안시_서북구_44133_list_coord.csv 저장 완료
2026-04-06 23:44:10 [DEBUG] [238/254] 충청남도_청양군_44790_list_coord.csv — 좌표 완료 (skip)
2026-04-06 23:44:10 [DEBUG] [239/254] 충청남도_태안군_44825_list_coord.csv — 좌표 완료 (skip)
2026-04-06 23:44:10 [DEBUG] [240/254] 충청남도_홍성군_44800_list_coord.csv — 좌표 완료 (skip)
2026-04-06 23:44:10 [DEBUG] [241/254] 충청북도_괴산군_43760_list_coord.csv — 좌표 완료 (skip)
2026-04-06 23:44:10 [DEBUG] [242/254] 충청북도_단양군_43800_list_coord.csv — 좌표 완료 (skip)
2026-04-06 23:44:10 [DEBUG] [243/254] 충청북도_보은군_43720_list_coord.csv — 좌표 완료 (skip)
2026-04-06 23:44:10 [DEBUG] [244/254] 충청북도_영동군_43740_list_coord.csv — 좌표 완료 (skip)
2026-04-06 23:44:10 [DEBUG] [245/254] 충청북도_옥천군_43730_list_coord.csv — 좌표 완료 (skip)
2026-04-06 23:44:10 [DEBUG] [246/254] 충청북도_음성군_43770_list_coord.csv — 좌표 완료 (skip)
2026-04-06 23:44:10 [DEBUG] [247/254] 충청북도_제천시_43150_list_coord.csv — 좌표 완료 (skip)
2026-04-06 23:44:10 [DEBUG] [248/254] 충청북도_증평군_43745_list_coord.csv — 1행 처리 예정
2026-04-06 23:44:10 [DEBUG] [1/1] 증평석미아데나에듀스카이  (36.77992, 127.58538)
2026-04-06 23:44:10 [DEBUG] ✅ 충청북도_증평군_43745_list_coord.csv 저장 완료
2026-04-06 23:44:10 [DEBUG] [249/254] 충청북도_진천군_43750_list_coord.csv — 좌표 완료 (skip)
2026-04-06 23:44:10 [DEBUG] [250/254] 충청북도_청주시_상당구_43111_list_coord.csv — 좌표 완료 (skip)
2026-04-06 23:44:11 [DEBUG] [251/254] 충청북도_청주시_서원구_43112_list_coord.csv — 좌표 완료 (skip)
2026-04-06 23:44:11 [DEBUG] [252/254] 충청북도_청주시_청원구_43114_list_coord.csv — 좌표 완료 (skip)
2026-04-06 23:44:11 [DEBUG] [253/254] 충청북도_청주시_흥덕구_43113_list_coord.csv — 좌표 완료 (skip)
2026-04-06 23:44:11 [DEBUG] [254/254] 충청북도_충주시_43130_list_coord.csv — 좌표 완료 (skip)
2026-04-06 23:44:11 [DEBUG] 🎉  수집 종료  │  ① 목록 API 255회  │  ② 기본정보 API 5회  │  ③ 카카오 79회
2026-04-06 23:44:11 [INFO] 수집 완료: 수집 종료  │  ① 목록 API 255회  │  ② 기본정보 API 5회  │  ③ 카카오 79회
2026-04-06 23:45:22 [INFO] 프로그램 정상 종료
