2026-04-08 19:07:16 [DEBUG] ✅ 법정동코드 로드 완료  —  255개 지역
2026-04-08 19:07:16 [DEBUG] 법정동코드 파일: d:\apt-chart3\public\법정동코드 전체자료.txt
2026-04-08 19:07:16 [DEBUG] 출력 폴더:       d:\apt-chart3\public\KaptList
2026-04-08 19:07:16 [DEBUG] 시작 버튼을 눌러 수집을 시작하세요.
2026-04-08 19:07:33 [DEBUG] ▶  수집을 시작합니다. (Phase 1 → 2 → 3 순서)
2026-04-08 19:07:33 [DEBUG] ══ Phase 1: 아파트 목록 수집 ══════════════════
2026-04-08 19:07:33 [DEBUG] [1/255] 서울특별시 종로구 — 기존 38개 (신규 없음)
2026-04-08 19:07:34 [DEBUG] [2/255] 서울특별시 중구 — 기존 48개 (신규 없음)
2026-04-08 19:07:34 [DEBUG] [3/255] 서울특별시 용산구 — 기존 85개 (신규 없음)
2026-04-08 19:07:34 [DEBUG] [4/255] 서울특별시 성동구 — 기존 131개 (신규 없음)
2026-04-08 19:07:34 [DEBUG] [5/255] 서울특별시 광진구 — 기존 96개 (신규 없음)
2026-04-08 19:07:34 [DEBUG] [6/255] 서울특별시 동대문구 — 기존 128개 (신규 없음)
2026-04-08 19:07:34 [DEBUG] [7/255] 서울특별시 중랑구 — 기존 133개 (신규 없음)
2026-04-08 19:07:34 [DEBUG] [8/255] 서울특별시 성북구 — 기존 145개 (신규 없음)
2026-04-08 19:07:34 [DEBUG] [9/255] 서울특별시 강북구 — 기존 56개 (신규 없음)
2026-04-08 19:07:35 [DEBUG] [10/255] 서울특별시 도봉구 — 기존 119개 (신규 없음)
2026-04-08 19:07:35 [DEBUG] [11/255] 서울특별시 노원구 — 기존 229개 (신규 없음)
2026-04-08 19:07:35 [DEBUG] [12/255] 서울특별시 은평구 — 기존 159개 (신규 없음)
2026-04-08 19:07:35 [DEBUG] [13/255] 서울특별시 서대문구 — 기존 94개 (신규 없음)
2026-04-08 19:07:35 [DEBUG] [14/255] 서울특별시 마포구 — 기존 140개 (신규 없음)
2026-04-08 19:07:35 [DEBUG] [15/255] 서울특별시 양천구 — 기존 152개 (신규 없음)
2026-04-08 19:07:35 [DEBUG] [16/255] 서울특별시 강서구 — 기존 209개 (신규 없음)
2026-04-08 19:07:35 [DEBUG] [17/255] 서울특별시 구로구 — 기존 178개 (신규 없음)
2026-04-08 19:07:35 [DEBUG] [18/255] 서울특별시 금천구 — 기존 52개 (신규 없음)
2026-04-08 19:07:36 [DEBUG] [19/255] 서울특별시 영등포구 — 기존 178개 (신규 없음)
2026-04-08 19:07:36 [DEBUG] [20/255] 서울특별시 동작구 — 기존 136개 (신규 없음)
2026-04-08 19:07:36 [DEBUG] [21/255] 서울특별시 관악구 — 기존 90개 (신규 없음)
2026-04-08 19:07:36 [DEBUG] [22/255] 서울특별시 서초구 — 기존 198개 (신규 없음)
2026-04-08 19:07:36 [DEBUG] [23/255] 서울특별시 강남구 — 기존 232개 (신규 없음)
2026-04-08 19:07:36 [DEBUG] [24/255] 서울특별시 송파구 — 기존 175개 (신규 없음)
2026-04-08 19:07:36 [DEBUG] [25/255] 서울특별시 강동구 — 기존 147개 (신규 없음)
2026-04-08 19:07:36 [DEBUG] [26/255] 부산광역시 중구 — 기존 11개 (신규 없음)
2026-04-08 19:07:36 [DEBUG] [27/255] 부산광역시 서구 — 기존 42개 (신규 없음)
2026-04-08 19:07:37 [DEBUG] [28/255] 부산광역시 동구 — 기존 26개 (신규 없음)
2026-04-08 19:07:37 [DEBUG] [29/255] 부산광역시 영도구 — 기존 43개 (신규 없음)
2026-04-08 19:07:37 [DEBUG] [30/255] 부산광역시 부산진구 — 기존 170개 (신규 없음)
2026-04-08 19:07:37 [DEBUG] [31/255] 부산광역시 동래구 — 기존 127개 (신규 없음)
2026-04-08 19:07:37 [DEBUG] [32/255] 부산광역시 남구 — 기존 98개 (신규 없음)
2026-04-08 19:07:37 [DEBUG] [33/255] 부산광역시 북구 — 기존 113개 (신규 없음)
2026-04-08 19:07:37 [DEBUG] [34/255] 부산광역시 해운대구 — 기존 200개 (신규 없음)
2026-04-08 19:07:37 [DEBUG] [35/255] 부산광역시 사하구 — 기존 140개 (신규 없음)
2026-04-08 19:07:37 [DEBUG] [36/255] 부산광역시 금정구 — 기존 86개 (신규 없음)
2026-04-08 19:07:37 [DEBUG] [37/255] 부산광역시 강서구 — 기존 51개 (신규 없음)
2026-04-08 19:07:38 [DEBUG] [38/255] 부산광역시 연제구 — 기존 105개 (신규 없음)
2026-04-08 19:07:38 [DEBUG] [39/255] 부산광역시 수영구 — 기존 62개 (신규 없음)
2026-04-08 19:07:38 [DEBUG] [40/255] 부산광역시 사상구 — 기존 97개 (신규 없음)
2026-04-08 19:07:38 [DEBUG] [41/255] 부산광역시 기장군 — 기존 83개 (신규 없음)
2026-04-08 19:07:38 [DEBUG] [42/255] 대구광역시 중구 — 기존 61개 (신규 없음)
2026-04-08 19:07:38 [DEBUG] [43/255] 대구광역시 동구 — 기존 174개 (신규 없음)
2026-04-08 19:07:38 [DEBUG] [44/255] 대구광역시 서구 — 기존 36개 (신규 없음)
2026-04-08 19:07:38 [DEBUG] [45/255] 대구광역시 남구 — 기존 48개 (신규 없음)
2026-04-08 19:07:38 [DEBUG] [46/255] 대구광역시 북구 — 기존 211개 (신규 없음)
2026-04-08 19:07:38 [DEBUG] [47/255] 대구광역시 수성구 — 기존 268개 (신규 없음)
2026-04-08 19:07:38 [DEBUG] [48/255] 대구광역시 달서구 — 기존 246개 (신규 없음)
2026-04-08 19:07:39 [DEBUG] [49/255] 대구광역시 달성군 — 기존 138개 (신규 없음)
2026-04-08 19:07:39 [DEBUG] [50/255] 대구광역시 군위군 — 기존 1개 (신규 없음)
2026-04-08 19:07:39 [DEBUG] [51/255] 인천광역시 중구 — 기존 77개 (신규 없음)
2026-04-08 19:07:39 [DEBUG] [52/255] 인천광역시 동구 — 기존 26개 (신규 없음)
2026-04-08 19:07:39 [DEBUG] [53/255] 인천광역시 미추홀구 — 기존 114개 (신규 없음)
2026-04-08 19:07:39 [DEBUG] [54/255] 인천광역시 연수구 — 기존 175개 (신규 없음)
2026-04-08 19:07:39 [DEBUG] [55/255] 인천광역시 남동구 — +1개 저장  (누계 167개, API 1회)
2026-04-08 19:07:39 [DEBUG] [56/255] 인천광역시 부평구 — 기존 159개 (신규 없음)
2026-04-08 19:07:39 [DEBUG] [57/255] 인천광역시 계양구 — 기존 136개 (신규 없음)
2026-04-08 19:07:39 [DEBUG] [58/255] 인천광역시 서구 — 기존 256개 (신규 없음)
2026-04-08 19:07:39 [DEBUG] [59/255] 인천광역시 강화군 — 기존 7개 (신규 없음)
2026-04-08 19:07:40 [DEBUG] [60/255] 인천광역시 옹진군 — 기존 1개 (신규 없음)
2026-04-08 19:07:40 [DEBUG] [61/255] 광주광역시 동구 — 기존 60개 (신규 없음)
2026-04-08 19:07:40 [DEBUG] [62/255] 광주광역시 서구 — 기존 181개 (신규 없음)
2026-04-08 19:07:40 [DEBUG] [63/255] 광주광역시 남구 — 기존 170개 (신규 없음)
2026-04-08 19:07:40 [DEBUG] [64/255] 광주광역시 북구 — 기존 267개 (신규 없음)
2026-04-08 19:07:40 [DEBUG] [65/255] 광주광역시 광산구 — 기존 266개 (신규 없음)
2026-04-08 19:07:40 [DEBUG] [66/255] 대전광역시 동구 — 기존 90개 (신규 없음)
2026-04-08 19:07:41 [DEBUG] [67/255] 대전광역시 중구 — 기존 102개 (신규 없음)
2026-04-08 19:07:41 [DEBUG] [68/255] 대전광역시 서구 — 기존 168개 (신규 없음)
2026-04-08 19:07:41 [DEBUG] [69/255] 대전광역시 유성구 — 기존 171개 (신규 없음)
2026-04-08 19:07:41 [DEBUG] [70/255] 대전광역시 대덕구 — 기존 65개 (신규 없음)
2026-04-08 19:07:41 [DEBUG] [71/255] 울산광역시 중구 — 기존 94개 (신규 없음)
2026-04-08 19:07:41 [DEBUG] [72/255] 울산광역시 남구 — 기존 170개 (신규 없음)
2026-04-08 19:07:42 [DEBUG] [73/255] 울산광역시 동구 — 기존 64개 (신규 없음)
2026-04-08 19:07:42 [DEBUG] [74/255] 울산광역시 북구 — 기존 114개 (신규 없음)
2026-04-08 19:07:42 [DEBUG] [75/255] 울산광역시 울주군 — 기존 101개 (신규 없음)
2026-04-08 19:07:42 [DEBUG] [76/255] 세종특별자치시 반곡동 — 기존 214개 (신규 없음)
2026-04-08 19:07:42 [DEBUG] [77/255] 경기도 수원시 장안구 — 기존 91개 (신규 없음)
2026-04-08 19:07:42 [DEBUG] [78/255] 경기도 수원시 권선구 — 기존 142개 (신규 없음)
2026-04-08 19:07:42 [DEBUG] [79/255] 경기도 수원시 팔달구 — 기존 73개 (신규 없음)
2026-04-08 19:07:42 [DEBUG] [80/255] 경기도 수원시 영통구 — 기존 138개 (신규 없음)
2026-04-08 19:07:42 [DEBUG] [81/255] 경기도 성남시 수정구 — 기존 60개 (신규 없음)
2026-04-08 19:07:42 [DEBUG] [82/255] 경기도 성남시 중원구 — 기존 54개 (신규 없음)
2026-04-08 19:07:42 [DEBUG] [83/255] 경기도 성남시 분당구 — 기존 214개 (신규 없음)
2026-04-08 19:07:43 [DEBUG] [84/255] 경기도 의정부시 — 기존 245개 (신규 없음)
2026-04-08 19:07:43 [DEBUG] [85/255] 경기도 안양시 만안구 — 기존 87개 (신규 없음)
2026-04-08 19:07:43 [DEBUG] [86/255] 경기도 안양시 동안구 — 기존 130개 (신규 없음)
2026-04-08 19:07:43 [DEBUG] [87/255] 경기도 부천시 원미구 — 기존 134개 (신규 없음)
2026-04-08 19:07:44 [DEBUG] [88/255] 경기도 부천시 소사구 — 기존 83개 (신규 없음)
2026-04-08 19:07:44 [DEBUG] [89/255] 경기도 부천시 오정구 — 기존 42개 (신규 없음)
2026-04-08 19:07:45 [WARNING] ⛔ 중지 요청  —  현재 작업 완료 후 중단됩니다.
2026-04-08 19:07:47 [DEBUG] [90/255] 경기도 광명시 — 기존 86개 (신규 없음)
2026-04-08 19:07:47 [DEBUG] 🎉  수집 종료  │  ① 목록 API 90회  │  ② 기본정보 API 0회  │  ③ 카카오 0회
2026-04-08 19:07:47 [INFO] 수집 완료: 수집 종료  │  ① 목록 API 90회  │  ② 기본정보 API 0회  │  ③ 카카오 0회
2026-04-08 19:07:48 [INFO] 프로그램 정상 종료
