2026-04-10 11:42:52 [DEBUG] ✅ 법정동코드 로드 완료  —  255개 지역
2026-04-10 11:42:52 [DEBUG] 법정동코드 파일: d:\apt-chart3\public\법정동코드 전체자료.txt
2026-04-10 11:42:52 [DEBUG] 출력 폴더:       d:\apt-chart3\public\KaptList
2026-04-10 11:42:52 [DEBUG] 시작 버튼을 눌러 수집을 시작하세요.
2026-04-10 11:43:13 [DEBUG] ▶  R2업로드 시작
2026-04-10 11:43:13 [DEBUG] ══ Phase 4: Cloudflare R2 업로드 ══════════════════
2026-04-10 11:43:13 [DEBUG] code5_map.json 갱신 완료 (254개 항목)
2026-04-10 11:43:14 [DEBUG] R2 파일 목록 확인 중...
2026-04-10 11:43:14 [DEBUG] R2 기존 파일: 255개
2026-04-10 11:43:15 [DEBUG] ↑ code5_map.json
2026-04-10 11:43:15 [DEBUG] ↑ 강원특별자치도_강릉시_51150_list_coord.csv
2026-04-10 11:43:15 [DEBUG] ↑ 강원특별자치도_고성군_51820_list_coord.csv
2026-04-10 11:43:16 [DEBUG] ↑ 강원특별자치도_동해시_51170_list_coord.csv
2026-04-10 11:43:16 [DEBUG] ↑ 강원특별자치도_삼척시_51230_list_coord.csv
2026-04-10 11:43:16 [DEBUG] ↑ 강원특별자치도_속초시_51210_list_coord.csv
2026-04-10 11:43:16 [DEBUG] ↑ 강원특별자치도_양구군_51800_list_coord.csv
2026-04-10 11:43:17 [DEBUG] ↑ 강원특별자치도_양양군_51830_list_coord.csv
2026-04-10 11:43:17 [DEBUG] ↑ 강원특별자치도_영월군_51750_list_coord.csv
2026-04-10 11:43:17 [DEBUG] ↑ 강원특별자치도_원주시_51130_list_coord.csv
2026-04-10 11:43:17 [DEBUG] ↑ 강원특별자치도_인제군_51810_list_coord.csv
2026-04-10 11:43:18 [DEBUG] ↑ 강원특별자치도_정선군_51770_list_coord.csv
2026-04-10 11:43:18 [DEBUG] ↑ 강원특별자치도_철원군_51780_list_coord.csv
2026-04-10 11:43:18 [DEBUG] ↑ 강원특별자치도_춘천시_51110_list_coord.csv
2026-04-10 11:43:18 [DEBUG] ↑ 강원특별자치도_태백시_51190_list_coord.csv
2026-04-10 11:43:19 [DEBUG] ↑ 강원특별자치도_평창군_51760_list_coord.csv
2026-04-10 11:43:19 [DEBUG] ↑ 강원특별자치도_홍천군_51720_list_coord.csv
2026-04-10 11:43:19 [DEBUG] ↑ 강원특별자치도_화천군_51790_list_coord.csv
2026-04-10 11:43:20 [DEBUG] ↑ 강원특별자치도_횡성군_51730_list_coord.csv
2026-04-10 11:43:20 [DEBUG] ↑ 경기도_가평군_41820_list_coord.csv
2026-04-10 11:43:20 [DEBUG] ↑ 경기도_고양시_덕양구_41281_list_coord.csv
2026-04-10 11:43:20 [DEBUG] ↑ 경기도_고양시_일산동구_41285_list_coord.csv
2026-04-10 11:43:20 [DEBUG] ↑ 경기도_고양시_일산서구_41287_list_coord.csv
2026-04-10 11:43:21 [DEBUG] ↑ 경기도_과천시_41290_list_coord.csv
2026-04-10 11:43:21 [DEBUG] ↑ 경기도_광명시_41210_list_coord.csv
2026-04-10 11:43:21 [DEBUG] ↑ 경기도_광주시_41610_list_coord.csv
2026-04-10 11:43:22 [DEBUG] ↑ 경기도_구리시_41310_list_coord.csv
2026-04-10 11:43:22 [DEBUG] ↑ 경기도_군포시_41410_list_coord.csv
2026-04-10 11:43:22 [DEBUG] ↑ 경기도_김포시_41570_list_coord.csv
2026-04-10 11:43:22 [DEBUG] ↑ 경기도_남양주시_41360_list_coord.csv
2026-04-10 11:43:23 [DEBUG] ↑ 경기도_동두천시_41250_list_coord.csv
2026-04-10 11:43:23 [DEBUG] ↑ 경기도_부천시_소사구_41194_list_coord.csv
2026-04-10 11:43:23 [DEBUG] ↑ 경기도_부천시_오정구_41196_list_coord.csv
2026-04-10 11:43:23 [DEBUG] ↑ 경기도_부천시_원미구_41192_list_coord.csv
2026-04-10 11:43:23 [DEBUG] ↑ 경기도_성남시_분당구_41135_list_coord.csv
2026-04-10 11:43:24 [DEBUG] ↑ 경기도_성남시_수정구_41131_list_coord.csv
2026-04-10 11:43:24 [DEBUG] ↑ 경기도_성남시_중원구_41133_list_coord.csv
2026-04-10 11:43:24 [DEBUG] ↑ 경기도_수원시_권선구_41113_list_coord.csv
2026-04-10 11:43:24 [DEBUG] ↑ 경기도_수원시_영통구_41117_list_coord.csv
2026-04-10 11:43:25 [DEBUG] ↑ 경기도_수원시_장안구_41111_list_coord.csv
2026-04-10 11:43:25 [DEBUG] ↑ 경기도_수원시_팔달구_41115_list_coord.csv
2026-04-10 11:43:25 [DEBUG] ↑ 경기도_시흥시_41390_list_coord.csv
2026-04-10 11:43:26 [DEBUG] ↑ 경기도_안산시_단원구_41273_list_coord.csv
2026-04-10 11:43:26 [DEBUG] ↑ 경기도_안산시_상록구_41271_list_coord.csv
2026-04-10 11:43:26 [DEBUG] ↑ 경기도_안성시_41550_list_coord.csv
2026-04-10 11:43:26 [DEBUG] ↑ 경기도_안양시_동안구_41173_list_coord.csv
2026-04-10 11:43:27 [DEBUG] ↑ 경기도_안양시_만안구_41171_list_coord.csv
2026-04-10 11:43:27 [DEBUG] ↑ 경기도_양주시_41630_list_coord.csv
2026-04-10 11:43:27 [DEBUG] ↑ 경기도_양평군_41830_list_coord.csv
2026-04-10 11:43:28 [DEBUG] ↑ 경기도_여주시_41670_list_coord.csv
2026-04-10 11:43:28 [DEBUG] ↑ 경기도_연천군_41800_list_coord.csv
2026-04-10 11:43:28 [DEBUG] ↑ 경기도_오산시_41370_list_coord.csv
2026-04-10 11:43:28 [DEBUG] ↑ 경기도_용인시_기흥구_41463_list_coord.csv
2026-04-10 11:43:29 [DEBUG] ↑ 경기도_용인시_수지구_41465_list_coord.csv
2026-04-10 11:43:29 [DEBUG] ↑ 경기도_용인시_처인구_41461_list_coord.csv
2026-04-10 11:43:29 [DEBUG] ↑ 경기도_의왕시_41430_list_coord.csv
2026-04-10 11:43:29 [DEBUG] ↑ 경기도_의정부시_41150_list_coord.csv
2026-04-10 11:43:30 [DEBUG] ↑ 경기도_이천시_41500_list_coord.csv
2026-04-10 11:43:30 [DEBUG] ↑ 경기도_파주시_41480_list_coord.csv
2026-04-10 11:43:30 [DEBUG] ↑ 경기도_평택시_41220_list_coord.csv
2026-04-10 11:43:30 [DEBUG] ↑ 경기도_포천시_41650_list_coord.csv
2026-04-10 11:43:31 [DEBUG] ↑ 경기도_하남시_41450_list_coord.csv
2026-04-10 11:43:31 [DEBUG] ↑ 경기도_화성시_동탄구_41597_list_coord.csv
2026-04-10 11:43:31 [DEBUG] ↑ 경기도_화성시_만세구_41591_list_coord.csv
2026-04-10 11:43:32 [DEBUG] ↑ 경기도_화성시_병점구_41595_list_coord.csv
2026-04-10 11:43:32 [DEBUG] ↑ 경기도_화성시_효행구_41593_list_coord.csv
2026-04-10 11:43:32 [DEBUG] ↑ 경상남도_거제시_48310_list_coord.csv
2026-04-10 11:43:32 [DEBUG] ↑ 경상남도_거창군_48880_list_coord.csv
2026-04-10 11:43:33 [DEBUG] ↑ 경상남도_고성군_48820_list_coord.csv
2026-04-10 11:43:33 [DEBUG] ↑ 경상남도_김해시_48250_list_coord.csv
2026-04-10 11:43:33 [DEBUG] ↑ 경상남도_남해군_48840_list_coord.csv
2026-04-10 11:43:33 [DEBUG] ↑ 경상남도_밀양시_48270_list_coord.csv
2026-04-10 11:43:34 [DEBUG] ↑ 경상남도_사천시_48240_list_coord.csv
2026-04-10 11:43:34 [DEBUG] ↑ 경상남도_산청군_48860_list_coord.csv
2026-04-10 11:43:34 [DEBUG] ↑ 경상남도_양산시_48330_list_coord.csv
2026-04-10 11:43:34 [DEBUG] ↑ 경상남도_의령군_48720_list_coord.csv
2026-04-10 11:43:35 [DEBUG] ↑ 경상남도_진주시_48170_list_coord.csv
2026-04-10 11:43:35 [WARNING] ⛔ 중지 요청  —  현재 작업 완료 후 중단됩니다.
2026-04-10 11:43:35 [DEBUG] ↑ 경상남도_창녕군_48740_list_coord.csv
2026-04-10 11:43:35 [DEBUG] ✅ 업로드 완료  (신규/갱신: 78개 / 건너뜀: 0개)
2026-04-10 11:43:35 [DEBUG] 🎉  완료  │  ① 목록 0회  │  ② 기본정보 0회  │  ③ 카카오 0회  │  ④ R2 업로드 78개
2026-04-10 11:43:35 [INFO] 수집 완료: 완료  │  ① 목록 0회  │  ② 기본정보 0회  │  ③ 카카오 0회  │  ④ R2 업로드 78개
2026-04-10 11:46:01 [DEBUG] ▶  R2업로드 시작
2026-04-10 11:46:01 [DEBUG] ══ Phase 4: Cloudflare R2 업로드 ══════════════════
2026-04-10 11:46:01 [DEBUG] code5_map.json 갱신 완료 (254개 항목)
2026-04-10 11:46:01 [DEBUG] R2 파일 목록 확인 중...
2026-04-10 11:46:02 [DEBUG] R2 기존 파일: 332개
2026-04-10 11:46:02 [DEBUG] ↑ code5_map.json
2026-04-10 11:46:03 [DEBUG] ↑ 경상남도_창원시_마산합포구_48125_list_coord.csv
2026-04-10 11:46:03 [DEBUG] ↑ 경상남도_창원시_마산회원구_48127_list_coord.csv
2026-04-10 11:46:03 [DEBUG] ↑ 경상남도_창원시_성산구_48123_list_coord.csv
2026-04-10 11:46:04 [DEBUG] ↑ 경상남도_창원시_의창구_48121_list_coord.csv
2026-04-10 11:46:04 [DEBUG] ↑ 경상남도_창원시_진해구_48129_list_coord.csv
2026-04-10 11:46:04 [DEBUG] ↑ 경상남도_통영시_48220_list_coord.csv
2026-04-10 11:46:04 [DEBUG] ↑ 경상남도_하동군_48850_list_coord.csv
2026-04-10 11:46:05 [DEBUG] ↑ 경상남도_함안군_48730_list_coord.csv
2026-04-10 11:46:05 [DEBUG] ↑ 경상남도_함양군_48870_list_coord.csv
2026-04-10 11:46:05 [DEBUG] ↑ 경상남도_합천군_48890_list_coord.csv
2026-04-10 11:46:06 [DEBUG] ↑ 경상북도_경산시_47290_list_coord.csv
2026-04-10 11:46:06 [WARNING] ⛔ 중지 요청  —  현재 작업 완료 후 중단됩니다.
2026-04-10 11:46:06 [DEBUG] ↑ 경상북도_경주시_47130_list_coord.csv
2026-04-10 11:46:06 [DEBUG] ✅ 업로드 완료  (신규/갱신: 13개 / 건너뜀: 77개)
2026-04-10 11:46:06 [DEBUG] 🎉  완료  │  ① 목록 0회  │  ② 기본정보 0회  │  ③ 카카오 0회  │  ④ R2 업로드 13개
2026-04-10 11:46:06 [INFO] 수집 완료: 완료  │  ① 목록 0회  │  ② 기본정보 0회  │  ③ 카카오 0회  │  ④ R2 업로드 13개
2026-04-10 11:46:10 [INFO] 프로그램 정상 종료
