2026-04-10 13:49:18 [DEBUG] ✅ 법정동코드 로드 완료  —  255개 지역
2026-04-10 13:49:18 [DEBUG] 법정동코드 파일: d:\apt-chart3\public\법정동코드 전체자료.txt
2026-04-10 13:49:18 [DEBUG] 출력 폴더:       d:\apt-chart3\public\KaptList
2026-04-10 13:49:18 [DEBUG] 시작 버튼을 눌러 수집을 시작하세요.
2026-04-10 13:49:23 [DEBUG] ▶  R2업로드 시작
2026-04-10 13:49:23 [DEBUG] ══ Phase 4: Cloudflare R2 업로드 ══════════════════
2026-04-10 13:49:23 [DEBUG] code5_map.json 갱신 완료 (254개 항목)
2026-04-10 13:49:24 [DEBUG] R2 파일 목록 확인 중...
2026-04-10 13:49:24 [DEBUG] R2 기존 파일: 0개
2026-04-10 13:49:24 [DEBUG] ↑ code5_map.json
2026-04-10 13:49:24 [DEBUG] ↑ 강원특별자치도_강릉시_51150_list_coord.csv
2026-04-10 13:49:25 [DEBUG] ↑ 강원특별자치도_고성군_51820_list_coord.csv
2026-04-10 13:49:25 [DEBUG] ↑ 강원특별자치도_동해시_51170_list_coord.csv
2026-04-10 13:49:26 [DEBUG] ↑ 강원특별자치도_삼척시_51230_list_coord.csv
2026-04-10 13:49:26 [DEBUG] ↑ 강원특별자치도_속초시_51210_list_coord.csv
2026-04-10 13:49:26 [DEBUG] ↑ 강원특별자치도_양구군_51800_list_coord.csv
2026-04-10 13:49:26 [DEBUG] ↑ 강원특별자치도_양양군_51830_list_coord.csv
2026-04-10 13:49:27 [DEBUG] ↑ 강원특별자치도_영월군_51750_list_coord.csv
2026-04-10 13:49:27 [DEBUG] ↑ 강원특별자치도_원주시_51130_list_coord.csv
2026-04-10 13:49:27 [DEBUG] ↑ 강원특별자치도_인제군_51810_list_coord.csv
2026-04-10 13:49:27 [DEBUG] ↑ 강원특별자치도_정선군_51770_list_coord.csv
2026-04-10 13:49:28 [DEBUG] ↑ 강원특별자치도_철원군_51780_list_coord.csv
2026-04-10 13:49:28 [DEBUG] ↑ 강원특별자치도_춘천시_51110_list_coord.csv
2026-04-10 13:49:28 [DEBUG] ↑ 강원특별자치도_태백시_51190_list_coord.csv
2026-04-10 13:49:28 [DEBUG] ↑ 강원특별자치도_평창군_51760_list_coord.csv
2026-04-10 13:49:29 [DEBUG] ↑ 강원특별자치도_홍천군_51720_list_coord.csv
2026-04-10 13:49:29 [DEBUG] ↑ 강원특별자치도_화천군_51790_list_coord.csv
2026-04-10 13:49:29 [DEBUG] ↑ 강원특별자치도_횡성군_51730_list_coord.csv
2026-04-10 13:49:30 [DEBUG] ↑ 경기도_가평군_41820_list_coord.csv
2026-04-10 13:49:30 [DEBUG] ↑ 경기도_고양시_덕양구_41281_list_coord.csv
2026-04-10 13:49:30 [DEBUG] ↑ 경기도_고양시_일산동구_41285_list_coord.csv
2026-04-10 13:49:31 [DEBUG] ↑ 경기도_고양시_일산서구_41287_list_coord.csv
2026-04-10 13:49:31 [DEBUG] ↑ 경기도_과천시_41290_list_coord.csv
2026-04-10 13:49:31 [DEBUG] ↑ 경기도_광명시_41210_list_coord.csv
2026-04-10 13:49:31 [DEBUG] ↑ 경기도_광주시_41610_list_coord.csv
2026-04-10 13:49:32 [DEBUG] ↑ 경기도_구리시_41310_list_coord.csv
2026-04-10 13:49:32 [DEBUG] ↑ 경기도_군포시_41410_list_coord.csv
2026-04-10 13:49:32 [DEBUG] ↑ 경기도_김포시_41570_list_coord.csv
2026-04-10 13:49:33 [DEBUG] ↑ 경기도_남양주시_41360_list_coord.csv
2026-04-10 13:49:33 [DEBUG] ↑ 경기도_동두천시_41250_list_coord.csv
2026-04-10 13:49:33 [DEBUG] ↑ 경기도_부천시_소사구_41194_list_coord.csv
2026-04-10 13:49:33 [DEBUG] ↑ 경기도_부천시_오정구_41196_list_coord.csv
2026-04-10 13:49:34 [DEBUG] ↑ 경기도_부천시_원미구_41192_list_coord.csv
2026-04-10 13:49:34 [DEBUG] ↑ 경기도_성남시_분당구_41135_list_coord.csv
2026-04-10 13:49:34 [DEBUG] ↑ 경기도_성남시_수정구_41131_list_coord.csv
2026-04-10 13:49:34 [DEBUG] ↑ 경기도_성남시_중원구_41133_list_coord.csv
2026-04-10 13:49:35 [DEBUG] ↑ 경기도_수원시_권선구_41113_list_coord.csv
2026-04-10 13:49:35 [DEBUG] ↑ 경기도_수원시_영통구_41117_list_coord.csv
2026-04-10 13:49:35 [DEBUG] ↑ 경기도_수원시_장안구_41111_list_coord.csv
2026-04-10 13:49:35 [DEBUG] ↑ 경기도_수원시_팔달구_41115_list_coord.csv
2026-04-10 13:49:36 [DEBUG] ↑ 경기도_시흥시_41390_list_coord.csv
2026-04-10 13:49:36 [DEBUG] ↑ 경기도_안산시_단원구_41273_list_coord.csv
2026-04-10 13:49:36 [DEBUG] ↑ 경기도_안산시_상록구_41271_list_coord.csv
2026-04-10 13:49:37 [DEBUG] ↑ 경기도_안성시_41550_list_coord.csv
2026-04-10 13:49:37 [DEBUG] ↑ 경기도_안양시_동안구_41173_list_coord.csv
2026-04-10 13:49:37 [DEBUG] ↑ 경기도_안양시_만안구_41171_list_coord.csv
2026-04-10 13:49:37 [DEBUG] ↑ 경기도_양주시_41630_list_coord.csv
2026-04-10 13:49:38 [DEBUG] ↑ 경기도_양평군_41830_list_coord.csv
2026-04-10 13:49:38 [DEBUG] ↑ 경기도_여주시_41670_list_coord.csv
2026-04-10 13:49:38 [DEBUG] ↑ 경기도_연천군_41800_list_coord.csv
2026-04-10 13:49:39 [DEBUG] ↑ 경기도_오산시_41370_list_coord.csv
2026-04-10 13:49:39 [DEBUG] ↑ 경기도_용인시_기흥구_41463_list_coord.csv
2026-04-10 13:49:39 [DEBUG] ↑ 경기도_용인시_수지구_41465_list_coord.csv
2026-04-10 13:49:39 [DEBUG] ↑ 경기도_용인시_처인구_41461_list_coord.csv
2026-04-10 13:49:40 [DEBUG] ↑ 경기도_의왕시_41430_list_coord.csv
2026-04-10 13:49:40 [DEBUG] ↑ 경기도_의정부시_41150_list_coord.csv
2026-04-10 13:49:40 [DEBUG] ↑ 경기도_이천시_41500_list_coord.csv
2026-04-10 13:49:40 [DEBUG] ↑ 경기도_파주시_41480_list_coord.csv
2026-04-10 13:49:41 [DEBUG] ↑ 경기도_평택시_41220_list_coord.csv
2026-04-10 13:49:41 [DEBUG] ↑ 경기도_포천시_41650_list_coord.csv
2026-04-10 13:49:41 [DEBUG] ↑ 경기도_하남시_41450_list_coord.csv
2026-04-10 13:49:42 [DEBUG] ↑ 경기도_화성시_동탄구_41597_list_coord.csv
2026-04-10 13:49:42 [DEBUG] ↑ 경기도_화성시_만세구_41591_list_coord.csv
2026-04-10 13:49:42 [DEBUG] ↑ 경기도_화성시_병점구_41595_list_coord.csv
2026-04-10 13:49:42 [DEBUG] ↑ 경기도_화성시_효행구_41593_list_coord.csv
2026-04-10 13:49:43 [DEBUG] ↑ 경상남도_거제시_48310_list_coord.csv
2026-04-10 13:49:43 [DEBUG] ↑ 경상남도_거창군_48880_list_coord.csv
2026-04-10 13:49:43 [DEBUG] ↑ 경상남도_고성군_48820_list_coord.csv
2026-04-10 13:49:43 [DEBUG] ↑ 경상남도_김해시_48250_list_coord.csv
2026-04-10 13:49:44 [DEBUG] ↑ 경상남도_남해군_48840_list_coord.csv
2026-04-10 13:49:44 [DEBUG] ↑ 경상남도_밀양시_48270_list_coord.csv
2026-04-10 13:49:44 [DEBUG] ↑ 경상남도_사천시_48240_list_coord.csv
2026-04-10 13:49:44 [DEBUG] ↑ 경상남도_산청군_48860_list_coord.csv
2026-04-10 13:49:45 [DEBUG] ↑ 경상남도_양산시_48330_list_coord.csv
2026-04-10 13:49:45 [DEBUG] ↑ 경상남도_의령군_48720_list_coord.csv
2026-04-10 13:49:45 [DEBUG] ↑ 경상남도_진주시_48170_list_coord.csv
2026-04-10 13:49:45 [DEBUG] ↑ 경상남도_창녕군_48740_list_coord.csv
2026-04-10 13:49:46 [DEBUG] ↑ 경상남도_창원시_마산합포구_48125_list_coord.csv
2026-04-10 13:49:46 [DEBUG] ↑ 경상남도_창원시_마산회원구_48127_list_coord.csv
2026-04-10 13:49:46 [DEBUG] ↑ 경상남도_창원시_성산구_48123_list_coord.csv
2026-04-10 13:49:47 [DEBUG] ↑ 경상남도_창원시_의창구_48121_list_coord.csv
2026-04-10 13:49:47 [DEBUG] ↑ 경상남도_창원시_진해구_48129_list_coord.csv
2026-04-10 13:49:47 [DEBUG] ↑ 경상남도_통영시_48220_list_coord.csv
2026-04-10 13:49:47 [DEBUG] ↑ 경상남도_하동군_48850_list_coord.csv
2026-04-10 13:49:48 [DEBUG] ↑ 경상남도_함안군_48730_list_coord.csv
2026-04-10 13:49:48 [DEBUG] ↑ 경상남도_함양군_48870_list_coord.csv
2026-04-10 13:49:48 [DEBUG] ↑ 경상남도_합천군_48890_list_coord.csv
2026-04-10 13:49:48 [DEBUG] ↑ 경상북도_경산시_47290_list_coord.csv
2026-04-10 13:49:49 [DEBUG] ↑ 경상북도_경주시_47130_list_coord.csv
2026-04-10 13:49:49 [DEBUG] ↑ 경상북도_고령군_47830_list_coord.csv
2026-04-10 13:49:49 [DEBUG] ↑ 경상북도_구미시_47190_list_coord.csv
2026-04-10 13:49:49 [DEBUG] ↑ 경상북도_김천시_47150_list_coord.csv
2026-04-10 13:49:50 [DEBUG] ↑ 경상북도_문경시_47280_list_coord.csv
2026-04-10 13:49:50 [DEBUG] ↑ 경상북도_봉화군_47920_list_coord.csv
2026-04-10 13:49:50 [DEBUG] ↑ 경상북도_상주시_47250_list_coord.csv
2026-04-10 13:49:51 [DEBUG] ↑ 경상북도_성주군_47840_list_coord.csv
2026-04-10 13:49:51 [DEBUG] ↑ 경상북도_안동시_47170_list_coord.csv
2026-04-10 13:49:51 [DEBUG] ↑ 경상북도_영덕군_47770_list_coord.csv
2026-04-10 13:49:51 [DEBUG] ↑ 경상북도_영양군_47760_list_coord.csv
2026-04-10 13:49:52 [DEBUG] ↑ 경상북도_영주시_47210_list_coord.csv
2026-04-10 13:49:52 [DEBUG] ↑ 경상북도_영천시_47230_list_coord.csv
2026-04-10 13:49:52 [DEBUG] ↑ 경상북도_예천군_47900_list_coord.csv
2026-04-10 13:49:53 [DEBUG] ↑ 경상북도_울릉군_47940_list_coord.csv
2026-04-10 13:49:53 [DEBUG] ↑ 경상북도_울진군_47930_list_coord.csv
2026-04-10 13:49:53 [DEBUG] ↑ 경상북도_의성군_47730_list_coord.csv
2026-04-10 13:49:54 [DEBUG] ↑ 경상북도_청도군_47820_list_coord.csv
2026-04-10 13:49:54 [DEBUG] ↑ 경상북도_청송군_47750_list_coord.csv
2026-04-10 13:49:54 [DEBUG] ↑ 경상북도_칠곡군_47850_list_coord.csv
2026-04-10 13:49:54 [DEBUG] ↑ 경상북도_포항시_남구_47111_list_coord.csv
2026-04-10 13:49:55 [DEBUG] ↑ 경상북도_포항시_북구_47113_list_coord.csv
2026-04-10 13:49:55 [DEBUG] ↑ 광주광역시_광산구_29200_list_coord.csv
2026-04-10 13:49:55 [DEBUG] ↑ 광주광역시_남구_29155_list_coord.csv
2026-04-10 13:49:56 [DEBUG] ↑ 광주광역시_동구_29110_list_coord.csv
2026-04-10 13:49:56 [DEBUG] ↑ 광주광역시_북구_29170_list_coord.csv
2026-04-10 13:49:56 [DEBUG] ↑ 광주광역시_서구_29140_list_coord.csv
2026-04-10 13:49:56 [DEBUG] ↑ 대구광역시_군위군_27720_list_coord.csv
2026-04-10 13:49:57 [DEBUG] ↑ 대구광역시_남구_27200_list_coord.csv
2026-04-10 13:49:57 [DEBUG] ↑ 대구광역시_달서구_27290_list_coord.csv
2026-04-10 13:49:57 [DEBUG] ↑ 대구광역시_달성군_27710_list_coord.csv
2026-04-10 13:49:58 [DEBUG] ↑ 대구광역시_동구_27140_list_coord.csv
2026-04-10 13:49:58 [DEBUG] ↑ 대구광역시_북구_27230_list_coord.csv
2026-04-10 13:49:58 [DEBUG] ↑ 대구광역시_서구_27170_list_coord.csv
2026-04-10 13:49:58 [DEBUG] ↑ 대구광역시_수성구_27260_list_coord.csv
2026-04-10 13:49:58 [DEBUG] ↑ 대구광역시_중구_27110_list_coord.csv
2026-04-10 13:49:59 [DEBUG] ↑ 대전광역시_대덕구_30230_list_coord.csv
2026-04-10 13:49:59 [DEBUG] ↑ 대전광역시_동구_30110_list_coord.csv
2026-04-10 13:49:59 [DEBUG] ↑ 대전광역시_서구_30170_list_coord.csv
2026-04-10 13:50:00 [DEBUG] ↑ 대전광역시_유성구_30200_list_coord.csv
2026-04-10 13:50:00 [DEBUG] ↑ 대전광역시_중구_30140_list_coord.csv
2026-04-10 13:50:00 [DEBUG] ↑ 부산광역시_강서구_26440_list_coord.csv
2026-04-10 13:50:01 [DEBUG] ↑ 부산광역시_금정구_26410_list_coord.csv
2026-04-10 13:50:01 [DEBUG] ↑ 부산광역시_기장군_26710_list_coord.csv
2026-04-10 13:50:01 [DEBUG] ↑ 부산광역시_남구_26290_list_coord.csv
2026-04-10 13:50:02 [DEBUG] ↑ 부산광역시_동구_26170_list_coord.csv
2026-04-10 13:50:02 [DEBUG] ↑ 부산광역시_동래구_26260_list_coord.csv
2026-04-10 13:50:02 [DEBUG] ↑ 부산광역시_부산진구_26230_list_coord.csv
2026-04-10 13:50:03 [DEBUG] ↑ 부산광역시_북구_26320_list_coord.csv
2026-04-10 13:50:03 [DEBUG] ↑ 부산광역시_사상구_26530_list_coord.csv
2026-04-10 13:50:03 [DEBUG] ↑ 부산광역시_사하구_26380_list_coord.csv
2026-04-10 13:50:03 [DEBUG] ↑ 부산광역시_서구_26140_list_coord.csv
2026-04-10 13:50:04 [DEBUG] ↑ 부산광역시_수영구_26500_list_coord.csv
2026-04-10 13:50:04 [DEBUG] ↑ 부산광역시_연제구_26470_list_coord.csv
2026-04-10 13:50:05 [DEBUG] ↑ 부산광역시_영도구_26200_list_coord.csv
2026-04-10 13:50:05 [DEBUG] ↑ 부산광역시_중구_26110_list_coord.csv
2026-04-10 13:50:05 [DEBUG] ↑ 부산광역시_해운대구_26350_list_coord.csv
2026-04-10 13:50:06 [DEBUG] ↑ 서울특별시_강남구_11680_list_coord.csv
2026-04-10 13:50:06 [DEBUG] ↑ 서울특별시_강동구_11740_list_coord.csv
2026-04-10 13:50:07 [DEBUG] ↑ 서울특별시_강북구_11305_list_coord.csv
2026-04-10 13:50:07 [DEBUG] ↑ 서울특별시_강서구_11500_list_coord.csv
2026-04-10 13:50:07 [DEBUG] ↑ 서울특별시_관악구_11620_list_coord.csv
2026-04-10 13:50:07 [DEBUG] ↑ 서울특별시_광진구_11215_list_coord.csv
2026-04-10 13:50:08 [DEBUG] ↑ 서울특별시_구로구_11530_list_coord.csv
2026-04-10 13:50:08 [DEBUG] ↑ 서울특별시_금천구_11545_list_coord.csv
2026-04-10 13:50:08 [DEBUG] ↑ 서울특별시_노원구_11350_list_coord.csv
2026-04-10 13:50:09 [DEBUG] ↑ 서울특별시_도봉구_11320_list_coord.csv
2026-04-10 13:50:09 [DEBUG] ↑ 서울특별시_동대문구_11230_list_coord.csv
2026-04-10 13:50:09 [DEBUG] ↑ 서울특별시_동작구_11590_list_coord.csv
2026-04-10 13:50:09 [DEBUG] ↑ 서울특별시_마포구_11440_list_coord.csv
2026-04-10 13:50:10 [DEBUG] ↑ 서울특별시_서대문구_11410_list_coord.csv
2026-04-10 13:50:10 [DEBUG] ↑ 서울특별시_서초구_11650_list_coord.csv
2026-04-10 13:50:10 [DEBUG] ↑ 서울특별시_성동구_11200_list_coord.csv
2026-04-10 13:50:11 [DEBUG] ↑ 서울특별시_성북구_11290_list_coord.csv
2026-04-10 13:50:11 [DEBUG] ↑ 서울특별시_송파구_11710_list_coord.csv
2026-04-10 13:50:11 [DEBUG] ↑ 서울특별시_양천구_11470_list_coord.csv
2026-04-10 13:50:11 [DEBUG] ↑ 서울특별시_영등포구_11560_list_coord.csv
2026-04-10 13:50:12 [DEBUG] ↑ 서울특별시_용산구_11170_list_coord.csv
2026-04-10 13:50:12 [DEBUG] ↑ 서울특별시_은평구_11380_list_coord.csv
2026-04-10 13:50:12 [DEBUG] ↑ 서울특별시_종로구_11110_list_coord.csv
2026-04-10 13:50:13 [DEBUG] ↑ 서울특별시_중구_11140_list_coord.csv
2026-04-10 13:50:13 [DEBUG] ↑ 서울특별시_중랑구_11260_list_coord.csv
2026-04-10 13:50:14 [DEBUG] ↑ 세종특별자치시_반곡동_36110_list_coord.csv
2026-04-10 13:50:14 [DEBUG] ↑ 울산광역시_남구_31140_list_coord.csv
2026-04-10 13:50:14 [DEBUG] ↑ 울산광역시_동구_31170_list_coord.csv
2026-04-10 13:50:15 [DEBUG] ↑ 울산광역시_북구_31200_list_coord.csv
2026-04-10 13:50:15 [DEBUG] ↑ 울산광역시_울주군_31710_list_coord.csv
2026-04-10 13:50:15 [DEBUG] ↑ 울산광역시_중구_31110_list_coord.csv
2026-04-10 13:50:16 [DEBUG] ↑ 인천광역시_강화군_28710_list_coord.csv
2026-04-10 13:50:16 [DEBUG] ↑ 인천광역시_계양구_28245_list_coord.csv
2026-04-10 13:50:17 [DEBUG] ↑ 인천광역시_남동구_28200_list_coord.csv
2026-04-10 13:50:17 [DEBUG] ↑ 인천광역시_동구_28140_list_coord.csv
2026-04-10 13:50:17 [DEBUG] ↑ 인천광역시_미추홀구_28177_list_coord.csv
2026-04-10 13:50:18 [DEBUG] ↑ 인천광역시_부평구_28237_list_coord.csv
2026-04-10 13:50:18 [DEBUG] ↑ 인천광역시_서구_28260_list_coord.csv
2026-04-10 13:50:18 [DEBUG] ↑ 인천광역시_연수구_28185_list_coord.csv
2026-04-10 13:50:18 [DEBUG] ↑ 인천광역시_옹진군_28720_list_coord.csv
2026-04-10 13:50:19 [DEBUG] ↑ 인천광역시_중구_28110_list_coord.csv
2026-04-10 13:50:19 [DEBUG] ↑ 전라남도_강진군_46810_list_coord.csv
2026-04-10 13:50:19 [DEBUG] ↑ 전라남도_고흥군_46770_list_coord.csv
2026-04-10 13:50:20 [DEBUG] ↑ 전라남도_곡성군_46720_list_coord.csv
2026-04-10 13:50:20 [DEBUG] ↑ 전라남도_광양시_46230_list_coord.csv
2026-04-10 13:50:20 [DEBUG] ↑ 전라남도_구례군_46730_list_coord.csv
2026-04-10 13:50:21 [DEBUG] ↑ 전라남도_나주시_46170_list_coord.csv
2026-04-10 13:50:21 [DEBUG] ↑ 전라남도_담양군_46710_list_coord.csv
2026-04-10 13:50:21 [DEBUG] ↑ 전라남도_목포시_46110_list_coord.csv
2026-04-10 13:50:21 [DEBUG] ↑ 전라남도_무안군_46840_list_coord.csv
2026-04-10 13:50:22 [DEBUG] ↑ 전라남도_보성군_46780_list_coord.csv
2026-04-10 13:50:22 [DEBUG] ↑ 전라남도_순천시_46150_list_coord.csv
2026-04-10 13:50:22 [DEBUG] ↑ 전라남도_여수시_46130_list_coord.csv
2026-04-10 13:50:22 [DEBUG] ↑ 전라남도_영광군_46870_list_coord.csv
2026-04-10 13:50:23 [DEBUG] ↑ 전라남도_영암군_46830_list_coord.csv
2026-04-10 13:50:23 [DEBUG] ↑ 전라남도_완도군_46890_list_coord.csv
2026-04-10 13:50:23 [DEBUG] ↑ 전라남도_장성군_46880_list_coord.csv
2026-04-10 13:50:23 [DEBUG] ↑ 전라남도_장흥군_46800_list_coord.csv
2026-04-10 13:50:24 [DEBUG] ↑ 전라남도_진도군_46900_list_coord.csv
2026-04-10 13:50:24 [DEBUG] ↑ 전라남도_함평군_46860_list_coord.csv
2026-04-10 13:50:24 [DEBUG] ↑ 전라남도_해남군_46820_list_coord.csv
2026-04-10 13:50:24 [DEBUG] ↑ 전라남도_화순군_46790_list_coord.csv
2026-04-10 13:50:25 [DEBUG] ↑ 전북특별자치도_고창군_52790_list_coord.csv
2026-04-10 13:50:25 [DEBUG] ↑ 전북특별자치도_군산시_52130_list_coord.csv
2026-04-10 13:50:25 [DEBUG] ↑ 전북특별자치도_김제시_52210_list_coord.csv
2026-04-10 13:50:25 [DEBUG] ↑ 전북특별자치도_남원시_52190_list_coord.csv
2026-04-10 13:50:26 [DEBUG] ↑ 전북특별자치도_무주군_52730_list_coord.csv
2026-04-10 13:50:26 [DEBUG] ↑ 전북특별자치도_부안군_52800_list_coord.csv
2026-04-10 13:50:26 [DEBUG] ↑ 전북특별자치도_순창군_52770_list_coord.csv
2026-04-10 13:50:27 [DEBUG] ↑ 전북특별자치도_완주군_52710_list_coord.csv
2026-04-10 13:50:27 [DEBUG] ↑ 전북특별자치도_익산시_52140_list_coord.csv
2026-04-10 13:50:27 [DEBUG] ↑ 전북특별자치도_임실군_52750_list_coord.csv
2026-04-10 13:50:27 [DEBUG] ↑ 전북특별자치도_장수군_52740_list_coord.csv
2026-04-10 13:50:28 [DEBUG] ↑ 전북특별자치도_전주시_덕진구_52113_list_coord.csv
2026-04-10 13:50:28 [DEBUG] ↑ 전북특별자치도_전주시_완산구_52111_list_coord.csv
2026-04-10 13:50:28 [DEBUG] ↑ 전북특별자치도_정읍시_52180_list_coord.csv
2026-04-10 13:50:29 [DEBUG] ↑ 전북특별자치도_진안군_52720_list_coord.csv
2026-04-10 13:50:29 [DEBUG] ↑ 제주특별자치도_서귀포시_50130_list_coord.csv
2026-04-10 13:50:29 [DEBUG] ↑ 제주특별자치도_제주시_50110_list_coord.csv
2026-04-10 13:50:29 [DEBUG] ↑ 충청남도_계룡시_44250_list_coord.csv
2026-04-10 13:50:30 [DEBUG] ↑ 충청남도_공주시_44150_list_coord.csv
2026-04-10 13:50:30 [DEBUG] ↑ 충청남도_금산군_44710_list_coord.csv
2026-04-10 13:50:30 [DEBUG] ↑ 충청남도_논산시_44230_list_coord.csv
2026-04-10 13:50:30 [DEBUG] ↑ 충청남도_당진시_44270_list_coord.csv
2026-04-10 13:50:31 [DEBUG] ↑ 충청남도_보령시_44180_list_coord.csv
2026-04-10 13:50:31 [DEBUG] ↑ 충청남도_부여군_44760_list_coord.csv
2026-04-10 13:50:31 [DEBUG] ↑ 충청남도_서산시_44210_list_coord.csv
2026-04-10 13:50:32 [DEBUG] ↑ 충청남도_서천군_44770_list_coord.csv
2026-04-10 13:50:32 [DEBUG] ↑ 충청남도_아산시_44200_list_coord.csv
2026-04-10 13:50:33 [DEBUG] ↑ 충청남도_예산군_44810_list_coord.csv
2026-04-10 13:50:33 [DEBUG] ↑ 충청남도_천안시_동남구_44131_list_coord.csv
2026-04-10 13:50:33 [DEBUG] ↑ 충청남도_천안시_서북구_44133_list_coord.csv
2026-04-10 13:50:33 [DEBUG] ↑ 충청남도_청양군_44790_list_coord.csv
2026-04-10 13:50:34 [DEBUG] ↑ 충청남도_태안군_44825_list_coord.csv
2026-04-10 13:50:34 [DEBUG] ↑ 충청남도_홍성군_44800_list_coord.csv
2026-04-10 13:50:34 [DEBUG] ↑ 충청북도_괴산군_43760_list_coord.csv
2026-04-10 13:50:34 [DEBUG] ↑ 충청북도_단양군_43800_list_coord.csv
2026-04-10 13:50:35 [DEBUG] ↑ 충청북도_보은군_43720_list_coord.csv
2026-04-10 13:50:35 [DEBUG] ↑ 충청북도_영동군_43740_list_coord.csv
2026-04-10 13:50:35 [DEBUG] ↑ 충청북도_옥천군_43730_list_coord.csv
2026-04-10 13:50:36 [DEBUG] ↑ 충청북도_음성군_43770_list_coord.csv
2026-04-10 13:50:36 [DEBUG] ↑ 충청북도_제천시_43150_list_coord.csv
2026-04-10 13:50:36 [DEBUG] ↑ 충청북도_증평군_43745_list_coord.csv
2026-04-10 13:50:36 [DEBUG] ↑ 충청북도_진천군_43750_list_coord.csv
2026-04-10 13:50:37 [DEBUG] ↑ 충청북도_청주시_상당구_43111_list_coord.csv
2026-04-10 13:50:37 [DEBUG] ↑ 충청북도_청주시_서원구_43112_list_coord.csv
2026-04-10 13:50:37 [DEBUG] ↑ 충청북도_청주시_청원구_43114_list_coord.csv
2026-04-10 13:50:37 [DEBUG] ↑ 충청북도_청주시_흥덕구_43113_list_coord.csv
2026-04-10 13:50:38 [DEBUG] ↑ 충청북도_충주시_43130_list_coord.csv
2026-04-10 13:50:38 [DEBUG] ✅ 업로드 완료  (신규/갱신: 255개 / 건너뜀: 0개)
2026-04-10 13:50:38 [DEBUG] 🎉  완료  │  ① 목록 0회  │  ② 기본정보 0회  │  ③ 카카오 0회  │  ④ R2 업로드 255개
2026-04-10 13:50:38 [INFO] 수집 완료: 완료  │  ① 목록 0회  │  ② 기본정보 0회  │  ③ 카카오 0회  │  ④ R2 업로드 255개
2026-04-10 13:50:49 [INFO] 프로그램 정상 종료
