2026-04-10 11:47:13 [DEBUG] ✅ 법정동코드 로드 완료  —  255개 지역
2026-04-10 11:47:13 [DEBUG] 법정동코드 파일: d:\apt-chart3\public\법정동코드 전체자료.txt
2026-04-10 11:47:13 [DEBUG] 출력 폴더:       d:\apt-chart3\public\KaptList
2026-04-10 11:47:13 [DEBUG] 시작 버튼을 눌러 수집을 시작하세요.
2026-04-10 11:47:15 [DEBUG] ▶  R2업로드 시작
2026-04-10 11:47:15 [DEBUG] ══ Phase 4: Cloudflare R2 업로드 ══════════════════
2026-04-10 11:47:15 [DEBUG] code5_map.json 갱신 완료 (254개 항목)
2026-04-10 11:47:15 [DEBUG] R2 파일 목록 확인 중...
2026-04-10 11:47:16 [DEBUG] R2 기존 파일: 344개
2026-04-10 11:47:16 [DEBUG] ↑ code5_map.json
2026-04-10 11:47:16 [DEBUG] ↑ 경상북도_고령군_47830_list_coord.csv.gz
2026-04-10 11:47:17 [DEBUG] ↑ 경상북도_구미시_47190_list_coord.csv.gz
2026-04-10 11:47:17 [DEBUG] ↑ 경상북도_김천시_47150_list_coord.csv.gz
2026-04-10 11:47:17 [DEBUG] ↑ 경상북도_문경시_47280_list_coord.csv.gz
2026-04-10 11:47:17 [DEBUG] ↑ 경상북도_봉화군_47920_list_coord.csv.gz
2026-04-10 11:47:18 [DEBUG] ↑ 경상북도_상주시_47250_list_coord.csv.gz
2026-04-10 11:47:18 [DEBUG] ↑ 경상북도_성주군_47840_list_coord.csv.gz
2026-04-10 11:47:18 [DEBUG] ↑ 경상북도_안동시_47170_list_coord.csv.gz
2026-04-10 11:47:19 [DEBUG] ↑ 경상북도_영덕군_47770_list_coord.csv.gz
2026-04-10 11:47:19 [DEBUG] ↑ 경상북도_영양군_47760_list_coord.csv.gz
2026-04-10 11:47:19 [DEBUG] ↑ 경상북도_영주시_47210_list_coord.csv.gz
2026-04-10 11:47:19 [DEBUG] ↑ 경상북도_영천시_47230_list_coord.csv.gz
2026-04-10 11:47:20 [DEBUG] ↑ 경상북도_예천군_47900_list_coord.csv.gz
2026-04-10 11:47:20 [DEBUG] ↑ 경상북도_울릉군_47940_list_coord.csv.gz
2026-04-10 11:47:20 [DEBUG] ↑ 경상북도_울진군_47930_list_coord.csv.gz
2026-04-10 11:47:21 [DEBUG] ↑ 경상북도_의성군_47730_list_coord.csv.gz
2026-04-10 11:47:21 [DEBUG] ↑ 경상북도_청도군_47820_list_coord.csv.gz
2026-04-10 11:47:21 [DEBUG] ↑ 경상북도_청송군_47750_list_coord.csv.gz
2026-04-10 11:47:21 [DEBUG] ↑ 경상북도_칠곡군_47850_list_coord.csv.gz
2026-04-10 11:47:22 [DEBUG] ↑ 경상북도_포항시_남구_47111_list_coord.csv.gz
2026-04-10 11:47:22 [DEBUG] ↑ 경상북도_포항시_북구_47113_list_coord.csv.gz
2026-04-10 11:47:23 [DEBUG] ↑ 광주광역시_광산구_29200_list_coord.csv.gz
2026-04-10 11:47:23 [DEBUG] ↑ 광주광역시_남구_29155_list_coord.csv.gz
2026-04-10 11:47:23 [DEBUG] ↑ 광주광역시_동구_29110_list_coord.csv.gz
2026-04-10 11:47:24 [DEBUG] ↑ 광주광역시_북구_29170_list_coord.csv.gz
2026-04-10 11:47:24 [DEBUG] ↑ 광주광역시_서구_29140_list_coord.csv.gz
2026-04-10 11:47:24 [DEBUG] ↑ 대구광역시_군위군_27720_list_coord.csv.gz
2026-04-10 11:47:24 [DEBUG] ↑ 대구광역시_남구_27200_list_coord.csv.gz
2026-04-10 11:47:25 [DEBUG] ↑ 대구광역시_달서구_27290_list_coord.csv.gz
2026-04-10 11:47:25 [DEBUG] ↑ 대구광역시_달성군_27710_list_coord.csv.gz
2026-04-10 11:47:26 [DEBUG] ↑ 대구광역시_동구_27140_list_coord.csv.gz
2026-04-10 11:47:26 [DEBUG] ↑ 대구광역시_북구_27230_list_coord.csv.gz
2026-04-10 11:47:26 [DEBUG] ↑ 대구광역시_서구_27170_list_coord.csv.gz
2026-04-10 11:47:26 [DEBUG] ↑ 대구광역시_수성구_27260_list_coord.csv.gz
2026-04-10 11:47:27 [DEBUG] ↑ 대구광역시_중구_27110_list_coord.csv.gz
2026-04-10 11:47:27 [DEBUG] ↑ 대전광역시_대덕구_30230_list_coord.csv.gz
2026-04-10 11:47:27 [DEBUG] ↑ 대전광역시_동구_30110_list_coord.csv.gz
2026-04-10 11:47:27 [DEBUG] ↑ 대전광역시_서구_30170_list_coord.csv.gz
2026-04-10 11:47:28 [DEBUG] ↑ 대전광역시_유성구_30200_list_coord.csv.gz
2026-04-10 11:47:28 [DEBUG] ↑ 대전광역시_중구_30140_list_coord.csv.gz
2026-04-10 11:47:28 [DEBUG] ↑ 부산광역시_강서구_26440_list_coord.csv.gz
2026-04-10 11:47:29 [DEBUG] ↑ 부산광역시_금정구_26410_list_coord.csv.gz
2026-04-10 11:47:29 [DEBUG] ↑ 부산광역시_기장군_26710_list_coord.csv.gz
2026-04-10 11:47:29 [DEBUG] ↑ 부산광역시_남구_26290_list_coord.csv.gz
2026-04-10 11:47:29 [DEBUG] ↑ 부산광역시_동구_26170_list_coord.csv.gz
2026-04-10 11:47:30 [DEBUG] ↑ 부산광역시_동래구_26260_list_coord.csv.gz
2026-04-10 11:47:30 [DEBUG] ↑ 부산광역시_부산진구_26230_list_coord.csv.gz
2026-04-10 11:47:30 [DEBUG] ↑ 부산광역시_북구_26320_list_coord.csv.gz
2026-04-10 11:47:31 [DEBUG] ↑ 부산광역시_사상구_26530_list_coord.csv.gz
2026-04-10 11:47:31 [DEBUG] ↑ 부산광역시_사하구_26380_list_coord.csv.gz
2026-04-10 11:47:31 [DEBUG] ↑ 부산광역시_서구_26140_list_coord.csv.gz
2026-04-10 11:47:31 [DEBUG] ↑ 부산광역시_수영구_26500_list_coord.csv.gz
2026-04-10 11:47:32 [DEBUG] ↑ 부산광역시_연제구_26470_list_coord.csv.gz
2026-04-10 11:47:32 [DEBUG] ↑ 부산광역시_영도구_26200_list_coord.csv.gz
2026-04-10 11:47:32 [DEBUG] ↑ 부산광역시_중구_26110_list_coord.csv.gz
2026-04-10 11:47:32 [DEBUG] ↑ 부산광역시_해운대구_26350_list_coord.csv.gz
2026-04-10 11:47:33 [DEBUG] ↑ 서울특별시_강남구_11680_list_coord.csv.gz
2026-04-10 11:47:33 [DEBUG] ↑ 서울특별시_강동구_11740_list_coord.csv.gz
2026-04-10 11:47:34 [DEBUG] ↑ 서울특별시_강북구_11305_list_coord.csv.gz
2026-04-10 11:47:34 [DEBUG] ↑ 서울특별시_강서구_11500_list_coord.csv.gz
2026-04-10 11:47:34 [DEBUG] ↑ 서울특별시_관악구_11620_list_coord.csv.gz
2026-04-10 11:47:35 [DEBUG] ↑ 서울특별시_광진구_11215_list_coord.csv.gz
2026-04-10 11:47:35 [DEBUG] ↑ 서울특별시_구로구_11530_list_coord.csv.gz
2026-04-10 11:47:35 [DEBUG] ↑ 서울특별시_금천구_11545_list_coord.csv.gz
2026-04-10 11:47:35 [DEBUG] ↑ 서울특별시_노원구_11350_list_coord.csv.gz
2026-04-10 11:47:36 [DEBUG] ↑ 서울특별시_도봉구_11320_list_coord.csv.gz
2026-04-10 11:47:36 [DEBUG] ↑ 서울특별시_동대문구_11230_list_coord.csv.gz
2026-04-10 11:47:36 [DEBUG] ↑ 서울특별시_동작구_11590_list_coord.csv.gz
2026-04-10 11:47:36 [DEBUG] ↑ 서울특별시_마포구_11440_list_coord.csv.gz
2026-04-10 11:47:37 [DEBUG] ↑ 서울특별시_서대문구_11410_list_coord.csv.gz
2026-04-10 11:47:37 [DEBUG] ↑ 서울특별시_서초구_11650_list_coord.csv.gz
2026-04-10 11:47:37 [DEBUG] ↑ 서울특별시_성동구_11200_list_coord.csv.gz
2026-04-10 11:47:38 [DEBUG] ↑ 서울특별시_성북구_11290_list_coord.csv.gz
2026-04-10 11:47:38 [DEBUG] ↑ 서울특별시_송파구_11710_list_coord.csv.gz
2026-04-10 11:47:38 [DEBUG] ↑ 서울특별시_양천구_11470_list_coord.csv.gz
2026-04-10 11:47:38 [DEBUG] ↑ 서울특별시_영등포구_11560_list_coord.csv.gz
2026-04-10 11:47:39 [DEBUG] ↑ 서울특별시_용산구_11170_list_coord.csv.gz
2026-04-10 11:47:39 [DEBUG] ↑ 서울특별시_은평구_11380_list_coord.csv.gz
2026-04-10 11:47:39 [DEBUG] ↑ 서울특별시_종로구_11110_list_coord.csv.gz
2026-04-10 11:47:40 [DEBUG] ↑ 서울특별시_중구_11140_list_coord.csv.gz
2026-04-10 11:47:40 [DEBUG] ↑ 서울특별시_중랑구_11260_list_coord.csv.gz
2026-04-10 11:47:40 [DEBUG] ↑ 세종특별자치시_반곡동_36110_list_coord.csv.gz
2026-04-10 11:47:41 [DEBUG] ↑ 울산광역시_남구_31140_list_coord.csv.gz
2026-04-10 11:47:41 [DEBUG] ↑ 울산광역시_동구_31170_list_coord.csv.gz
2026-04-10 11:47:41 [DEBUG] ↑ 울산광역시_북구_31200_list_coord.csv.gz
2026-04-10 11:47:41 [DEBUG] ↑ 울산광역시_울주군_31710_list_coord.csv.gz
2026-04-10 11:47:42 [DEBUG] ↑ 울산광역시_중구_31110_list_coord.csv.gz
2026-04-10 11:47:42 [DEBUG] ↑ 인천광역시_강화군_28710_list_coord.csv.gz
2026-04-10 11:47:42 [DEBUG] ↑ 인천광역시_계양구_28245_list_coord.csv.gz
2026-04-10 11:47:42 [DEBUG] ↑ 인천광역시_남동구_28200_list_coord.csv.gz
2026-04-10 11:47:43 [DEBUG] ↑ 인천광역시_동구_28140_list_coord.csv.gz
2026-04-10 11:47:43 [DEBUG] ↑ 인천광역시_미추홀구_28177_list_coord.csv.gz
2026-04-10 11:47:43 [DEBUG] ↑ 인천광역시_부평구_28237_list_coord.csv.gz
2026-04-10 11:47:44 [DEBUG] ↑ 인천광역시_서구_28260_list_coord.csv.gz
2026-04-10 11:47:44 [DEBUG] ↑ 인천광역시_연수구_28185_list_coord.csv.gz
2026-04-10 11:47:44 [DEBUG] ↑ 인천광역시_옹진군_28720_list_coord.csv.gz
2026-04-10 11:47:44 [DEBUG] ↑ 인천광역시_중구_28110_list_coord.csv.gz
2026-04-10 11:47:45 [DEBUG] ↑ 전라남도_강진군_46810_list_coord.csv.gz
2026-04-10 11:47:45 [DEBUG] ↑ 전라남도_고흥군_46770_list_coord.csv.gz
2026-04-10 11:47:45 [DEBUG] ↑ 전라남도_곡성군_46720_list_coord.csv.gz
2026-04-10 11:47:45 [DEBUG] ↑ 전라남도_광양시_46230_list_coord.csv.gz
2026-04-10 11:47:46 [DEBUG] ↑ 전라남도_구례군_46730_list_coord.csv.gz
2026-04-10 11:47:46 [DEBUG] ↑ 전라남도_나주시_46170_list_coord.csv.gz
2026-04-10 11:47:46 [DEBUG] ↑ 전라남도_담양군_46710_list_coord.csv.gz
2026-04-10 11:47:47 [DEBUG] ↑ 전라남도_목포시_46110_list_coord.csv.gz
2026-04-10 11:47:47 [DEBUG] ↑ 전라남도_무안군_46840_list_coord.csv.gz
2026-04-10 11:47:47 [DEBUG] ↑ 전라남도_보성군_46780_list_coord.csv.gz
2026-04-10 11:47:47 [DEBUG] ↑ 전라남도_순천시_46150_list_coord.csv.gz
2026-04-10 11:47:48 [DEBUG] ↑ 전라남도_여수시_46130_list_coord.csv.gz
2026-04-10 11:47:48 [DEBUG] ↑ 전라남도_영광군_46870_list_coord.csv.gz
2026-04-10 11:47:48 [DEBUG] ↑ 전라남도_영암군_46830_list_coord.csv.gz
2026-04-10 11:47:49 [DEBUG] ↑ 전라남도_완도군_46890_list_coord.csv.gz
2026-04-10 11:47:49 [DEBUG] ↑ 전라남도_장성군_46880_list_coord.csv.gz
2026-04-10 11:47:49 [DEBUG] ↑ 전라남도_장흥군_46800_list_coord.csv.gz
2026-04-10 11:47:49 [DEBUG] ↑ 전라남도_진도군_46900_list_coord.csv.gz
2026-04-10 11:47:50 [DEBUG] ↑ 전라남도_함평군_46860_list_coord.csv.gz
2026-04-10 11:47:50 [DEBUG] ↑ 전라남도_해남군_46820_list_coord.csv.gz
2026-04-10 11:47:50 [DEBUG] ↑ 전라남도_화순군_46790_list_coord.csv.gz
2026-04-10 11:47:50 [DEBUG] ↑ 전북특별자치도_고창군_52790_list_coord.csv.gz
2026-04-10 11:47:51 [DEBUG] ↑ 전북특별자치도_군산시_52130_list_coord.csv.gz
2026-04-10 11:47:51 [DEBUG] ↑ 전북특별자치도_김제시_52210_list_coord.csv.gz
2026-04-10 11:47:51 [DEBUG] ↑ 전북특별자치도_남원시_52190_list_coord.csv.gz
2026-04-10 11:47:52 [DEBUG] ↑ 전북특별자치도_무주군_52730_list_coord.csv.gz
2026-04-10 11:47:52 [DEBUG] ↑ 전북특별자치도_부안군_52800_list_coord.csv.gz
2026-04-10 11:47:52 [DEBUG] ↑ 전북특별자치도_순창군_52770_list_coord.csv.gz
2026-04-10 11:47:53 [DEBUG] ↑ 전북특별자치도_완주군_52710_list_coord.csv.gz
2026-04-10 11:47:53 [DEBUG] ↑ 전북특별자치도_익산시_52140_list_coord.csv.gz
2026-04-10 11:47:53 [DEBUG] ↑ 전북특별자치도_임실군_52750_list_coord.csv.gz
2026-04-10 11:47:54 [DEBUG] ↑ 전북특별자치도_장수군_52740_list_coord.csv.gz
2026-04-10 11:47:54 [DEBUG] ↑ 전북특별자치도_전주시_덕진구_52113_list_coord.csv.gz
2026-04-10 11:47:54 [DEBUG] ↑ 전북특별자치도_전주시_완산구_52111_list_coord.csv.gz
2026-04-10 11:47:55 [DEBUG] ↑ 전북특별자치도_정읍시_52180_list_coord.csv.gz
2026-04-10 11:47:55 [DEBUG] ↑ 전북특별자치도_진안군_52720_list_coord.csv.gz
2026-04-10 11:47:55 [DEBUG] ↑ 제주특별자치도_서귀포시_50130_list_coord.csv.gz
2026-04-10 11:47:56 [DEBUG] ↑ 제주특별자치도_제주시_50110_list_coord.csv.gz
2026-04-10 11:47:56 [DEBUG] ↑ 충청남도_계룡시_44250_list_coord.csv.gz
2026-04-10 11:47:56 [DEBUG] ↑ 충청남도_공주시_44150_list_coord.csv.gz
2026-04-10 11:47:57 [DEBUG] ↑ 충청남도_금산군_44710_list_coord.csv.gz
2026-04-10 11:47:57 [DEBUG] ↑ 충청남도_논산시_44230_list_coord.csv.gz
2026-04-10 11:47:57 [DEBUG] ↑ 충청남도_당진시_44270_list_coord.csv.gz
2026-04-10 11:47:57 [DEBUG] ↑ 충청남도_보령시_44180_list_coord.csv.gz
2026-04-10 11:47:58 [DEBUG] ↑ 충청남도_부여군_44760_list_coord.csv.gz
2026-04-10 11:47:58 [DEBUG] ↑ 충청남도_서산시_44210_list_coord.csv.gz
2026-04-10 11:47:59 [DEBUG] ↑ 충청남도_서천군_44770_list_coord.csv.gz
2026-04-10 11:47:59 [DEBUG] ↑ 충청남도_아산시_44200_list_coord.csv.gz
2026-04-10 11:47:59 [DEBUG] ↑ 충청남도_예산군_44810_list_coord.csv.gz
2026-04-10 11:47:59 [DEBUG] ↑ 충청남도_천안시_동남구_44131_list_coord.csv.gz
2026-04-10 11:48:00 [DEBUG] ↑ 충청남도_천안시_서북구_44133_list_coord.csv.gz
2026-04-10 11:48:00 [DEBUG] ↑ 충청남도_청양군_44790_list_coord.csv.gz
2026-04-10 11:48:00 [DEBUG] ↑ 충청남도_태안군_44825_list_coord.csv.gz
2026-04-10 11:48:01 [DEBUG] ↑ 충청남도_홍성군_44800_list_coord.csv.gz
2026-04-10 11:48:01 [DEBUG] ↑ 충청북도_괴산군_43760_list_coord.csv.gz
2026-04-10 11:48:01 [DEBUG] ↑ 충청북도_단양군_43800_list_coord.csv.gz
2026-04-10 11:48:01 [DEBUG] ↑ 충청북도_보은군_43720_list_coord.csv.gz
2026-04-10 11:48:02 [DEBUG] ↑ 충청북도_영동군_43740_list_coord.csv.gz
2026-04-10 11:48:02 [DEBUG] ↑ 충청북도_옥천군_43730_list_coord.csv.gz
2026-04-10 11:48:02 [DEBUG] ↑ 충청북도_음성군_43770_list_coord.csv.gz
2026-04-10 11:48:03 [DEBUG] ↑ 충청북도_제천시_43150_list_coord.csv.gz
2026-04-10 11:48:03 [DEBUG] ↑ 충청북도_증평군_43745_list_coord.csv.gz
2026-04-10 11:48:03 [DEBUG] ↑ 충청북도_진천군_43750_list_coord.csv.gz
2026-04-10 11:48:04 [DEBUG] ↑ 충청북도_청주시_상당구_43111_list_coord.csv.gz
2026-04-10 11:48:04 [DEBUG] ↑ 충청북도_청주시_서원구_43112_list_coord.csv.gz
2026-04-10 11:48:04 [DEBUG] ↑ 충청북도_청주시_청원구_43114_list_coord.csv.gz
2026-04-10 11:48:04 [DEBUG] ↑ 충청북도_청주시_흥덕구_43113_list_coord.csv.gz
2026-04-10 11:48:05 [DEBUG] ↑ 충청북도_충주시_43130_list_coord.csv.gz
2026-04-10 11:48:05 [DEBUG] ✅ 업로드 완료  (신규/갱신: 166개 / 건너뜀: 89개)
2026-04-10 11:48:05 [DEBUG] 🎉  완료  │  ① 목록 0회  │  ② 기본정보 0회  │  ③ 카카오 0회  │  ④ R2 업로드 166개
2026-04-10 11:48:05 [INFO] 수집 완료: 완료  │  ① 목록 0회  │  ② 기본정보 0회  │  ③ 카카오 0회  │  ④ R2 업로드 166개
2026-04-10 11:56:11 [INFO] 프로그램 정상 종료
